<?xml version="1.0" encoding="utf-8"?>
<test-run id="2" testcasecount="266" result="Passed" total="266" passed="266" failed="0" inconclusive="0" skipped="0" asserts="0" engine-version="3.5.0.0" clr-version="4.0.30319.42000" start-time="2025-10-01 07:21:57Z" end-time="2025-10-01 07:21:58Z" duration="0.646453">
  <test-suite type="TestSuite" id="1000" name="LogSmith" fullname="LogSmith" runstate="Runnable" testcasecount="266" result="Passed" start-time="2025-10-01 07:21:57Z" end-time="2025-10-01 07:21:58Z" duration="0.646453" total="266" passed="266" failed="0" inconclusive="0" skipped="0" asserts="0">
    <properties>
      <property name="platform" value="EditMode" />
    </properties>
    <test-suite type="Assembly" id="1282" name="IrsikSoftware.LogSmith.Tests.dll" fullname="c:/Code/LogSmith/Library/ScriptAssemblies/IrsikSoftware.LogSmith.Tests.dll" runstate="Runnable" testcasecount="266" result="Passed" start-time="2025-10-01 07:21:57Z" end-time="2025-10-01 07:21:58Z" duration="0.636538" total="266" passed="266" failed="0" inconclusive="0" skipped="0" asserts="0">
      <properties>
        <property name="_PID" value="38740" />
        <property name="_APPDOMAIN" value="Unity Child Domain" />
        <property name="platform" value="EditMode" />
        <property name="EditorOnly" value="True" />
      </properties>
      <test-suite type="TestSuite" id="1283" name="IrsikSoftware" fullname="IrsikSoftware" runstate="Runnable" testcasecount="266" result="Passed" start-time="2025-10-01 07:21:57Z" end-time="2025-10-01 07:21:58Z" duration="0.633160" total="266" passed="266" failed="0" inconclusive="0" skipped="0" asserts="0">
        <properties />
        <test-suite type="TestSuite" id="1284" name="LogSmith" fullname="IrsikSoftware.LogSmith" runstate="Runnable" testcasecount="266" result="Passed" start-time="2025-10-01 07:21:57Z" end-time="2025-10-01 07:21:58Z" duration="0.630022" total="266" passed="266" failed="0" inconclusive="0" skipped="0" asserts="0">
          <properties />
          <test-suite type="TestSuite" id="1285" name="Tests" fullname="IrsikSoftware.LogSmith.Tests" runstate="Runnable" testcasecount="266" result="Passed" start-time="2025-10-01 07:21:57Z" end-time="2025-10-01 07:21:58Z" duration="0.626776" total="266" passed="266" failed="0" inconclusive="0" skipped="0" asserts="0">
            <properties />
            <test-suite type="TestFixture" id="1001" name="CategoryRegistryTests" fullname="IrsikSoftware.LogSmith.Tests.CategoryRegistryTests" classname="IrsikSoftware.LogSmith.Tests.CategoryRegistryTests" runstate="Runnable" testcasecount="17" result="Passed" start-time="2025-10-01 07:21:57Z" end-time="2025-10-01 07:21:57Z" duration="0.043830" total="17" passed="17" failed="0" inconclusive="0" skipped="0" asserts="0">
              <properties />
              <test-case id="1015" name="GetCategories_ReturnsAllRegisteredCategories" fullname="IrsikSoftware.LogSmith.Tests.CategoryRegistryTests.GetCategories_ReturnsAllRegisteredCategories" methodname="GetCategories_ReturnsAllRegisteredCategories" classname="IrsikSoftware.LogSmith.Tests.CategoryRegistryTests" runstate="Runnable" seed="1355206997" result="Passed" start-time="2025-10-01 07:21:57Z" end-time="2025-10-01 07:21:57Z" duration="0.015207" asserts="0">
                <properties>
                  <property name="retryIteration" value="0" />
                  <property name="repeatIteration" value="0" />
                </properties>
              </test-case>
              <test-case id="1012" name="GetColor_ReturnsDefaultForUnregisteredCategory" fullname="IrsikSoftware.LogSmith.Tests.CategoryRegistryTests.GetColor_ReturnsDefaultForUnregisteredCategory" methodname="GetColor_ReturnsDefaultForUnregisteredCategory" classname="IrsikSoftware.LogSmith.Tests.CategoryRegistryTests" runstate="Runnable" seed="1870355465" result="Passed" start-time="2025-10-01 07:21:57Z" end-time="2025-10-01 07:21:57Z" duration="0.001830" asserts="0">
                <properties>
                  <property name="retryIteration" value="0" />
                  <property name="repeatIteration" value="0" />
                </properties>
              </test-case>
              <test-case id="1013" name="GetMetadata_ReturnsCompleteMetadata" fullname="IrsikSoftware.LogSmith.Tests.CategoryRegistryTests.GetMetadata_ReturnsCompleteMetadata" methodname="GetMetadata_ReturnsCompleteMetadata" classname="IrsikSoftware.LogSmith.Tests.CategoryRegistryTests" runstate="Runnable" seed="1676525844" result="Passed" start-time="2025-10-01 07:21:57Z" end-time="2025-10-01 07:21:57Z" duration="0.000761" asserts="0">
                <properties>
                  <property name="retryIteration" value="0" />
                  <property name="repeatIteration" value="0" />
                </properties>
              </test-case>
              <test-case id="1014" name="GetMetadata_ReturnsDefaultForUnregisteredCategory" fullname="IrsikSoftware.LogSmith.Tests.CategoryRegistryTests.GetMetadata_ReturnsDefaultForUnregisteredCategory" methodname="GetMetadata_ReturnsDefaultForUnregisteredCategory" classname="IrsikSoftware.LogSmith.Tests.CategoryRegistryTests" runstate="Runnable" seed="1148037470" result="Passed" start-time="2025-10-01 07:21:57Z" end-time="2025-10-01 07:21:57Z" duration="0.000316" asserts="0">
                <properties>
                  <property name="retryIteration" value="0" />
                  <property name="repeatIteration" value="0" />
                </properties>
              </test-case>
              <test-case id="1008" name="GetMinimumLevel_ReturnsDefaultForUnregisteredCategory" fullname="IrsikSoftware.LogSmith.Tests.CategoryRegistryTests.GetMinimumLevel_ReturnsDefaultForUnregisteredCategory" methodname="GetMinimumLevel_ReturnsDefaultForUnregisteredCategory" classname="IrsikSoftware.LogSmith.Tests.CategoryRegistryTests" runstate="Runnable" seed="1961094022" result="Passed" start-time="2025-10-01 07:21:57Z" end-time="2025-10-01 07:21:57Z" duration="0.000230" asserts="0">
                <properties>
                  <property name="retryIteration" value="0" />
                  <property name="repeatIteration" value="0" />
                </properties>
              </test-case>
              <test-case id="1016" name="HasCategory_ReturnsFalseForNullOrEmpty" fullname="IrsikSoftware.LogSmith.Tests.CategoryRegistryTests.HasCategory_ReturnsFalseForNullOrEmpty" methodname="HasCategory_ReturnsFalseForNullOrEmpty" classname="IrsikSoftware.LogSmith.Tests.CategoryRegistryTests" runstate="Runnable" seed="1786285593" result="Passed" start-time="2025-10-01 07:21:57Z" end-time="2025-10-01 07:21:57Z" duration="0.000215" asserts="0">
                <properties>
                  <property name="retryIteration" value="0" />
                  <property name="repeatIteration" value="0" />
                </properties>
              </test-case>
              <test-case id="1010" name="IsEnabled_ReturnsTrueForUnregisteredCategory" fullname="IrsikSoftware.LogSmith.Tests.CategoryRegistryTests.IsEnabled_ReturnsTrueForUnregisteredCategory" methodname="IsEnabled_ReturnsTrueForUnregisteredCategory" classname="IrsikSoftware.LogSmith.Tests.CategoryRegistryTests" runstate="Runnable" seed="1244586786" result="Passed" start-time="2025-10-01 07:21:57Z" end-time="2025-10-01 07:21:57Z" duration="0.000224" asserts="0">
                <properties>
                  <property name="retryIteration" value="0" />
                  <property name="repeatIteration" value="0" />
                </properties>
              </test-case>
              <test-case id="1002" name="RegisterCategory_SimpleOverload_RegistersWithDefaultSettings" fullname="IrsikSoftware.LogSmith.Tests.CategoryRegistryTests.RegisterCategory_SimpleOverload_RegistersWithDefaultSettings" methodname="RegisterCategory_SimpleOverload_RegistersWithDefaultSettings" classname="IrsikSoftware.LogSmith.Tests.CategoryRegistryTests" runstate="Runnable" seed="1333239281" result="Passed" start-time="2025-10-01 07:21:57Z" end-time="2025-10-01 07:21:57Z" duration="0.000184" asserts="0">
                <properties>
                  <property name="retryIteration" value="0" />
                  <property name="repeatIteration" value="0" />
                </properties>
              </test-case>
              <test-case id="1017" name="RegisterCategory_ThrowsForNullOrEmpty" fullname="IrsikSoftware.LogSmith.Tests.CategoryRegistryTests.RegisterCategory_ThrowsForNullOrEmpty" methodname="RegisterCategory_ThrowsForNullOrEmpty" classname="IrsikSoftware.LogSmith.Tests.CategoryRegistryTests" runstate="Runnable" seed="1341224387" result="Passed" start-time="2025-10-01 07:21:57Z" end-time="2025-10-01 07:21:57Z" duration="0.002144" asserts="0">
                <properties>
                  <property name="retryIteration" value="0" />
                  <property name="repeatIteration" value="0" />
                </properties>
              </test-case>
              <test-case id="1003" name="RegisterCategory_WithMetadata_RegistersAllProperties" fullname="IrsikSoftware.LogSmith.Tests.CategoryRegistryTests.RegisterCategory_WithMetadata_RegistersAllProperties" methodname="RegisterCategory_WithMetadata_RegistersAllProperties" classname="IrsikSoftware.LogSmith.Tests.CategoryRegistryTests" runstate="Runnable" seed="159059813" result="Passed" start-time="2025-10-01 07:21:57Z" end-time="2025-10-01 07:21:57Z" duration="0.000245" asserts="0">
                <properties>
                  <property name="retryIteration" value="0" />
                  <property name="repeatIteration" value="0" />
                </properties>
              </test-case>
              <test-case id="1005" name="RenameCategory_PreservesMetadata" fullname="IrsikSoftware.LogSmith.Tests.CategoryRegistryTests.RenameCategory_PreservesMetadata" methodname="RenameCategory_PreservesMetadata" classname="IrsikSoftware.LogSmith.Tests.CategoryRegistryTests" runstate="Runnable" seed="1718933356" result="Passed" start-time="2025-10-01 07:21:57Z" end-time="2025-10-01 07:21:57Z" duration="0.000623" asserts="0">
                <properties>
                  <property name="retryIteration" value="0" />
                  <property name="repeatIteration" value="0" />
                </properties>
              </test-case>
              <test-case id="1011" name="SetColor_UpdatesColor" fullname="IrsikSoftware.LogSmith.Tests.CategoryRegistryTests.SetColor_UpdatesColor" methodname="SetColor_UpdatesColor" classname="IrsikSoftware.LogSmith.Tests.CategoryRegistryTests" runstate="Runnable" seed="1663912821" result="Passed" start-time="2025-10-01 07:21:57Z" end-time="2025-10-01 07:21:57Z" duration="0.000289" asserts="0">
                <properties>
                  <property name="retryIteration" value="0" />
                  <property name="repeatIteration" value="0" />
                </properties>
              </test-case>
              <test-case id="1009" name="SetEnabled_UpdatesEnabledState" fullname="IrsikSoftware.LogSmith.Tests.CategoryRegistryTests.SetEnabled_UpdatesEnabledState" methodname="SetEnabled_UpdatesEnabledState" classname="IrsikSoftware.LogSmith.Tests.CategoryRegistryTests" runstate="Runnable" seed="2067612446" result="Passed" start-time="2025-10-01 07:21:57Z" end-time="2025-10-01 07:21:57Z" duration="0.000244" asserts="0">
                <properties>
                  <property name="retryIteration" value="0" />
                  <property name="repeatIteration" value="0" />
                </properties>
              </test-case>
              <test-case id="1007" name="SetMinimumLevel_AutoRegistersNewCategory" fullname="IrsikSoftware.LogSmith.Tests.CategoryRegistryTests.SetMinimumLevel_AutoRegistersNewCategory" methodname="SetMinimumLevel_AutoRegistersNewCategory" classname="IrsikSoftware.LogSmith.Tests.CategoryRegistryTests" runstate="Runnable" seed="1011892155" result="Passed" start-time="2025-10-01 07:21:57Z" end-time="2025-10-01 07:21:57Z" duration="0.000286" asserts="0">
                <properties>
                  <property name="retryIteration" value="0" />
                  <property name="repeatIteration" value="0" />
                </properties>
              </test-case>
              <test-case id="1006" name="SetMinimumLevel_UpdatesExistingCategory" fullname="IrsikSoftware.LogSmith.Tests.CategoryRegistryTests.SetMinimumLevel_UpdatesExistingCategory" methodname="SetMinimumLevel_UpdatesExistingCategory" classname="IrsikSoftware.LogSmith.Tests.CategoryRegistryTests" runstate="Runnable" seed="1160506411" result="Passed" start-time="2025-10-01 07:21:57Z" end-time="2025-10-01 07:21:57Z" duration="0.000134" asserts="0">
                <properties>
                  <property name="retryIteration" value="0" />
                  <property name="repeatIteration" value="0" />
                </properties>
              </test-case>
              <test-case id="1018" name="ThreadSafety_ConcurrentAccess_DoesNotThrow" fullname="IrsikSoftware.LogSmith.Tests.CategoryRegistryTests.ThreadSafety_ConcurrentAccess_DoesNotThrow" methodname="ThreadSafety_ConcurrentAccess_DoesNotThrow" classname="IrsikSoftware.LogSmith.Tests.CategoryRegistryTests" runstate="Runnable" seed="792652141" result="Passed" start-time="2025-10-01 07:21:57Z" end-time="2025-10-01 07:21:57Z" duration="0.005966" asserts="0">
                <properties>
                  <property name="retryIteration" value="0" />
                  <property name="repeatIteration" value="0" />
                </properties>
              </test-case>
              <test-case id="1004" name="UnregisterCategory_RemovesCategory" fullname="IrsikSoftware.LogSmith.Tests.CategoryRegistryTests.UnregisterCategory_RemovesCategory" methodname="UnregisterCategory_RemovesCategory" classname="IrsikSoftware.LogSmith.Tests.CategoryRegistryTests" runstate="Runnable" seed="1160308793" result="Passed" start-time="2025-10-01 07:21:57Z" end-time="2025-10-01 07:21:57Z" duration="0.000233" asserts="0">
                <properties>
                  <property name="retryIteration" value="0" />
                  <property name="repeatIteration" value="0" />
                </properties>
              </test-case>
            </test-suite>
            <test-suite type="TestFixture" id="1019" name="LogRouterCategoryIntegrationTests" fullname="IrsikSoftware.LogSmith.Tests.LogRouterCategoryIntegrationTests" classname="IrsikSoftware.LogSmith.Tests.LogRouterCategoryIntegrationTests" runstate="Runnable" testcasecount="9" result="Passed" start-time="2025-10-01 07:21:57Z" end-time="2025-10-01 07:21:57Z" duration="0.007070" total="9" passed="9" failed="0" inconclusive="0" skipped="0" asserts="0">
              <properties />
              <test-case id="1023" name="Route_CategoryFilterTakesPrecedenceOverRegistry" fullname="IrsikSoftware.LogSmith.Tests.LogRouterCategoryIntegrationTests.Route_CategoryFilterTakesPrecedenceOverRegistry" methodname="Route_CategoryFilterTakesPrecedenceOverRegistry" classname="IrsikSoftware.LogSmith.Tests.LogRouterCategoryIntegrationTests" runstate="Runnable" seed="1889489047" result="Passed" start-time="2025-10-01 07:21:57Z" end-time="2025-10-01 07:21:57Z" duration="0.002946" asserts="0">
                <properties>
                  <property name="retryIteration" value="0" />
                  <property name="repeatIteration" value="0" />
                </properties>
              </test-case>
              <test-case id="1020" name="Route_DisabledCategory_FiltersOutMessage" fullname="IrsikSoftware.LogSmith.Tests.LogRouterCategoryIntegrationTests.Route_DisabledCategory_FiltersOutMessage" methodname="Route_DisabledCategory_FiltersOutMessage" classname="IrsikSoftware.LogSmith.Tests.LogRouterCategoryIntegrationTests" runstate="Runnable" seed="391440592" result="Passed" start-time="2025-10-01 07:21:57Z" end-time="2025-10-01 07:21:57Z" duration="0.000231" asserts="0">
                <properties>
                  <property name="retryIteration" value="0" />
                  <property name="repeatIteration" value="0" />
                </properties>
              </test-case>
              <test-case id="1026" name="Route_DynamicallyChangeMinimumLevel_FiltersAccordingly" fullname="IrsikSoftware.LogSmith.Tests.LogRouterCategoryIntegrationTests.Route_DynamicallyChangeMinimumLevel_FiltersAccordingly" methodname="Route_DynamicallyChangeMinimumLevel_FiltersAccordingly" classname="IrsikSoftware.LogSmith.Tests.LogRouterCategoryIntegrationTests" runstate="Runnable" seed="2091806975" result="Passed" start-time="2025-10-01 07:21:57Z" end-time="2025-10-01 07:21:57Z" duration="0.000331" asserts="0">
                <properties>
                  <property name="retryIteration" value="0" />
                  <property name="repeatIteration" value="0" />
                </properties>
              </test-case>
              <test-case id="1025" name="Route_DynamicallyDisableCategory_FiltersSubsequentMessages" fullname="IrsikSoftware.LogSmith.Tests.LogRouterCategoryIntegrationTests.Route_DynamicallyDisableCategory_FiltersSubsequentMessages" methodname="Route_DynamicallyDisableCategory_FiltersSubsequentMessages" classname="IrsikSoftware.LogSmith.Tests.LogRouterCategoryIntegrationTests" runstate="Runnable" seed="1676855098" result="Passed" start-time="2025-10-01 07:21:57Z" end-time="2025-10-01 07:21:57Z" duration="0.000275" asserts="0">
                <properties>
                  <property name="retryIteration" value="0" />
                  <property name="repeatIteration" value="0" />
                </properties>
              </test-case>
              <test-case id="1021" name="Route_EnabledCategory_AllowsMessage" fullname="IrsikSoftware.LogSmith.Tests.LogRouterCategoryIntegrationTests.Route_EnabledCategory_AllowsMessage" methodname="Route_EnabledCategory_AllowsMessage" classname="IrsikSoftware.LogSmith.Tests.LogRouterCategoryIntegrationTests" runstate="Runnable" seed="1233414743" result="Passed" start-time="2025-10-01 07:21:57Z" end-time="2025-10-01 07:21:57Z" duration="0.000223" asserts="0">
                <properties>
                  <property name="retryIteration" value="0" />
                  <property name="repeatIteration" value="0" />
                </properties>
              </test-case>
              <test-case id="1027" name="Route_EnabledStateCheckHappensFirmst_BeforeMinimumLevel" fullname="IrsikSoftware.LogSmith.Tests.LogRouterCategoryIntegrationTests.Route_EnabledStateCheckHappensFirmst_BeforeMinimumLevel" methodname="Route_EnabledStateCheckHappensFirmst_BeforeMinimumLevel" classname="IrsikSoftware.LogSmith.Tests.LogRouterCategoryIntegrationTests" runstate="Runnable" seed="1655097470" result="Passed" start-time="2025-10-01 07:21:57Z" end-time="2025-10-01 07:21:57Z" duration="0.000205" asserts="0">
                <properties>
                  <property name="retryIteration" value="0" />
                  <property name="repeatIteration" value="0" />
                </properties>
              </test-case>
              <test-case id="1022" name="Route_RespectsRegistryMinimumLevel" fullname="IrsikSoftware.LogSmith.Tests.LogRouterCategoryIntegrationTests.Route_RespectsRegistryMinimumLevel" methodname="Route_RespectsRegistryMinimumLevel" classname="IrsikSoftware.LogSmith.Tests.LogRouterCategoryIntegrationTests" runstate="Runnable" seed="1821468303" result="Passed" start-time="2025-10-01 07:21:57Z" end-time="2025-10-01 07:21:57Z" duration="0.000260" asserts="0">
                <properties>
                  <property name="retryIteration" value="0" />
                  <property name="repeatIteration" value="0" />
                </properties>
              </test-case>
              <test-case id="1024" name="Route_UnregisteredCategory_UsesGlobalMinimum" fullname="IrsikSoftware.LogSmith.Tests.LogRouterCategoryIntegrationTests.Route_UnregisteredCategory_UsesGlobalMinimum" methodname="Route_UnregisteredCategory_UsesGlobalMinimum" classname="IrsikSoftware.LogSmith.Tests.LogRouterCategoryIntegrationTests" runstate="Runnable" seed="1126810873" result="Passed" start-time="2025-10-01 07:21:57Z" end-time="2025-10-01 07:21:57Z" duration="0.000298" asserts="0">
                <properties>
                  <property name="retryIteration" value="0" />
                  <property name="repeatIteration" value="0" />
                </properties>
              </test-case>
              <test-case id="1028" name="Route_WithoutCategoryRegistry_WorksNormally" fullname="IrsikSoftware.LogSmith.Tests.LogRouterCategoryIntegrationTests.Route_WithoutCategoryRegistry_WorksNormally" methodname="Route_WithoutCategoryRegistry_WorksNormally" classname="IrsikSoftware.LogSmith.Tests.LogRouterCategoryIntegrationTests" runstate="Runnable" seed="1175393555" result="Passed" start-time="2025-10-01 07:21:57Z" end-time="2025-10-01 07:21:57Z" duration="0.000234" asserts="0">
                <properties>
                  <property name="retryIteration" value="0" />
                  <property name="repeatIteration" value="0" />
                </properties>
              </test-case>
            </test-suite>
            <test-suite type="TestFixture" id="1029" name="LogRouterTests" fullname="IrsikSoftware.LogSmith.Tests.LogRouterTests" classname="IrsikSoftware.LogSmith.Tests.LogRouterTests" runstate="Runnable" testcasecount="27" result="Passed" start-time="2025-10-01 07:21:57Z" end-time="2025-10-01 07:21:57Z" duration="0.025046" total="27" passed="27" failed="0" inconclusive="0" skipped="0" asserts="0">
              <properties />
              <test-case id="1045" name="ClearCategoryFilter_NullOrEmpty_DoesNotThrow" fullname="IrsikSoftware.LogSmith.Tests.LogRouterTests.ClearCategoryFilter_NullOrEmpty_DoesNotThrow" methodname="ClearCategoryFilter_NullOrEmpty_DoesNotThrow" classname="IrsikSoftware.LogSmith.Tests.LogRouterTests" runstate="Runnable" seed="291145515" result="Passed" start-time="2025-10-01 07:21:57Z" end-time="2025-10-01 07:21:57Z" duration="0.001064" asserts="0">
                <properties>
                  <property name="retryIteration" value="0" />
                  <property name="repeatIteration" value="0" />
                </properties>
              </test-case>
              <test-case id="1044" name="ClearCategoryFilter_RemovesFilter" fullname="IrsikSoftware.LogSmith.Tests.LogRouterTests.ClearCategoryFilter_RemovesFilter" methodname="ClearCategoryFilter_RemovesFilter" classname="IrsikSoftware.LogSmith.Tests.LogRouterTests" runstate="Runnable" seed="563369466" result="Passed" start-time="2025-10-01 07:21:57Z" end-time="2025-10-01 07:21:57Z" duration="0.000727" asserts="0">
                <properties>
                  <property name="retryIteration" value="0" />
                  <property name="repeatIteration" value="0" />
                </properties>
              </test-case>
              <test-case id="1030" name="RegisterSink_AddsSinkToRouter" fullname="IrsikSoftware.LogSmith.Tests.LogRouterTests.RegisterSink_AddsSinkToRouter" methodname="RegisterSink_AddsSinkToRouter" classname="IrsikSoftware.LogSmith.Tests.LogRouterTests" runstate="Runnable" seed="227711814" result="Passed" start-time="2025-10-01 07:21:57Z" end-time="2025-10-01 07:21:57Z" duration="0.000174" asserts="0">
                <properties>
                  <property name="retryIteration" value="0" />
                  <property name="repeatIteration" value="0" />
                </properties>
              </test-case>
              <test-case id="1032" name="RegisterSink_SameSinkTwice_OnlyAddsOnce" fullname="IrsikSoftware.LogSmith.Tests.LogRouterTests.RegisterSink_SameSinkTwice_OnlyAddsOnce" methodname="RegisterSink_SameSinkTwice_OnlyAddsOnce" classname="IrsikSoftware.LogSmith.Tests.LogRouterTests" runstate="Runnable" seed="349303388" result="Passed" start-time="2025-10-01 07:21:57Z" end-time="2025-10-01 07:21:57Z" duration="0.000226" asserts="0">
                <properties>
                  <property name="retryIteration" value="0" />
                  <property name="repeatIteration" value="0" />
                </properties>
              </test-case>
              <test-case id="1031" name="RegisterSink_ThrowsOnNull" fullname="IrsikSoftware.LogSmith.Tests.LogRouterTests.RegisterSink_ThrowsOnNull" methodname="RegisterSink_ThrowsOnNull" classname="IrsikSoftware.LogSmith.Tests.LogRouterTests" runstate="Runnable" seed="1224301447" result="Passed" start-time="2025-10-01 07:21:57Z" end-time="2025-10-01 07:21:57Z" duration="0.000184" asserts="0">
                <properties>
                  <property name="retryIteration" value="0" />
                  <property name="repeatIteration" value="0" />
                </properties>
              </test-case>
              <test-case id="1037" name="Route_MultipleSinks_PreservesRegistrationOrder" fullname="IrsikSoftware.LogSmith.Tests.LogRouterTests.Route_MultipleSinks_PreservesRegistrationOrder" methodname="Route_MultipleSinks_PreservesRegistrationOrder" classname="IrsikSoftware.LogSmith.Tests.LogRouterTests" runstate="Runnable" seed="1230224079" result="Passed" start-time="2025-10-01 07:21:57Z" end-time="2025-10-01 07:21:57Z" duration="0.000360" asserts="0">
                <properties>
                  <property name="retryIteration" value="0" />
                  <property name="repeatIteration" value="0" />
                </properties>
              </test-case>
              <test-case id="1036" name="Route_MultipleSinks_RoutesToAll" fullname="IrsikSoftware.LogSmith.Tests.LogRouterTests.Route_MultipleSinks_RoutesToAll" methodname="Route_MultipleSinks_RoutesToAll" classname="IrsikSoftware.LogSmith.Tests.LogRouterTests" runstate="Runnable" seed="866642717" result="Passed" start-time="2025-10-01 07:21:57Z" end-time="2025-10-01 07:21:57Z" duration="0.000288" asserts="0">
                <properties>
                  <property name="retryIteration" value="0" />
                  <property name="repeatIteration" value="0" />
                </properties>
              </test-case>
              <test-case id="1053" name="Route_NoSinksRegistered_DoesNotThrow" fullname="IrsikSoftware.LogSmith.Tests.LogRouterTests.Route_NoSinksRegistered_DoesNotThrow" methodname="Route_NoSinksRegistered_DoesNotThrow" classname="IrsikSoftware.LogSmith.Tests.LogRouterTests" runstate="Runnable" seed="897176739" result="Passed" start-time="2025-10-01 07:21:57Z" end-time="2025-10-01 07:21:57Z" duration="0.000243" asserts="0">
                <properties>
                  <property name="retryIteration" value="0" />
                  <property name="repeatIteration" value="0" />
                </properties>
              </test-case>
              <test-case id="1054" name="Route_NoSubscribers_DoesNotThrow" fullname="IrsikSoftware.LogSmith.Tests.LogRouterTests.Route_NoSubscribers_DoesNotThrow" methodname="Route_NoSubscribers_DoesNotThrow" classname="IrsikSoftware.LogSmith.Tests.LogRouterTests" runstate="Runnable" seed="560320314" result="Passed" start-time="2025-10-01 07:21:57Z" end-time="2025-10-01 07:21:57Z" duration="0.000239" asserts="0">
                <properties>
                  <property name="retryIteration" value="0" />
                  <property name="repeatIteration" value="0" />
                </properties>
              </test-case>
              <test-case id="1038" name="Route_OneSinkFails_OtherSinksStillReceiveMessages" fullname="IrsikSoftware.LogSmith.Tests.LogRouterTests.Route_OneSinkFails_OtherSinksStillReceiveMessages" methodname="Route_OneSinkFails_OtherSinksStillReceiveMessages" classname="IrsikSoftware.LogSmith.Tests.LogRouterTests" runstate="Runnable" seed="1050980173" result="Passed" start-time="2025-10-01 07:21:57Z" end-time="2025-10-01 07:21:57Z" duration="0.002644" asserts="0">
                <properties>
                  <property name="retryIteration" value="0" />
                  <property name="repeatIteration" value="0" />
                </properties>
                <output><![CDATA[[LogSmith] Sink 'FailingSink' failed: FailingSink intentionally failed
]]></output>
              </test-case>
              <test-case id="1043" name="SetCategoryFilter_DifferentCategories_IndependentFiltering" fullname="IrsikSoftware.LogSmith.Tests.LogRouterTests.SetCategoryFilter_DifferentCategories_IndependentFiltering" methodname="SetCategoryFilter_DifferentCategories_IndependentFiltering" classname="IrsikSoftware.LogSmith.Tests.LogRouterTests" runstate="Runnable" seed="342733370" result="Passed" start-time="2025-10-01 07:21:57Z" end-time="2025-10-01 07:21:57Z" duration="0.000299" asserts="0">
                <properties>
                  <property name="retryIteration" value="0" />
                  <property name="repeatIteration" value="0" />
                </properties>
              </test-case>
              <test-case id="1041" name="SetCategoryFilter_FiltersSpecificCategory" fullname="IrsikSoftware.LogSmith.Tests.LogRouterTests.SetCategoryFilter_FiltersSpecificCategory" methodname="SetCategoryFilter_FiltersSpecificCategory" classname="IrsikSoftware.LogSmith.Tests.LogRouterTests" runstate="Runnable" seed="278654341" result="Passed" start-time="2025-10-01 07:21:57Z" end-time="2025-10-01 07:21:57Z" duration="0.000211" asserts="0">
                <properties>
                  <property name="retryIteration" value="0" />
                  <property name="repeatIteration" value="0" />
                </properties>
              </test-case>
              <test-case id="1042" name="SetCategoryFilter_ThrowsOnNullCategory" fullname="IrsikSoftware.LogSmith.Tests.LogRouterTests.SetCategoryFilter_ThrowsOnNullCategory" methodname="SetCategoryFilter_ThrowsOnNullCategory" classname="IrsikSoftware.LogSmith.Tests.LogRouterTests" runstate="Runnable" seed="1335474836" result="Passed" start-time="2025-10-01 07:21:57Z" end-time="2025-10-01 07:21:57Z" duration="0.000245" asserts="0">
                <properties>
                  <property name="retryIteration" value="0" />
                  <property name="repeatIteration" value="0" />
                </properties>
              </test-case>
              <test-case id="1040" name="SetGlobalMinimumLevel_DefaultIsTrace_AllowsAllLevels" fullname="IrsikSoftware.LogSmith.Tests.LogRouterTests.SetGlobalMinimumLevel_DefaultIsTrace_AllowsAllLevels" methodname="SetGlobalMinimumLevel_DefaultIsTrace_AllowsAllLevels" classname="IrsikSoftware.LogSmith.Tests.LogRouterTests" runstate="Runnable" seed="506269630" result="Passed" start-time="2025-10-01 07:21:57Z" end-time="2025-10-01 07:21:57Z" duration="0.000198" asserts="0">
                <properties>
                  <property name="retryIteration" value="0" />
                  <property name="repeatIteration" value="0" />
                </properties>
              </test-case>
              <test-case id="1039" name="SetGlobalMinimumLevel_FiltersLowerLevels" fullname="IrsikSoftware.LogSmith.Tests.LogRouterTests.SetGlobalMinimumLevel_FiltersLowerLevels" methodname="SetGlobalMinimumLevel_FiltersLowerLevels" classname="IrsikSoftware.LogSmith.Tests.LogRouterTests" runstate="Runnable" seed="1638504041" result="Passed" start-time="2025-10-01 07:21:57Z" end-time="2025-10-01 07:21:57Z" duration="0.000250" asserts="0">
                <properties>
                  <property name="retryIteration" value="0" />
                  <property name="repeatIteration" value="0" />
                </properties>
              </test-case>
              <test-case id="1049" name="Subscribe_Dispose_StopsReceivingMessages" fullname="IrsikSoftware.LogSmith.Tests.LogRouterTests.Subscribe_Dispose_StopsReceivingMessages" methodname="Subscribe_Dispose_StopsReceivingMessages" classname="IrsikSoftware.LogSmith.Tests.LogRouterTests" runstate="Runnable" seed="375289907" result="Passed" start-time="2025-10-01 07:21:57Z" end-time="2025-10-01 07:21:57Z" duration="0.000659" asserts="0">
                <properties>
                  <property name="retryIteration" value="0" />
                  <property name="repeatIteration" value="0" />
                </properties>
              </test-case>
              <test-case id="1050" name="Subscribe_DisposeMultipleTimes_DoesNotThrow" fullname="IrsikSoftware.LogSmith.Tests.LogRouterTests.Subscribe_DisposeMultipleTimes_DoesNotThrow" methodname="Subscribe_DisposeMultipleTimes_DoesNotThrow" classname="IrsikSoftware.LogSmith.Tests.LogRouterTests" runstate="Runnable" seed="2104421475" result="Passed" start-time="2025-10-01 07:21:57Z" end-time="2025-10-01 07:21:57Z" duration="0.000230" asserts="0">
                <properties>
                  <property name="retryIteration" value="0" />
                  <property name="repeatIteration" value="0" />
                </properties>
              </test-case>
              <test-case id="1051" name="Subscribe_FailingSubscriber_DoesNotBlockOthers" fullname="IrsikSoftware.LogSmith.Tests.LogRouterTests.Subscribe_FailingSubscriber_DoesNotBlockOthers" methodname="Subscribe_FailingSubscriber_DoesNotBlockOthers" classname="IrsikSoftware.LogSmith.Tests.LogRouterTests" runstate="Runnable" seed="1874685174" result="Passed" start-time="2025-10-01 07:21:57Z" end-time="2025-10-01 07:21:57Z" duration="0.001197" asserts="0">
                <properties>
                  <property name="retryIteration" value="0" />
                  <property name="repeatIteration" value="0" />
                </properties>
                <output><![CDATA[[LogSmith] Subscriber failed: Subscriber failure
]]></output>
              </test-case>
              <test-case id="1052" name="Subscribe_FilteredMessage_SubscriberDoesNotReceive" fullname="IrsikSoftware.LogSmith.Tests.LogRouterTests.Subscribe_FilteredMessage_SubscriberDoesNotReceive" methodname="Subscribe_FilteredMessage_SubscriberDoesNotReceive" classname="IrsikSoftware.LogSmith.Tests.LogRouterTests" runstate="Runnable" seed="693804173" result="Passed" start-time="2025-10-01 07:21:57Z" end-time="2025-10-01 07:21:57Z" duration="0.000357" asserts="0">
                <properties>
                  <property name="retryIteration" value="0" />
                  <property name="repeatIteration" value="0" />
                </properties>
              </test-case>
              <test-case id="1048" name="Subscribe_MultipleSubscribers_AllReceiveMessages" fullname="IrsikSoftware.LogSmith.Tests.LogRouterTests.Subscribe_MultipleSubscribers_AllReceiveMessages" methodname="Subscribe_MultipleSubscribers_AllReceiveMessages" classname="IrsikSoftware.LogSmith.Tests.LogRouterTests" runstate="Runnable" seed="2140798422" result="Passed" start-time="2025-10-01 07:21:57Z" end-time="2025-10-01 07:21:57Z" duration="0.000511" asserts="0">
                <properties>
                  <property name="retryIteration" value="0" />
                  <property name="repeatIteration" value="0" />
                </properties>
              </test-case>
              <test-case id="1046" name="Subscribe_ReceivesMessages" fullname="IrsikSoftware.LogSmith.Tests.LogRouterTests.Subscribe_ReceivesMessages" methodname="Subscribe_ReceivesMessages" classname="IrsikSoftware.LogSmith.Tests.LogRouterTests" runstate="Runnable" seed="1051161958" result="Passed" start-time="2025-10-01 07:21:57Z" end-time="2025-10-01 07:21:57Z" duration="0.000338" asserts="0">
                <properties>
                  <property name="retryIteration" value="0" />
                  <property name="repeatIteration" value="0" />
                </properties>
              </test-case>
              <test-case id="1047" name="Subscribe_ThrowsOnNullHandler" fullname="IrsikSoftware.LogSmith.Tests.LogRouterTests.Subscribe_ThrowsOnNullHandler" methodname="Subscribe_ThrowsOnNullHandler" classname="IrsikSoftware.LogSmith.Tests.LogRouterTests" runstate="Runnable" seed="326337755" result="Passed" start-time="2025-10-01 07:21:57Z" end-time="2025-10-01 07:21:57Z" duration="0.000191" asserts="0">
                <properties>
                  <property name="retryIteration" value="0" />
                  <property name="repeatIteration" value="0" />
                </properties>
              </test-case>
              <test-case id="1055" name="ThreadSafety_ConcurrentRouting_AllMessagesProcessed" fullname="IrsikSoftware.LogSmith.Tests.LogRouterTests.ThreadSafety_ConcurrentRouting_AllMessagesProcessed" methodname="ThreadSafety_ConcurrentRouting_AllMessagesProcessed" classname="IrsikSoftware.LogSmith.Tests.LogRouterTests" runstate="Runnable" seed="2043426664" result="Passed" start-time="2025-10-01 07:21:57Z" end-time="2025-10-01 07:21:57Z" duration="0.002456" asserts="0">
                <properties>
                  <property name="retryIteration" value="0" />
                  <property name="repeatIteration" value="0" />
                </properties>
              </test-case>
              <test-case id="1056" name="ThreadSafety_ConcurrentSinkRegistration_DoesNotThrow" fullname="IrsikSoftware.LogSmith.Tests.LogRouterTests.ThreadSafety_ConcurrentSinkRegistration_DoesNotThrow" methodname="ThreadSafety_ConcurrentSinkRegistration_DoesNotThrow" classname="IrsikSoftware.LogSmith.Tests.LogRouterTests" runstate="Runnable" seed="1454893439" result="Passed" start-time="2025-10-01 07:21:57Z" end-time="2025-10-01 07:21:57Z" duration="0.005050" asserts="0">
                <properties>
                  <property name="retryIteration" value="0" />
                  <property name="repeatIteration" value="0" />
                </properties>
                <reason>
                  <message><![CDATA[]]></message>
                </reason>
              </test-case>
              <test-case id="1035" name="UnregisterSink_NonExistentSink_DoesNotThrow" fullname="IrsikSoftware.LogSmith.Tests.LogRouterTests.UnregisterSink_NonExistentSink_DoesNotThrow" methodname="UnregisterSink_NonExistentSink_DoesNotThrow" classname="IrsikSoftware.LogSmith.Tests.LogRouterTests" runstate="Runnable" seed="898633549" result="Passed" start-time="2025-10-01 07:21:57Z" end-time="2025-10-01 07:21:57Z" duration="0.000166" asserts="0">
                <properties>
                  <property name="retryIteration" value="0" />
                  <property name="repeatIteration" value="0" />
                </properties>
              </test-case>
              <test-case id="1033" name="UnregisterSink_RemovesSink" fullname="IrsikSoftware.LogSmith.Tests.LogRouterTests.UnregisterSink_RemovesSink" methodname="UnregisterSink_RemovesSink" classname="IrsikSoftware.LogSmith.Tests.LogRouterTests" runstate="Runnable" seed="1291951190" result="Passed" start-time="2025-10-01 07:21:57Z" end-time="2025-10-01 07:21:57Z" duration="0.000183" asserts="0">
                <properties>
                  <property name="retryIteration" value="0" />
                  <property name="repeatIteration" value="0" />
                </properties>
              </test-case>
              <test-case id="1034" name="UnregisterSink_ThrowsOnNull" fullname="IrsikSoftware.LogSmith.Tests.LogRouterTests.UnregisterSink_ThrowsOnNull" methodname="UnregisterSink_ThrowsOnNull" classname="IrsikSoftware.LogSmith.Tests.LogRouterTests" runstate="Runnable" seed="734397003" result="Passed" start-time="2025-10-01 07:21:57Z" end-time="2025-10-01 07:21:57Z" duration="0.000185" asserts="0">
                <properties>
                  <property name="retryIteration" value="0" />
                  <property name="repeatIteration" value="0" />
                </properties>
              </test-case>
            </test-suite>
            <test-suite type="TestFixture" id="1057" name="MessageTemplateEnginePerformanceTests" fullname="IrsikSoftware.LogSmith.Tests.MessageTemplateEnginePerformanceTests" classname="IrsikSoftware.LogSmith.Tests.MessageTemplateEnginePerformanceTests" runstate="Runnable" testcasecount="12" result="Passed" start-time="2025-10-01 07:21:57Z" end-time="2025-10-01 07:21:58Z" duration="0.183352" total="12" passed="12" failed="0" inconclusive="0" skipped="0" asserts="0">
              <properties />
              <test-case id="1068" name="Format_AlternatingFormats_CompletesUnder2Milliseconds" fullname="IrsikSoftware.LogSmith.Tests.MessageTemplateEnginePerformanceTests.Format_AlternatingFormats_CompletesUnder2Milliseconds" methodname="Format_AlternatingFormats_CompletesUnder2Milliseconds" classname="IrsikSoftware.LogSmith.Tests.MessageTemplateEnginePerformanceTests" runstate="Runnable" seed="713083816" result="Passed" start-time="2025-10-01 07:21:57Z" end-time="2025-10-01 07:21:57Z" duration="0.008480" asserts="0">
                <properties>
                  <property name="retryIteration" value="0" />
                  <property name="repeatIteration" value="0" />
                </properties>
              </test-case>
              <test-case id="1059" name="Format_ComplexTemplate_CompletesUnder2Milliseconds" fullname="IrsikSoftware.LogSmith.Tests.MessageTemplateEnginePerformanceTests.Format_ComplexTemplate_CompletesUnder2Milliseconds" methodname="Format_ComplexTemplate_CompletesUnder2Milliseconds" classname="IrsikSoftware.LogSmith.Tests.MessageTemplateEnginePerformanceTests" runstate="Runnable" seed="308197717" result="Passed" start-time="2025-10-01 07:21:57Z" end-time="2025-10-01 07:21:58Z" duration="0.025430" asserts="0">
                <properties>
                  <property name="retryIteration" value="0" />
                  <property name="repeatIteration" value="0" />
                </properties>
              </test-case>
              <test-case id="1064" name="Format_ConcurrentAccess_MaintainsPerformance" fullname="IrsikSoftware.LogSmith.Tests.MessageTemplateEnginePerformanceTests.Format_ConcurrentAccess_MaintainsPerformance" methodname="Format_ConcurrentAccess_MaintainsPerformance" classname="IrsikSoftware.LogSmith.Tests.MessageTemplateEnginePerformanceTests" runstate="Runnable" seed="1426341394" result="Passed" start-time="2025-10-01 07:21:58Z" end-time="2025-10-01 07:21:58Z" duration="0.069383" asserts="0">
                <properties>
                  <property name="retryIteration" value="0" />
                  <property name="repeatIteration" value="0" />
                </properties>
              </test-case>
              <test-case id="1060" name="Format_JsonFormat_CompletesUnder2Milliseconds" fullname="IrsikSoftware.LogSmith.Tests.MessageTemplateEnginePerformanceTests.Format_JsonFormat_CompletesUnder2Milliseconds" methodname="Format_JsonFormat_CompletesUnder2Milliseconds" classname="IrsikSoftware.LogSmith.Tests.MessageTemplateEnginePerformanceTests" runstate="Runnable" seed="644062836" result="Passed" start-time="2025-10-01 07:21:58Z" end-time="2025-10-01 07:21:58Z" duration="0.009281" asserts="0">
                <properties>
                  <property name="retryIteration" value="0" />
                  <property name="repeatIteration" value="0" />
                </properties>
              </test-case>
              <test-case id="1066" name="Format_JsonWithLargeContext_CompletesUnder3Milliseconds" fullname="IrsikSoftware.LogSmith.Tests.MessageTemplateEnginePerformanceTests.Format_JsonWithLargeContext_CompletesUnder3Milliseconds" methodname="Format_JsonWithLargeContext_CompletesUnder3Milliseconds" classname="IrsikSoftware.LogSmith.Tests.MessageTemplateEnginePerformanceTests" runstate="Runnable" seed="1865216358" result="Passed" start-time="2025-10-01 07:21:58Z" end-time="2025-10-01 07:21:58Z" duration="0.026122" asserts="0">
                <properties>
                  <property name="retryIteration" value="0" />
                  <property name="repeatIteration" value="0" />
                </properties>
              </test-case>
              <test-case id="1065" name="Format_LargeContext_CompletesUnder2Milliseconds" fullname="IrsikSoftware.LogSmith.Tests.MessageTemplateEnginePerformanceTests.Format_LargeContext_CompletesUnder2Milliseconds" methodname="Format_LargeContext_CompletesUnder2Milliseconds" classname="IrsikSoftware.LogSmith.Tests.MessageTemplateEnginePerformanceTests" runstate="Runnable" seed="1515267976" result="Passed" start-time="2025-10-01 07:21:58Z" end-time="2025-10-01 07:21:58Z" duration="0.006471" asserts="0">
                <properties>
                  <property name="retryIteration" value="0" />
                  <property name="repeatIteration" value="0" />
                </properties>
              </test-case>
              <test-case id="1062" name="Format_MalformedTokens_DoesNotDegradePerformance" fullname="IrsikSoftware.LogSmith.Tests.MessageTemplateEnginePerformanceTests.Format_MalformedTokens_DoesNotDegradePerformance" methodname="Format_MalformedTokens_DoesNotDegradePerformance" classname="IrsikSoftware.LogSmith.Tests.MessageTemplateEnginePerformanceTests" runstate="Runnable" seed="519003548" result="Passed" start-time="2025-10-01 07:21:58Z" end-time="2025-10-01 07:21:58Z" duration="0.006297" asserts="0">
                <properties>
                  <property name="retryIteration" value="0" />
                  <property name="repeatIteration" value="0" />
                </properties>
              </test-case>
              <test-case id="1069" name="Format_NoContext_FasterThanWithContext" fullname="IrsikSoftware.LogSmith.Tests.MessageTemplateEnginePerformanceTests.Format_NoContext_FasterThanWithContext" methodname="Format_NoContext_FasterThanWithContext" classname="IrsikSoftware.LogSmith.Tests.MessageTemplateEnginePerformanceTests" runstate="Runnable" seed="157245480" result="Passed" start-time="2025-10-01 07:21:58Z" end-time="2025-10-01 07:21:58Z" duration="0.015036" asserts="0">
                <properties>
                  <property name="retryIteration" value="0" />
                  <property name="repeatIteration" value="0" />
                </properties>
              </test-case>
              <test-case id="1058" name="Format_SimpleTemplate_CompletesUnder1Millisecond" fullname="IrsikSoftware.LogSmith.Tests.MessageTemplateEnginePerformanceTests.Format_SimpleTemplate_CompletesUnder1Millisecond" methodname="Format_SimpleTemplate_CompletesUnder1Millisecond" classname="IrsikSoftware.LogSmith.Tests.MessageTemplateEnginePerformanceTests" runstate="Runnable" seed="935610331" result="Passed" start-time="2025-10-01 07:21:58Z" end-time="2025-10-01 07:21:58Z" duration="0.006566" asserts="0">
                <properties>
                  <property name="retryIteration" value="0" />
                  <property name="repeatIteration" value="0" />
                </properties>
              </test-case>
              <test-case id="1061" name="Format_WithContextTokens_CompletesUnder1Millisecond" fullname="IrsikSoftware.LogSmith.Tests.MessageTemplateEnginePerformanceTests.Format_WithContextTokens_CompletesUnder1Millisecond" methodname="Format_WithContextTokens_CompletesUnder1Millisecond" classname="IrsikSoftware.LogSmith.Tests.MessageTemplateEnginePerformanceTests" runstate="Runnable" seed="1139331137" result="Passed" start-time="2025-10-01 07:21:58Z" end-time="2025-10-01 07:21:58Z" duration="0.006050" asserts="0">
                <properties>
                  <property name="retryIteration" value="0" />
                  <property name="repeatIteration" value="0" />
                </properties>
              </test-case>
              <test-case id="1067" name="GetCategoryTemplate_RetrieveTemplate_CompletesUnder50Microseconds" fullname="IrsikSoftware.LogSmith.Tests.MessageTemplateEnginePerformanceTests.GetCategoryTemplate_RetrieveTemplate_CompletesUnder50Microseconds" methodname="GetCategoryTemplate_RetrieveTemplate_CompletesUnder50Microseconds" classname="IrsikSoftware.LogSmith.Tests.MessageTemplateEnginePerformanceTests" runstate="Runnable" seed="170986468" result="Passed" start-time="2025-10-01 07:21:58Z" end-time="2025-10-01 07:21:58Z" duration="0.000877" asserts="0">
                <properties>
                  <property name="retryIteration" value="0" />
                  <property name="repeatIteration" value="0" />
                </properties>
              </test-case>
              <test-case id="1063" name="SetCategoryTemplate_UpdateTemplate_CompletesUnder100Microseconds" fullname="IrsikSoftware.LogSmith.Tests.MessageTemplateEnginePerformanceTests.SetCategoryTemplate_UpdateTemplate_CompletesUnder100Microseconds" methodname="SetCategoryTemplate_UpdateTemplate_CompletesUnder100Microseconds" classname="IrsikSoftware.LogSmith.Tests.MessageTemplateEnginePerformanceTests" runstate="Runnable" seed="2119787068" result="Passed" start-time="2025-10-01 07:21:58Z" end-time="2025-10-01 07:21:58Z" duration="0.000812" asserts="0">
                <properties>
                  <property name="retryIteration" value="0" />
                  <property name="repeatIteration" value="0" />
                </properties>
              </test-case>
            </test-suite>
            <test-suite type="TestFixture" id="1070" name="MessageTemplateEngineTests" fullname="IrsikSoftware.LogSmith.Tests.MessageTemplateEngineTests" classname="IrsikSoftware.LogSmith.Tests.MessageTemplateEngineTests" runstate="Runnable" testcasecount="22" result="Passed" start-time="2025-10-01 07:21:58Z" end-time="2025-10-01 07:21:58Z" duration="0.009455" total="22" passed="22" failed="0" inconclusive="0" skipped="0" asserts="0">
              <properties />
              <test-case id="1071" name="Format_AllStandardTokens_ReplacedCorrectly" fullname="IrsikSoftware.LogSmith.Tests.MessageTemplateEngineTests.Format_AllStandardTokens_ReplacedCorrectly" methodname="Format_AllStandardTokens_ReplacedCorrectly" classname="IrsikSoftware.LogSmith.Tests.MessageTemplateEngineTests" runstate="Runnable" seed="2007222436" result="Passed" start-time="2025-10-01 07:21:58Z" end-time="2025-10-01 07:21:58Z" duration="0.000366" asserts="0">
                <properties>
                  <property name="retryIteration" value="0" />
                  <property name="repeatIteration" value="0" />
                </properties>
              </test-case>
              <test-case id="1081" name="Format_CaseSensitiveTokens_HandledCorrectly" fullname="IrsikSoftware.LogSmith.Tests.MessageTemplateEngineTests.Format_CaseSensitiveTokens_HandledCorrectly" methodname="Format_CaseSensitiveTokens_HandledCorrectly" classname="IrsikSoftware.LogSmith.Tests.MessageTemplateEngineTests" runstate="Runnable" seed="1317994088" result="Passed" start-time="2025-10-01 07:21:58Z" end-time="2025-10-01 07:21:58Z" duration="0.000162" asserts="0">
                <properties>
                  <property name="retryIteration" value="0" />
                  <property name="repeatIteration" value="0" />
                </properties>
              </test-case>
              <test-case id="1091" name="Format_ComplexTemplate_AllTokensReplaced" fullname="IrsikSoftware.LogSmith.Tests.MessageTemplateEngineTests.Format_ComplexTemplate_AllTokensReplaced" methodname="Format_ComplexTemplate_AllTokensReplaced" classname="IrsikSoftware.LogSmith.Tests.MessageTemplateEngineTests" runstate="Runnable" seed="1462088953" result="Passed" start-time="2025-10-01 07:21:58Z" end-time="2025-10-01 07:21:58Z" duration="0.000159" asserts="0">
                <properties>
                  <property name="retryIteration" value="0" />
                  <property name="repeatIteration" value="0" />
                </properties>
              </test-case>
              <test-case id="1077" name="Format_ContextKeyAsToken_ResolvesFromDictionary" fullname="IrsikSoftware.LogSmith.Tests.MessageTemplateEngineTests.Format_ContextKeyAsToken_ResolvesFromDictionary" methodname="Format_ContextKeyAsToken_ResolvesFromDictionary" classname="IrsikSoftware.LogSmith.Tests.MessageTemplateEngineTests" runstate="Runnable" seed="1256033561" result="Passed" start-time="2025-10-01 07:21:58Z" end-time="2025-10-01 07:21:58Z" duration="0.000148" asserts="0">
                <properties>
                  <property name="retryIteration" value="0" />
                  <property name="repeatIteration" value="0" />
                </properties>
              </test-case>
              <test-case id="1076" name="Format_ContextToken_FormatsAllKeyValuePairs" fullname="IrsikSoftware.LogSmith.Tests.MessageTemplateEngineTests.Format_ContextToken_FormatsAllKeyValuePairs" methodname="Format_ContextToken_FormatsAllKeyValuePairs" classname="IrsikSoftware.LogSmith.Tests.MessageTemplateEngineTests" runstate="Runnable" seed="484651177" result="Passed" start-time="2025-10-01 07:21:58Z" end-time="2025-10-01 07:21:58Z" duration="0.000620" asserts="0">
                <properties>
                  <property name="retryIteration" value="0" />
                  <property name="repeatIteration" value="0" />
                </properties>
              </test-case>
              <test-case id="1084" name="Format_JsonEscaping_HandlesSpecialCharacters" fullname="IrsikSoftware.LogSmith.Tests.MessageTemplateEngineTests.Format_JsonEscaping_HandlesSpecialCharacters" methodname="Format_JsonEscaping_HandlesSpecialCharacters" classname="IrsikSoftware.LogSmith.Tests.MessageTemplateEngineTests" runstate="Runnable" seed="1029575952" result="Passed" start-time="2025-10-01 07:21:58Z" end-time="2025-10-01 07:21:58Z" duration="0.000202" asserts="0">
                <properties>
                  <property name="retryIteration" value="0" />
                  <property name="repeatIteration" value="0" />
                </properties>
              </test-case>
              <test-case id="1082" name="Format_JsonFormat_ProducesValidJson" fullname="IrsikSoftware.LogSmith.Tests.MessageTemplateEngineTests.Format_JsonFormat_ProducesValidJson" methodname="Format_JsonFormat_ProducesValidJson" classname="IrsikSoftware.LogSmith.Tests.MessageTemplateEngineTests" runstate="Runnable" seed="1761693746" result="Passed" start-time="2025-10-01 07:21:58Z" end-time="2025-10-01 07:21:58Z" duration="0.000187" asserts="0">
                <properties>
                  <property name="retryIteration" value="0" />
                  <property name="repeatIteration" value="0" />
                </properties>
              </test-case>
              <test-case id="1083" name="Format_JsonWithContext_IncludesContextObject" fullname="IrsikSoftware.LogSmith.Tests.MessageTemplateEngineTests.Format_JsonWithContext_IncludesContextObject" methodname="Format_JsonWithContext_IncludesContextObject" classname="IrsikSoftware.LogSmith.Tests.MessageTemplateEngineTests" runstate="Runnable" seed="1078022239" result="Passed" start-time="2025-10-01 07:21:58Z" end-time="2025-10-01 07:21:58Z" duration="0.000164" asserts="0">
                <properties>
                  <property name="retryIteration" value="0" />
                  <property name="repeatIteration" value="0" />
                </properties>
              </test-case>
              <test-case id="1078" name="Format_MalformedToken_ReturnsTokenAsIs" fullname="IrsikSoftware.LogSmith.Tests.MessageTemplateEngineTests.Format_MalformedToken_ReturnsTokenAsIs" methodname="Format_MalformedToken_ReturnsTokenAsIs" classname="IrsikSoftware.LogSmith.Tests.MessageTemplateEngineTests" runstate="Runnable" seed="1413476326" result="Passed" start-time="2025-10-01 07:21:58Z" end-time="2025-10-01 07:21:58Z" duration="0.000151" asserts="0">
                <properties>
                  <property name="retryIteration" value="0" />
                  <property name="repeatIteration" value="0" />
                </properties>
              </test-case>
              <test-case id="1089" name="Format_MemoryToken_ReturnsNumericValue" fullname="IrsikSoftware.LogSmith.Tests.MessageTemplateEngineTests.Format_MemoryToken_ReturnsNumericValue" methodname="Format_MemoryToken_ReturnsNumericValue" classname="IrsikSoftware.LogSmith.Tests.MessageTemplateEngineTests" runstate="Runnable" seed="659437158" result="Passed" start-time="2025-10-01 07:21:58Z" end-time="2025-10-01 07:21:58Z" duration="0.000314" asserts="0">
                <properties>
                  <property name="retryIteration" value="0" />
                  <property name="repeatIteration" value="0" />
                </properties>
              </test-case>
              <test-case id="1092" name="Format_MultipleCategories_MaintainsSeparateTemplates" fullname="IrsikSoftware.LogSmith.Tests.MessageTemplateEngineTests.Format_MultipleCategories_MaintainsSeparateTemplates" methodname="Format_MultipleCategories_MaintainsSeparateTemplates" classname="IrsikSoftware.LogSmith.Tests.MessageTemplateEngineTests" runstate="Runnable" seed="1616195549" result="Passed" start-time="2025-10-01 07:21:58Z" end-time="2025-10-01 07:21:58Z" duration="0.000205" asserts="0">
                <properties>
                  <property name="retryIteration" value="0" />
                  <property name="repeatIteration" value="0" />
                </properties>
              </test-case>
              <test-case id="1080" name="Format_NoTemplate_UsesDefault" fullname="IrsikSoftware.LogSmith.Tests.MessageTemplateEngineTests.Format_NoTemplate_UsesDefault" methodname="Format_NoTemplate_UsesDefault" classname="IrsikSoftware.LogSmith.Tests.MessageTemplateEngineTests" runstate="Runnable" seed="1941856814" result="Passed" start-time="2025-10-01 07:21:58Z" end-time="2025-10-01 07:21:58Z" duration="0.000167" asserts="0">
                <properties>
                  <property name="retryIteration" value="0" />
                  <property name="repeatIteration" value="0" />
                </properties>
              </test-case>
              <test-case id="1085" name="Format_OptionalFields_OmittedWhenEmpty" fullname="IrsikSoftware.LogSmith.Tests.MessageTemplateEngineTests.Format_OptionalFields_OmittedWhenEmpty" methodname="Format_OptionalFields_OmittedWhenEmpty" classname="IrsikSoftware.LogSmith.Tests.MessageTemplateEngineTests" runstate="Runnable" seed="1723858043" result="Passed" start-time="2025-10-01 07:21:58Z" end-time="2025-10-01 07:21:58Z" duration="0.001759" asserts="0">
                <properties>
                  <property name="retryIteration" value="0" />
                  <property name="repeatIteration" value="0" />
                </properties>
              </test-case>
              <test-case id="1090" name="Format_StackToken_ReturnsStackTrace" fullname="IrsikSoftware.LogSmith.Tests.MessageTemplateEngineTests.Format_StackToken_ReturnsStackTrace" methodname="Format_StackToken_ReturnsStackTrace" classname="IrsikSoftware.LogSmith.Tests.MessageTemplateEngineTests" runstate="Runnable" seed="1862443119" result="Passed" start-time="2025-10-01 07:21:58Z" end-time="2025-10-01 07:21:58Z" duration="0.000145" asserts="0">
                <properties>
                  <property name="retryIteration" value="0" />
                  <property name="repeatIteration" value="0" />
                </properties>
              </test-case>
              <test-case id="1074" name="Format_ThreadToken_CombinesNameAndId" fullname="IrsikSoftware.LogSmith.Tests.MessageTemplateEngineTests.Format_ThreadToken_CombinesNameAndId" methodname="Format_ThreadToken_CombinesNameAndId" classname="IrsikSoftware.LogSmith.Tests.MessageTemplateEngineTests" runstate="Runnable" seed="1441128462" result="Passed" start-time="2025-10-01 07:21:58Z" end-time="2025-10-01 07:21:58Z" duration="0.000142" asserts="0">
                <properties>
                  <property name="retryIteration" value="0" />
                  <property name="repeatIteration" value="0" />
                </properties>
              </test-case>
              <test-case id="1075" name="Format_ThreadTokenNoName_ShowsIdOnly" fullname="IrsikSoftware.LogSmith.Tests.MessageTemplateEngineTests.Format_ThreadTokenNoName_ShowsIdOnly" methodname="Format_ThreadTokenNoName_ShowsIdOnly" classname="IrsikSoftware.LogSmith.Tests.MessageTemplateEngineTests" runstate="Runnable" seed="705009011" result="Passed" start-time="2025-10-01 07:21:58Z" end-time="2025-10-01 07:21:58Z" duration="0.000153" asserts="0">
                <properties>
                  <property name="retryIteration" value="0" />
                  <property name="repeatIteration" value="0" />
                </properties>
              </test-case>
              <test-case id="1072" name="Format_TimestampWithCustomFormat_FormatsCorrectly" fullname="IrsikSoftware.LogSmith.Tests.MessageTemplateEngineTests.Format_TimestampWithCustomFormat_FormatsCorrectly" methodname="Format_TimestampWithCustomFormat_FormatsCorrectly" classname="IrsikSoftware.LogSmith.Tests.MessageTemplateEngineTests" runstate="Runnable" seed="1229873281" result="Passed" start-time="2025-10-01 07:21:58Z" end-time="2025-10-01 07:21:58Z" duration="0.000144" asserts="0">
                <properties>
                  <property name="retryIteration" value="0" />
                  <property name="repeatIteration" value="0" />
                </properties>
              </test-case>
              <test-case id="1073" name="Format_TimestampWithoutFormat_UsesISO8601" fullname="IrsikSoftware.LogSmith.Tests.MessageTemplateEngineTests.Format_TimestampWithoutFormat_UsesISO8601" methodname="Format_TimestampWithoutFormat_UsesISO8601" classname="IrsikSoftware.LogSmith.Tests.MessageTemplateEngineTests" runstate="Runnable" seed="442930249" result="Passed" start-time="2025-10-01 07:21:58Z" end-time="2025-10-01 07:21:58Z" duration="0.000329" asserts="0">
                <properties>
                  <property name="retryIteration" value="0" />
                  <property name="repeatIteration" value="0" />
                </properties>
              </test-case>
              <test-case id="1088" name="GetCategoryTemplate_ReturnsDefaultForUnsetCategory" fullname="IrsikSoftware.LogSmith.Tests.MessageTemplateEngineTests.GetCategoryTemplate_ReturnsDefaultForUnsetCategory" methodname="GetCategoryTemplate_ReturnsDefaultForUnsetCategory" classname="IrsikSoftware.LogSmith.Tests.MessageTemplateEngineTests" runstate="Runnable" seed="1421032747" result="Passed" start-time="2025-10-01 07:21:58Z" end-time="2025-10-01 07:21:58Z" duration="0.000150" asserts="0">
                <properties>
                  <property name="retryIteration" value="0" />
                  <property name="repeatIteration" value="0" />
                </properties>
              </test-case>
              <test-case id="1079" name="SetCategoryTemplate_EmptyString_ThrowsArgumentNullException" fullname="IrsikSoftware.LogSmith.Tests.MessageTemplateEngineTests.SetCategoryTemplate_EmptyString_ThrowsArgumentNullException" methodname="SetCategoryTemplate_EmptyString_ThrowsArgumentNullException" classname="IrsikSoftware.LogSmith.Tests.MessageTemplateEngineTests" runstate="Runnable" seed="42065990" result="Passed" start-time="2025-10-01 07:21:58Z" end-time="2025-10-01 07:21:58Z" duration="0.000178" asserts="0">
                <properties>
                  <property name="retryIteration" value="0" />
                  <property name="repeatIteration" value="0" />
                </properties>
              </test-case>
              <test-case id="1086" name="SetCategoryTemplate_ThrowsOnNullCategory" fullname="IrsikSoftware.LogSmith.Tests.MessageTemplateEngineTests.SetCategoryTemplate_ThrowsOnNullCategory" methodname="SetCategoryTemplate_ThrowsOnNullCategory" classname="IrsikSoftware.LogSmith.Tests.MessageTemplateEngineTests" runstate="Runnable" seed="1794806088" result="Passed" start-time="2025-10-01 07:21:58Z" end-time="2025-10-01 07:21:58Z" duration="0.000174" asserts="0">
                <properties>
                  <property name="retryIteration" value="0" />
                  <property name="repeatIteration" value="0" />
                </properties>
              </test-case>
              <test-case id="1087" name="SetCategoryTemplate_ThrowsOnNullTemplate" fullname="IrsikSoftware.LogSmith.Tests.MessageTemplateEngineTests.SetCategoryTemplate_ThrowsOnNullTemplate" methodname="SetCategoryTemplate_ThrowsOnNullTemplate" classname="IrsikSoftware.LogSmith.Tests.MessageTemplateEngineTests" runstate="Runnable" seed="1910956403" result="Passed" start-time="2025-10-01 07:21:58Z" end-time="2025-10-01 07:21:58Z" duration="0.000161" asserts="0">
                <properties>
                  <property name="retryIteration" value="0" />
                  <property name="repeatIteration" value="0" />
                </properties>
              </test-case>
            </test-suite>
            <test-suite type="TestFixture" id="1093" name="PerCategoryMinLevelMatrixTests" fullname="IrsikSoftware.LogSmith.Tests.PerCategoryMinLevelMatrixTests" classname="IrsikSoftware.LogSmith.Tests.PerCategoryMinLevelMatrixTests" runstate="Runnable" testcasecount="118" result="Passed" start-time="2025-10-01 07:21:58Z" end-time="2025-10-01 07:21:58Z" duration="0.024637" total="118" passed="118" failed="0" inconclusive="0" skipped="0" asserts="0">
              <properties />
              <test-suite type="ParameterizedMethod" id="1167" name="CategoryMinLevel_Matrix_FiltersCorrectly" fullname="IrsikSoftware.LogSmith.Tests.PerCategoryMinLevelMatrixTests.CategoryMinLevel_Matrix_FiltersCorrectly" classname="IrsikSoftware.LogSmith.Tests.PerCategoryMinLevelMatrixTests" runstate="Runnable" testcasecount="36" result="Passed" start-time="2025-10-01 07:21:58Z" end-time="2025-10-01 07:21:58Z" duration="0.006355" total="36" passed="36" failed="0" inconclusive="0" skipped="0" asserts="0">
                <properties />
                <test-case id="1131" name="CategoryMinLevel_Matrix_FiltersCorrectly(Trace,Trace)" fullname="IrsikSoftware.LogSmith.Tests.PerCategoryMinLevelMatrixTests.CategoryMinLevel_Matrix_FiltersCorrectly(Trace,Trace)" methodname="CategoryMinLevel_Matrix_FiltersCorrectly" classname="IrsikSoftware.LogSmith.Tests.PerCategoryMinLevelMatrixTests" runstate="Runnable" seed="1172813625" result="Passed" start-time="2025-10-01 07:21:58Z" end-time="2025-10-01 07:21:58Z" duration="0.000574" asserts="0">
                  <properties>
                    <property name="retryIteration" value="0" />
                    <property name="repeatIteration" value="0" />
                  </properties>
                </test-case>
                <test-case id="1132" name="CategoryMinLevel_Matrix_FiltersCorrectly(Trace,Debug)" fullname="IrsikSoftware.LogSmith.Tests.PerCategoryMinLevelMatrixTests.CategoryMinLevel_Matrix_FiltersCorrectly(Trace,Debug)" methodname="CategoryMinLevel_Matrix_FiltersCorrectly" classname="IrsikSoftware.LogSmith.Tests.PerCategoryMinLevelMatrixTests" runstate="Runnable" seed="2035894237" result="Passed" start-time="2025-10-01 07:21:58Z" end-time="2025-10-01 07:21:58Z" duration="0.000077" asserts="0">
                  <properties>
                    <property name="retryIteration" value="0" />
                    <property name="repeatIteration" value="0" />
                  </properties>
                </test-case>
                <test-case id="1133" name="CategoryMinLevel_Matrix_FiltersCorrectly(Trace,Info)" fullname="IrsikSoftware.LogSmith.Tests.PerCategoryMinLevelMatrixTests.CategoryMinLevel_Matrix_FiltersCorrectly(Trace,Info)" methodname="CategoryMinLevel_Matrix_FiltersCorrectly" classname="IrsikSoftware.LogSmith.Tests.PerCategoryMinLevelMatrixTests" runstate="Runnable" seed="162771126" result="Passed" start-time="2025-10-01 07:21:58Z" end-time="2025-10-01 07:21:58Z" duration="0.000071" asserts="0">
                  <properties>
                    <property name="retryIteration" value="0" />
                    <property name="repeatIteration" value="0" />
                  </properties>
                </test-case>
                <test-case id="1134" name="CategoryMinLevel_Matrix_FiltersCorrectly(Trace,Warn)" fullname="IrsikSoftware.LogSmith.Tests.PerCategoryMinLevelMatrixTests.CategoryMinLevel_Matrix_FiltersCorrectly(Trace,Warn)" methodname="CategoryMinLevel_Matrix_FiltersCorrectly" classname="IrsikSoftware.LogSmith.Tests.PerCategoryMinLevelMatrixTests" runstate="Runnable" seed="1258913663" result="Passed" start-time="2025-10-01 07:21:58Z" end-time="2025-10-01 07:21:58Z" duration="0.000070" asserts="0">
                  <properties>
                    <property name="retryIteration" value="0" />
                    <property name="repeatIteration" value="0" />
                  </properties>
                </test-case>
                <test-case id="1135" name="CategoryMinLevel_Matrix_FiltersCorrectly(Trace,Error)" fullname="IrsikSoftware.LogSmith.Tests.PerCategoryMinLevelMatrixTests.CategoryMinLevel_Matrix_FiltersCorrectly(Trace,Error)" methodname="CategoryMinLevel_Matrix_FiltersCorrectly" classname="IrsikSoftware.LogSmith.Tests.PerCategoryMinLevelMatrixTests" runstate="Runnable" seed="1995015481" result="Passed" start-time="2025-10-01 07:21:58Z" end-time="2025-10-01 07:21:58Z" duration="0.000070" asserts="0">
                  <properties>
                    <property name="retryIteration" value="0" />
                    <property name="repeatIteration" value="0" />
                  </properties>
                </test-case>
                <test-case id="1136" name="CategoryMinLevel_Matrix_FiltersCorrectly(Trace,Critical)" fullname="IrsikSoftware.LogSmith.Tests.PerCategoryMinLevelMatrixTests.CategoryMinLevel_Matrix_FiltersCorrectly(Trace,Critical)" methodname="CategoryMinLevel_Matrix_FiltersCorrectly" classname="IrsikSoftware.LogSmith.Tests.PerCategoryMinLevelMatrixTests" runstate="Runnable" seed="1170095778" result="Passed" start-time="2025-10-01 07:21:58Z" end-time="2025-10-01 07:21:58Z" duration="0.000068" asserts="0">
                  <properties>
                    <property name="retryIteration" value="0" />
                    <property name="repeatIteration" value="0" />
                  </properties>
                </test-case>
                <test-case id="1137" name="CategoryMinLevel_Matrix_FiltersCorrectly(Debug,Trace)" fullname="IrsikSoftware.LogSmith.Tests.PerCategoryMinLevelMatrixTests.CategoryMinLevel_Matrix_FiltersCorrectly(Debug,Trace)" methodname="CategoryMinLevel_Matrix_FiltersCorrectly" classname="IrsikSoftware.LogSmith.Tests.PerCategoryMinLevelMatrixTests" runstate="Runnable" seed="1808280023" result="Passed" start-time="2025-10-01 07:21:58Z" end-time="2025-10-01 07:21:58Z" duration="0.000075" asserts="0">
                  <properties>
                    <property name="retryIteration" value="0" />
                    <property name="repeatIteration" value="0" />
                  </properties>
                </test-case>
                <test-case id="1138" name="CategoryMinLevel_Matrix_FiltersCorrectly(Debug,Debug)" fullname="IrsikSoftware.LogSmith.Tests.PerCategoryMinLevelMatrixTests.CategoryMinLevel_Matrix_FiltersCorrectly(Debug,Debug)" methodname="CategoryMinLevel_Matrix_FiltersCorrectly" classname="IrsikSoftware.LogSmith.Tests.PerCategoryMinLevelMatrixTests" runstate="Runnable" seed="346046834" result="Passed" start-time="2025-10-01 07:21:58Z" end-time="2025-10-01 07:21:58Z" duration="0.000070" asserts="0">
                  <properties>
                    <property name="retryIteration" value="0" />
                    <property name="repeatIteration" value="0" />
                  </properties>
                </test-case>
                <test-case id="1139" name="CategoryMinLevel_Matrix_FiltersCorrectly(Debug,Info)" fullname="IrsikSoftware.LogSmith.Tests.PerCategoryMinLevelMatrixTests.CategoryMinLevel_Matrix_FiltersCorrectly(Debug,Info)" methodname="CategoryMinLevel_Matrix_FiltersCorrectly" classname="IrsikSoftware.LogSmith.Tests.PerCategoryMinLevelMatrixTests" runstate="Runnable" seed="1248095047" result="Passed" start-time="2025-10-01 07:21:58Z" end-time="2025-10-01 07:21:58Z" duration="0.000067" asserts="0">
                  <properties>
                    <property name="retryIteration" value="0" />
                    <property name="repeatIteration" value="0" />
                  </properties>
                </test-case>
                <test-case id="1140" name="CategoryMinLevel_Matrix_FiltersCorrectly(Debug,Warn)" fullname="IrsikSoftware.LogSmith.Tests.PerCategoryMinLevelMatrixTests.CategoryMinLevel_Matrix_FiltersCorrectly(Debug,Warn)" methodname="CategoryMinLevel_Matrix_FiltersCorrectly" classname="IrsikSoftware.LogSmith.Tests.PerCategoryMinLevelMatrixTests" runstate="Runnable" seed="2080564266" result="Passed" start-time="2025-10-01 07:21:58Z" end-time="2025-10-01 07:21:58Z" duration="0.000069" asserts="0">
                  <properties>
                    <property name="retryIteration" value="0" />
                    <property name="repeatIteration" value="0" />
                  </properties>
                </test-case>
                <test-case id="1141" name="CategoryMinLevel_Matrix_FiltersCorrectly(Debug,Error)" fullname="IrsikSoftware.LogSmith.Tests.PerCategoryMinLevelMatrixTests.CategoryMinLevel_Matrix_FiltersCorrectly(Debug,Error)" methodname="CategoryMinLevel_Matrix_FiltersCorrectly" classname="IrsikSoftware.LogSmith.Tests.PerCategoryMinLevelMatrixTests" runstate="Runnable" seed="1072495796" result="Passed" start-time="2025-10-01 07:21:58Z" end-time="2025-10-01 07:21:58Z" duration="0.000069" asserts="0">
                  <properties>
                    <property name="retryIteration" value="0" />
                    <property name="repeatIteration" value="0" />
                  </properties>
                </test-case>
                <test-case id="1142" name="CategoryMinLevel_Matrix_FiltersCorrectly(Debug,Critical)" fullname="IrsikSoftware.LogSmith.Tests.PerCategoryMinLevelMatrixTests.CategoryMinLevel_Matrix_FiltersCorrectly(Debug,Critical)" methodname="CategoryMinLevel_Matrix_FiltersCorrectly" classname="IrsikSoftware.LogSmith.Tests.PerCategoryMinLevelMatrixTests" runstate="Runnable" seed="444030964" result="Passed" start-time="2025-10-01 07:21:58Z" end-time="2025-10-01 07:21:58Z" duration="0.000069" asserts="0">
                  <properties>
                    <property name="retryIteration" value="0" />
                    <property name="repeatIteration" value="0" />
                  </properties>
                </test-case>
                <test-case id="1143" name="CategoryMinLevel_Matrix_FiltersCorrectly(Info,Trace)" fullname="IrsikSoftware.LogSmith.Tests.PerCategoryMinLevelMatrixTests.CategoryMinLevel_Matrix_FiltersCorrectly(Info,Trace)" methodname="CategoryMinLevel_Matrix_FiltersCorrectly" classname="IrsikSoftware.LogSmith.Tests.PerCategoryMinLevelMatrixTests" runstate="Runnable" seed="198043929" result="Passed" start-time="2025-10-01 07:21:58Z" end-time="2025-10-01 07:21:58Z" duration="0.000068" asserts="0">
                  <properties>
                    <property name="retryIteration" value="0" />
                    <property name="repeatIteration" value="0" />
                  </properties>
                </test-case>
                <test-case id="1144" name="CategoryMinLevel_Matrix_FiltersCorrectly(Info,Debug)" fullname="IrsikSoftware.LogSmith.Tests.PerCategoryMinLevelMatrixTests.CategoryMinLevel_Matrix_FiltersCorrectly(Info,Debug)" methodname="CategoryMinLevel_Matrix_FiltersCorrectly" classname="IrsikSoftware.LogSmith.Tests.PerCategoryMinLevelMatrixTests" runstate="Runnable" seed="376538536" result="Passed" start-time="2025-10-01 07:21:58Z" end-time="2025-10-01 07:21:58Z" duration="0.000069" asserts="0">
                  <properties>
                    <property name="retryIteration" value="0" />
                    <property name="repeatIteration" value="0" />
                  </properties>
                </test-case>
                <test-case id="1145" name="CategoryMinLevel_Matrix_FiltersCorrectly(Info,Info)" fullname="IrsikSoftware.LogSmith.Tests.PerCategoryMinLevelMatrixTests.CategoryMinLevel_Matrix_FiltersCorrectly(Info,Info)" methodname="CategoryMinLevel_Matrix_FiltersCorrectly" classname="IrsikSoftware.LogSmith.Tests.PerCategoryMinLevelMatrixTests" runstate="Runnable" seed="1128684354" result="Passed" start-time="2025-10-01 07:21:58Z" end-time="2025-10-01 07:21:58Z" duration="0.000069" asserts="0">
                  <properties>
                    <property name="retryIteration" value="0" />
                    <property name="repeatIteration" value="0" />
                  </properties>
                </test-case>
                <test-case id="1146" name="CategoryMinLevel_Matrix_FiltersCorrectly(Info,Warn)" fullname="IrsikSoftware.LogSmith.Tests.PerCategoryMinLevelMatrixTests.CategoryMinLevel_Matrix_FiltersCorrectly(Info,Warn)" methodname="CategoryMinLevel_Matrix_FiltersCorrectly" classname="IrsikSoftware.LogSmith.Tests.PerCategoryMinLevelMatrixTests" runstate="Runnable" seed="1426868389" result="Passed" start-time="2025-10-01 07:21:58Z" end-time="2025-10-01 07:21:58Z" duration="0.000067" asserts="0">
                  <properties>
                    <property name="retryIteration" value="0" />
                    <property name="repeatIteration" value="0" />
                  </properties>
                </test-case>
                <test-case id="1147" name="CategoryMinLevel_Matrix_FiltersCorrectly(Info,Error)" fullname="IrsikSoftware.LogSmith.Tests.PerCategoryMinLevelMatrixTests.CategoryMinLevel_Matrix_FiltersCorrectly(Info,Error)" methodname="CategoryMinLevel_Matrix_FiltersCorrectly" classname="IrsikSoftware.LogSmith.Tests.PerCategoryMinLevelMatrixTests" runstate="Runnable" seed="1570191440" result="Passed" start-time="2025-10-01 07:21:58Z" end-time="2025-10-01 07:21:58Z" duration="0.000070" asserts="0">
                  <properties>
                    <property name="retryIteration" value="0" />
                    <property name="repeatIteration" value="0" />
                  </properties>
                </test-case>
                <test-case id="1148" name="CategoryMinLevel_Matrix_FiltersCorrectly(Info,Critical)" fullname="IrsikSoftware.LogSmith.Tests.PerCategoryMinLevelMatrixTests.CategoryMinLevel_Matrix_FiltersCorrectly(Info,Critical)" methodname="CategoryMinLevel_Matrix_FiltersCorrectly" classname="IrsikSoftware.LogSmith.Tests.PerCategoryMinLevelMatrixTests" runstate="Runnable" seed="481565517" result="Passed" start-time="2025-10-01 07:21:58Z" end-time="2025-10-01 07:21:58Z" duration="0.000069" asserts="0">
                  <properties>
                    <property name="retryIteration" value="0" />
                    <property name="repeatIteration" value="0" />
                  </properties>
                </test-case>
                <test-case id="1149" name="CategoryMinLevel_Matrix_FiltersCorrectly(Warn,Trace)" fullname="IrsikSoftware.LogSmith.Tests.PerCategoryMinLevelMatrixTests.CategoryMinLevel_Matrix_FiltersCorrectly(Warn,Trace)" methodname="CategoryMinLevel_Matrix_FiltersCorrectly" classname="IrsikSoftware.LogSmith.Tests.PerCategoryMinLevelMatrixTests" runstate="Runnable" seed="1723898933" result="Passed" start-time="2025-10-01 07:21:58Z" end-time="2025-10-01 07:21:58Z" duration="0.000066" asserts="0">
                  <properties>
                    <property name="retryIteration" value="0" />
                    <property name="repeatIteration" value="0" />
                  </properties>
                </test-case>
                <test-case id="1150" name="CategoryMinLevel_Matrix_FiltersCorrectly(Warn,Debug)" fullname="IrsikSoftware.LogSmith.Tests.PerCategoryMinLevelMatrixTests.CategoryMinLevel_Matrix_FiltersCorrectly(Warn,Debug)" methodname="CategoryMinLevel_Matrix_FiltersCorrectly" classname="IrsikSoftware.LogSmith.Tests.PerCategoryMinLevelMatrixTests" runstate="Runnable" seed="1065408183" result="Passed" start-time="2025-10-01 07:21:58Z" end-time="2025-10-01 07:21:58Z" duration="0.000065" asserts="0">
                  <properties>
                    <property name="retryIteration" value="0" />
                    <property name="repeatIteration" value="0" />
                  </properties>
                </test-case>
[...]
[LogSmith] UnityLoggingBootstrap disposed
]]></output>
                </test-case>
                <test-case id="1266" name="Bootstrap_RegistersSinks_WithRouter" fullname="IrsikSoftware.LogSmith.Tests.Runtime.UnityLoggingBootstrapTests.Bootstrap_RegistersSinks_WithRouter" methodname="Bootstrap_RegistersSinks_WithRouter" classname="IrsikSoftware.LogSmith.Tests.Runtime.UnityLoggingBootstrapTests" runstate="Runnable" seed="359949290" result="Passed" start-time="2025-10-01 07:21:58Z" end-time="2025-10-01 07:21:58Z" duration="0.003222" asserts="0">
                  <properties>
                    <property name="retryIteration" value="0" />
                    <property name="repeatIteration" value="0" />
                  </properties>
                  <output><![CDATA[[LogSmith] UnityLoggingBootstrap initialized - Console: True, File: True, Rotation: True, Format: Text
[LogSmith] UnityLoggingBootstrap disposed
]]></output>
                </test-case>
                <test-case id="1270" name="Bootstrap_ReloadSettings_UpdatesMinimumLevel" fullname="IrsikSoftware.LogSmith.Tests.Runtime.UnityLoggingBootstrapTests.Bootstrap_ReloadSettings_UpdatesMinimumLevel" methodname="Bootstrap_ReloadSettings_UpdatesMinimumLevel" classname="IrsikSoftware.LogSmith.Tests.Runtime.UnityLoggingBootstrapTests" runstate="Runnable" seed="1785714198" result="Passed" start-time="2025-10-01 07:21:58Z" end-time="2025-10-01 07:21:58Z" duration="0.003735" asserts="0">
                  <properties>
                    <property name="retryIteration" value="0" />
                    <property name="repeatIteration" value="0" />
                  </properties>
                  <output><![CDATA[[LogSmith] UnityLoggingBootstrap initialized - Console: True, File: False, Rotation: True, Format: Text
[LogSmith] Reloading logging settings...
[LogSmith] Settings reloaded - MinLevel: Error, Format: Text
[LogSmith] UnityLoggingBootstrap disposed
]]></output>
                </test-case>
                <test-case id="1280" name="Bootstrap_ReloadSettings_UpdatesPerCategoryMinLevels" fullname="IrsikSoftware.LogSmith.Tests.Runtime.UnityLoggingBootstrapTests.Bootstrap_ReloadSettings_UpdatesPerCategoryMinLevels" methodname="Bootstrap_ReloadSettings_UpdatesPerCategoryMinLevels" classname="IrsikSoftware.LogSmith.Tests.Runtime.UnityLoggingBootstrapTests" runstate="Runnable" seed="2031307535" result="Passed" start-time="2025-10-01 07:21:58Z" end-time="2025-10-01 07:21:58Z" duration="0.004534" asserts="0">
                  <properties>
                    <property name="retryIteration" value="0" />
                    <property name="repeatIteration" value="0" />
                  </properties>
                  <output><![CDATA[[LogSmith] UnityLoggingBootstrap initialized - Console: True, File: False, Rotation: True, Format: Text
[LogSmith] Reloading logging settings...
[LogSmith] Settings reloaded - MinLevel: Trace, Format: Text
[LogSmith] UnityLoggingBootstrap disposed
]]></output>
                </test-case>
                <test-case id="1267" name="Bootstrap_SetsGlobalMinimumLevel" fullname="IrsikSoftware.LogSmith.Tests.Runtime.UnityLoggingBootstrapTests.Bootstrap_SetsGlobalMinimumLevel" methodname="Bootstrap_SetsGlobalMinimumLevel" classname="IrsikSoftware.LogSmith.Tests.Runtime.UnityLoggingBootstrapTests" runstate="Runnable" seed="860801754" result="Passed" start-time="2025-10-01 07:21:58Z" end-time="2025-10-01 07:21:58Z" duration="0.002598" asserts="0">
                  <properties>
                    <property name="retryIteration" value="0" />
                    <property name="repeatIteration" value="0" />
                  </properties>
                  <output><![CDATA[[LogSmith] UnityLoggingBootstrap initialized - Console: True, File: False, Rotation: True, Format: Text
[LogSmith] UnityLoggingBootstrap disposed
]]></output>
                </test-case>
                <test-case id="1271" name="Bootstrap_SwitchFormat_ChangesFileSinkFormat" fullname="IrsikSoftware.LogSmith.Tests.Runtime.UnityLoggingBootstrapTests.Bootstrap_SwitchFormat_ChangesFileSinkFormat" methodname="Bootstrap_SwitchFormat_ChangesFileSinkFormat" classname="IrsikSoftware.LogSmith.Tests.Runtime.UnityLoggingBootstrapTests" runstate="Runnable" seed="988255760" result="Passed" start-time="2025-10-01 07:21:58Z" end-time="2025-10-01 07:21:58Z" duration="0.014439" asserts="0">
                  <properties>
                    <property name="retryIteration" value="0" />
                    <property name="repeatIteration" value="0" />
                  </properties>
                  <output><![CDATA[[LogSmith] UnityLoggingBootstrap initialized - Console: False, File: True, Rotation: True, Format: Text
[LogSmith] File sink format switched to: Json
[LogSmith] UnityLoggingBootstrap disposed
]]></output>
                </test-case>
                <test-case id="1276" name="Bootstrap_WithRelativePath_UsesApplicationDataPath" fullname="IrsikSoftware.LogSmith.Tests.Runtime.UnityLoggingBootstrapTests.Bootstrap_WithRelativePath_UsesApplicationDataPath" methodname="Bootstrap_WithRelativePath_UsesApplicationDataPath" classname="IrsikSoftware.LogSmith.Tests.Runtime.UnityLoggingBootstrapTests" runstate="Runnable" seed="1758632663" result="Passed" start-time="2025-10-01 07:21:58Z" end-time="2025-10-01 07:21:58Z" duration="0.003319" asserts="0">
                  <properties>
                    <property name="retryIteration" value="0" />
                    <property name="repeatIteration" value="0" />
                  </properties>
                  <output><![CDATA[[LogSmith] UnityLoggingBootstrap initialized - Console: True, File: True, Rotation: True, Format: Text
[LogSmith] UnityLoggingBootstrap disposed
]]></output>
                </test-case>
                <test-case id="1269" name="FileSink_RespectsRetentionCount" fullname="IrsikSoftware.LogSmith.Tests.Runtime.UnityLoggingBootstrapTests.FileSink_RespectsRetentionCount" methodname="FileSink_RespectsRetentionCount" classname="IrsikSoftware.LogSmith.Tests.Runtime.UnityLoggingBootstrapTests" runstate="Runnable" seed="790687290" result="Passed" start-time="2025-10-01 07:21:58Z" end-time="2025-10-01 07:21:58Z" duration="0.010420" asserts="0">
                  <properties>
                    <property name="retryIteration" value="0" />
                    <property name="repeatIteration" value="0" />
                  </properties>
                </test-case>
                <test-case id="1268" name="FileSink_RotatesLog_WhenSizeExceeds" fullname="IrsikSoftware.LogSmith.Tests.Runtime.UnityLoggingBootstrapTests.FileSink_RotatesLog_WhenSizeExceeds" methodname="FileSink_RotatesLog_WhenSizeExceeds" classname="IrsikSoftware.LogSmith.Tests.Runtime.UnityLoggingBootstrapTests" runstate="Runnable" seed="1074887081" result="Passed" start-time="2025-10-01 07:21:58Z" end-time="2025-10-01 07:21:58Z" duration="0.124622" asserts="0">
                  <properties>
                    <property name="retryIteration" value="0" />
                    <property name="repeatIteration" value="0" />
                  </properties>
                  <output><![CDATA[[LogSmith] UnityLoggingBootstrap initialized - Console: False, File: True, Rotation: True, Format: Text
[LogSmith] UnityLoggingBootstrap disposed
]]></output>
                </test-case>
                <test-case id="1277" name="LogSmith_ReloadSettings_CallsBootstrapReload" fullname="IrsikSoftware.LogSmith.Tests.Runtime.UnityLoggingBootstrapTests.LogSmith_ReloadSettings_CallsBootstrapReload" methodname="LogSmith_ReloadSettings_CallsBootstrapReload" classname="IrsikSoftware.LogSmith.Tests.Runtime.UnityLoggingBootstrapTests" runstate="Runnable" seed="710886140" result="Passed" start-time="2025-10-01 07:21:58Z" end-time="2025-10-01 07:21:58Z" duration="0.002229" asserts="0">
                  <properties>
                    <property name="retryIteration" value="0" />
                    <property name="repeatIteration" value="0" />
                  </properties>
                  <output><![CDATA[[LogSmith] Reloading logging settings...
[LogSmith] Settings reloaded - MinLevel: Debug, Format: Text
]]></output>
                </test-case>
                <test-case id="1278" name="LogSmith_SwitchFormat_CallsBootstrapSwitchFormat" fullname="IrsikSoftware.LogSmith.Tests.Runtime.UnityLoggingBootstrapTests.LogSmith_SwitchFormat_CallsBootstrapSwitchFormat" methodname="LogSmith_SwitchFormat_CallsBootstrapSwitchFormat" classname="IrsikSoftware.LogSmith.Tests.Runtime.UnityLoggingBootstrapTests" runstate="Runnable" seed="1790917994" result="Passed" start-time="2025-10-01 07:21:58Z" end-time="2025-10-01 07:21:58Z" duration="0.001882" asserts="0">
                  <properties>
                    <property name="retryIteration" value="0" />
                    <property name="repeatIteration" value="0" />
                  </properties>
                  <output><![CDATA[[LogSmith] Cannot switch format: File sink is not enabled
[LogSmith] Cannot switch format: File sink is not enabled
]]></output>
                </test-case>
              </test-suite>
            </test-suite>
            <test-suite type="TestFixture" id="1228" name="TestPlaceholder" fullname="IrsikSoftware.LogSmith.Tests.TestPlaceholder" classname="IrsikSoftware.LogSmith.Tests.TestPlaceholder" runstate="Runnable" testcasecount="1" result="Passed" start-time="2025-10-01 07:21:58Z" end-time="2025-10-01 07:21:58Z" duration="0.001335" total="1" passed="1" failed="0" inconclusive="0" skipped="0" asserts="0">
              <properties />
              <test-case id="1229" name="PlaceholderTest_ShouldPass" fullname="IrsikSoftware.LogSmith.Tests.TestPlaceholder.PlaceholderTest_ShouldPass" methodname="PlaceholderTest_ShouldPass" classname="IrsikSoftware.LogSmith.Tests.TestPlaceholder" runstate="Runnable" seed="578937656" result="Passed" start-time="2025-10-01 07:21:58Z" end-time="2025-10-01 07:21:58Z" duration="0.000209" asserts="0">
                <properties>
                  <property name="retryIteration" value="0" />
                  <property name="repeatIteration" value="0" />
                </properties>
                <reason>
                  <message><![CDATA[Placeholder test]]></message>
                </reason>
              </test-case>
            </test-suite>
            <test-suite type="TestFixture" id="1216" name="VContainerIntegrationTests" fullname="IrsikSoftware.LogSmith.Tests.VContainerIntegrationTests" classname="IrsikSoftware.LogSmith.Tests.VContainerIntegrationTests" runstate="Runnable" testcasecount="11" result="Passed" start-time="2025-10-01 07:21:58Z" end-time="2025-10-01 07:21:58Z" duration="0.044651" total="11" passed="11" failed="0" inconclusive="0" skipped="0" asserts="0">
              <properties />
              <test-case id="1219" name="ContainerBuilderExtensions_AddLogSmithLogging_RegistersServices" fullname="IrsikSoftware.LogSmith.Tests.VContainerIntegrationTests.ContainerBuilderExtensions_AddLogSmithLogging_RegistersServices" methodname="ContainerBuilderExtensions_AddLogSmithLogging_RegistersServices" classname="IrsikSoftware.LogSmith.Tests.VContainerIntegrationTests" runstate="Runnable" seed="1093793511" result="Passed" start-time="2025-10-01 07:21:58Z" end-time="2025-10-01 07:21:58Z" duration="0.016417" asserts="0">
                <properties>
                  <property name="retryIteration" value="0" />
                  <property name="repeatIteration" value="0" />
                </properties>
                <output><![CDATA[[LogSmith] UnityLoggingBootstrap initialized - Console: True, File: False, Rotation: True, Format: Text
]]></output>
              </test-case>
              <test-case id="1220" name="ContainerBuilderExtensions_AddLogSmithLogging_WithNullSettings_UsesDefaults" fullname="IrsikSoftware.LogSmith.Tests.VContainerIntegrationTests.ContainerBuilderExtensions_AddLogSmithLogging_WithNullSettings_UsesDefaults" methodname="ContainerBuilderExtensions_AddLogSmithLogging_WithNullSettings_UsesDefaults" classname="IrsikSoftware.LogSmith.Tests.VContainerIntegrationTests" runstate="Runnable" seed="666556338" result="Passed" start-time="2025-10-01 07:21:58Z" end-time="2025-10-01 07:21:58Z" duration="0.000961" asserts="0">
                <properties>
                  <property name="retryIteration" value="0" />
                  <property name="repeatIteration" value="0" />
                </properties>
                <output><![CDATA[[LogSmith] UnityLoggingBootstrap initialized - Console: True, File: False, Rotation: True, Format: Text
]]></output>
              </test-case>
              <test-case id="1217" name="ExtensionMethod_RegistersAllServices" fullname="IrsikSoftware.LogSmith.Tests.VContainerIntegrationTests.ExtensionMethod_RegistersAllServices" methodname="ExtensionMethod_RegistersAllServices" classname="IrsikSoftware.LogSmith.Tests.VContainerIntegrationTests" runstate="Runnable" seed="1629254137" result="Passed" start-time="2025-10-01 07:21:58Z" end-time="2025-10-01 07:21:58Z" duration="0.001111" asserts="0">
                <properties>
                  <property name="retryIteration" value="0" />
                  <property name="repeatIteration" value="0" />
                </properties>
                <output><![CDATA[[LogSmith] UnityLoggingBootstrap initialized - Console: True, File: False, Rotation: True, Format: Text
]]></output>
              </test-case>
              <test-case id="1218" name="ExtensionMethod_WithConsoleSinkEnabled_RegistersConsoleSink" fullname="IrsikSoftware.LogSmith.Tests.VContainerIntegrationTests.ExtensionMethod_WithConsoleSinkEnabled_RegistersConsoleSink" methodname="ExtensionMethod_WithConsoleSinkEnabled_RegistersConsoleSink" classname="IrsikSoftware.LogSmith.Tests.VContainerIntegrationTests" runstate="Runnable" seed="384291221" result="Passed" start-time="2025-10-01 07:21:58Z" end-time="2025-10-01 07:21:58Z" duration="0.000923" asserts="0">
                <properties>
                  <property name="retryIteration" value="0" />
                  <property name="repeatIteration" value="0" />
                </properties>
                <output><![CDATA[[LogSmith] UnityLoggingBootstrap initialized - Console: True, File: False, Rotation: True, Format: Text
]]></output>
              </test-case>
              <test-case id="1222" name="LoggingLifetimeScope_CanLogMessages" fullname="IrsikSoftware.LogSmith.Tests.VContainerIntegrationTests.LoggingLifetimeScope_CanLogMessages" methodname="LoggingLifetimeScope_CanLogMessages" classname="IrsikSoftware.LogSmith.Tests.VContainerIntegrationTests" runstate="Runnable" seed="1930161598" result="Passed" start-time="2025-10-01 07:21:58Z" end-time="2025-10-01 07:21:58Z" duration="0.014433" asserts="0">
                <properties>
                  <property name="retryIteration" value="0" />
                  <property name="repeatIteration" value="0" />
                </properties>
              </test-case>
              <test-case id="1221" name="LoggingLifetimeScope_ConfiguresContainer" fullname="IrsikSoftware.LogSmith.Tests.VContainerIntegrationTests.LoggingLifetimeScope_ConfiguresContainer" methodname="LoggingLifetimeScope_ConfiguresContainer" classname="IrsikSoftware.LogSmith.Tests.VContainerIntegrationTests" runstate="Runnable" seed="354393323" result="Passed" start-time="2025-10-01 07:21:58Z" end-time="2025-10-01 07:21:58Z" duration="0.000555" asserts="0">
                <properties>
                  <property name="retryIteration" value="0" />
                  <property name="repeatIteration" value="0" />
                </properties>
              </test-case>
              <test-case id="1225" name="LogSmith_CreateLogger_WorksInBothModes" fullname="IrsikSoftware.LogSmith.Tests.VContainerIntegrationTests.LogSmith_CreateLogger_WorksInBothModes" methodname="LogSmith_CreateLogger_WorksInBothModes" classname="IrsikSoftware.LogSmith.Tests.VContainerIntegrationTests" runstate="Runnable" seed="1350717237" result="Passed" start-time="2025-10-01 07:21:58Z" end-time="2025-10-01 07:21:58Z" duration="0.001333" asserts="0">
                <properties>
                  <property name="retryIteration" value="0" />
                  <property name="repeatIteration" value="0" />
                </properties>
                <output><![CDATA[[LogSmith] UnityLoggingBootstrap initialized - Console: True, File: False, Rotation: True, Format: Text
]]></output>
              </test-case>
              <test-case id="1226" name="LogSmith_Resolve_WorksOnlyWithVContainer" fullname="IrsikSoftware.LogSmith.Tests.VContainerIntegrationTests.LogSmith_Resolve_WorksOnlyWithVContainer" methodname="LogSmith_Resolve_WorksOnlyWithVContainer" classname="IrsikSoftware.LogSmith.Tests.VContainerIntegrationTests" runstate="Runnable" seed="185449375" result="Passed" start-time="2025-10-01 07:21:58Z" end-time="2025-10-01 07:21:58Z" duration="0.001239" asserts="0">
                <properties>
                  <property name="retryIteration" value="0" />
                  <property name="repeatIteration" value="0" />
                </properties>
                <output><![CDATA[[LogSmith] UnityLoggingBootstrap initialized - Console: True, File: False, Rotation: True, Format: Text
]]></output>
              </test-case>
              <test-case id="1224" name="LogSmith_WithoutVContainerScope_UsesStaticFallback" fullname="IrsikSoftware.LogSmith.Tests.VContainerIntegrationTests.LogSmith_WithoutVContainerScope_UsesStaticFallback" methodname="LogSmith_WithoutVContainerScope_UsesStaticFallback" classname="IrsikSoftware.LogSmith.Tests.VContainerIntegrationTests" runstate="Runnable" seed="592714067" result="Passed" start-time="2025-10-01 07:21:58Z" end-time="2025-10-01 07:21:58Z" duration="0.000729" asserts="0">
                <properties>
                  <property name="retryIteration" value="0" />
                  <property name="repeatIteration" value="0" />
                </properties>
                <output><![CDATA[[LogSmith] UnityLoggingBootstrap initialized - Console: True, File: False, Rotation: True, Format: Text
]]></output>
              </test-case>
              <test-case id="1223" name="LogSmith_WithVContainerScope_UsesVContainer" fullname="IrsikSoftware.LogSmith.Tests.VContainerIntegrationTests.LogSmith_WithVContainerScope_UsesVContainer" methodname="LogSmith_WithVContainerScope_UsesVContainer" classname="IrsikSoftware.LogSmith.Tests.VContainerIntegrationTests" runstate="Runnable" seed="796174321" result="Passed" start-time="2025-10-01 07:21:58Z" end-time="2025-10-01 07:21:58Z" duration="0.000516" asserts="0">
                <properties>
                  <property name="retryIteration" value="0" />
                  <property name="repeatIteration" value="0" />
                </properties>
              </test-case>
              <test-case id="1227" name="ResolvedLogger_ProducesSameOutputAcrossModes" fullname="IrsikSoftware.LogSmith.Tests.VContainerIntegrationTests.ResolvedLogger_ProducesSameOutputAcrossModes" methodname="ResolvedLogger_ProducesSameOutputAcrossModes" classname="IrsikSoftware.LogSmith.Tests.VContainerIntegrationTests" runstate="Runnable" seed="478739623" result="Passed" start-time="2025-10-01 07:21:58Z" end-time="2025-10-01 07:21:58Z" duration="0.004582" asserts="0">
                <properties>
                  <property name="retryIteration" value="0" />
                  <property name="repeatIteration" value="0" />
                </properties>
                <output><![CDATA[[LogSmith] UnityLoggingBootstrap initialized - Console: True, File: False, Rotation: True, Format: Text
Saving results to: C:/Users/Ender/AppData/LocalLow/DefaultCompany/LogSmith\TestResults.xml
]]></output>
              </test-case>
            </test-suite>
          </test-suite>
        </test-suite>
      </test-suite>
    </test-suite>
  </test-suite>
</test-run>