<?xml version="1.0" encoding="utf-8"?>
<test-run id="2" testcasecount="266" result="Failed(Child)" total="266" passed="265" failed="1" inconclusive="0" skipped="0" asserts="0" engine-version="3.5.0.0" clr-version="4.0.30319.42000" start-time="2025-10-01 07:31:08Z" end-time="2025-10-01 07:31:09Z" duration="1.2184464">
  <test-suite type="TestSuite" id="1000" name="LogSmith" fullname="LogSmith" runstate="Runnable" testcasecount="266" result="Failed" site="Child" start-time="2025-10-01 07:31:08Z" end-time="2025-10-01 07:31:09Z" duration="1.218446" total="266" passed="265" failed="1" inconclusive="0" skipped="0" asserts="0">
    <properties>
      <property name="platform" value="EditMode" />
    </properties>
    <failure>
      <message><![CDATA[One or more child tests had errors]]></message>
    </failure>
    <test-suite type="Assembly" id="1282" name="IrsikSoftware.LogSmith.Tests.dll" fullname="C:/Code/LogSmith/Library/ScriptAssemblies/IrsikSoftware.LogSmith.Tests.dll" runstate="Runnable" testcasecount="266" result="Failed" site="Child" start-time="2025-10-01 07:31:08Z" end-time="2025-10-01 07:31:09Z" duration="1.199221" total="266" passed="265" failed="1" inconclusive="0" skipped="0" asserts="0">
      <properties>
        <property name="_PID" value="30256" />
        <property name="_APPDOMAIN" value="Unity Child Domain" />
        <property name="platform" value="EditMode" />
        <property name="EditorOnly" value="True" />
      </properties>
      <failure>
        <message><![CDATA[One or more child tests had errors]]></message>
      </failure>
      <test-suite type="TestSuite" id="1283" name="IrsikSoftware" fullname="IrsikSoftware" runstate="Runnable" testcasecount="266" result="Failed" site="Child" start-time="2025-10-01 07:31:08Z" end-time="2025-10-01 07:31:09Z" duration="1.191320" total="266" passed="265" failed="1" inconclusive="0" skipped="0" asserts="0">
        <properties />
        <failure>
          <message><![CDATA[One or more child tests had errors]]></message>
        </failure>
        <test-suite type="TestSuite" id="1284" name="LogSmith" fullname="IrsikSoftware.LogSmith" runstate="Runnable" testcasecount="266" result="Failed" site="Child" start-time="2025-10-01 07:31:08Z" end-time="2025-10-01 07:31:09Z" duration="1.184219" total="266" passed="265" failed="1" inconclusive="0" skipped="0" asserts="0">
          <properties />
          <failure>
            <message><![CDATA[One or more child tests had errors]]></message>
          </failure>
          <test-suite type="TestSuite" id="1285" name="Tests" fullname="IrsikSoftware.LogSmith.Tests" runstate="Runnable" testcasecount="266" result="Failed" site="Child" start-time="2025-10-01 07:31:08Z" end-time="2025-10-01 07:31:09Z" duration="1.175091" total="266" passed="265" failed="1" inconclusive="0" skipped="0" asserts="0">
            <properties />
            <failure>
              <message><![CDATA[One or more child tests had errors]]></message>
            </failure>
            <test-suite type="TestFixture" id="1001" name="CategoryRegistryTests" fullname="IrsikSoftware.LogSmith.Tests.CategoryRegistryTests" classname="IrsikSoftware.LogSmith.Tests.CategoryRegistryTests" runstate="Runnable" testcasecount="17" result="Passed" start-time="2025-10-01 07:31:08Z" end-time="2025-10-01 07:31:08Z" duration="0.085784" total="17" passed="17" failed="0" inconclusive="0" skipped="0" asserts="0">
              <properties />
              <test-case id="1015" name="GetCategories_ReturnsAllRegisteredCategories" fullname="IrsikSoftware.LogSmith.Tests.CategoryRegistryTests.GetCategories_ReturnsAllRegisteredCategories" methodname="GetCategories_ReturnsAllRegisteredCategories" classname="IrsikSoftware.LogSmith.Tests.CategoryRegistryTests" runstate="Runnable" seed="665379994" result="Passed" start-time="2025-10-01 07:31:08Z" end-time="2025-10-01 07:31:08Z" duration="0.025332" asserts="0">
                <properties>
                  <property name="retryIteration" value="0" />
                  <property name="repeatIteration" value="0" />
                </properties>
              </test-case>
              <test-case id="1012" name="GetColor_ReturnsDefaultForUnregisteredCategory" fullname="IrsikSoftware.LogSmith.Tests.CategoryRegistryTests.GetColor_ReturnsDefaultForUnregisteredCategory" methodname="GetColor_ReturnsDefaultForUnregisteredCategory" classname="IrsikSoftware.LogSmith.Tests.CategoryRegistryTests" runstate="Runnable" seed="1859947902" result="Passed" start-time="2025-10-01 07:31:08Z" end-time="2025-10-01 07:31:08Z" duration="0.002512" asserts="0">
                <properties>
                  <property name="retryIteration" value="0" />
                  <property name="repeatIteration" value="0" />
                </properties>
              </test-case>
              <test-case id="1013" name="GetMetadata_ReturnsCompleteMetadata" fullname="IrsikSoftware.LogSmith.Tests.CategoryRegistryTests.GetMetadata_ReturnsCompleteMetadata" methodname="GetMetadata_ReturnsCompleteMetadata" classname="IrsikSoftware.LogSmith.Tests.CategoryRegistryTests" runstate="Runnable" seed="1917811948" result="Passed" start-time="2025-10-01 07:31:08Z" end-time="2025-10-01 07:31:08Z" duration="0.001372" asserts="0">
                <properties>
                  <property name="retryIteration" value="0" />
                  <property name="repeatIteration" value="0" />
                </properties>
              </test-case>
              <test-case id="1014" name="GetMetadata_ReturnsDefaultForUnregisteredCategory" fullname="IrsikSoftware.LogSmith.Tests.CategoryRegistryTests.GetMetadata_ReturnsDefaultForUnregisteredCategory" methodname="GetMetadata_ReturnsDefaultForUnregisteredCategory" classname="IrsikSoftware.LogSmith.Tests.CategoryRegistryTests" runstate="Runnable" seed="1484377835" result="Passed" start-time="2025-10-01 07:31:08Z" end-time="2025-10-01 07:31:08Z" duration="0.000806" asserts="0">
                <properties>
                  <property name="retryIteration" value="0" />
                  <property name="repeatIteration" value="0" />
                </properties>
              </test-case>
              <test-case id="1008" name="GetMinimumLevel_ReturnsDefaultForUnregisteredCategory" fullname="IrsikSoftware.LogSmith.Tests.CategoryRegistryTests.GetMinimumLevel_ReturnsDefaultForUnregisteredCategory" methodname="GetMinimumLevel_ReturnsDefaultForUnregisteredCategory" classname="IrsikSoftware.LogSmith.Tests.CategoryRegistryTests" runstate="Runnable" seed="1371319982" result="Passed" start-time="2025-10-01 07:31:08Z" end-time="2025-10-01 07:31:08Z" duration="0.000372" asserts="0">
                <properties>
                  <property name="retryIteration" value="0" />
                  <property name="repeatIteration" value="0" />
                </properties>
              </test-case>
              <test-case id="1016" name="HasCategory_ReturnsFalseForNullOrEmpty" fullname="IrsikSoftware.LogSmith.Tests.CategoryRegistryTests.HasCategory_ReturnsFalseForNullOrEmpty" methodname="HasCategory_ReturnsFalseForNullOrEmpty" classname="IrsikSoftware.LogSmith.Tests.CategoryRegistryTests" runstate="Runnable" seed="795333097" result="Passed" start-time="2025-10-01 07:31:08Z" end-time="2025-10-01 07:31:08Z" duration="0.002302" asserts="0">
                <properties>
                  <property name="retryIteration" value="0" />
                  <property name="repeatIteration" value="0" />
                </properties>
              </test-case>
              <test-case id="1010" name="IsEnabled_ReturnsTrueForUnregisteredCategory" fullname="IrsikSoftware.LogSmith.Tests.CategoryRegistryTests.IsEnabled_ReturnsTrueForUnregisteredCategory" methodname="IsEnabled_ReturnsTrueForUnregisteredCategory" classname="IrsikSoftware.LogSmith.Tests.CategoryRegistryTests" runstate="Runnable" seed="1938006798" result="Passed" start-time="2025-10-01 07:31:08Z" end-time="2025-10-01 07:31:08Z" duration="0.001101" asserts="0">
                <properties>
                  <property name="retryIteration" value="0" />
                  <property name="repeatIteration" value="0" />
                </properties>
              </test-case>
              <test-case id="1002" name="RegisterCategory_SimpleOverload_RegistersWithDefaultSettings" fullname="IrsikSoftware.LogSmith.Tests.CategoryRegistryTests.RegisterCategory_SimpleOverload_RegistersWithDefaultSettings" methodname="RegisterCategory_SimpleOverload_RegistersWithDefaultSettings" classname="IrsikSoftware.LogSmith.Tests.CategoryRegistryTests" runstate="Runnable" seed="725366781" result="Passed" start-time="2025-10-01 07:31:08Z" end-time="2025-10-01 07:31:08Z" duration="0.000468" asserts="0">
                <properties>
                  <property name="retryIteration" value="0" />
                  <property name="repeatIteration" value="0" />
                </properties>
              </test-case>
              <test-case id="1017" name="RegisterCategory_ThrowsForNullOrEmpty" fullname="IrsikSoftware.LogSmith.Tests.CategoryRegistryTests.RegisterCategory_ThrowsForNullOrEmpty" methodname="RegisterCategory_ThrowsForNullOrEmpty" classname="IrsikSoftware.LogSmith.Tests.CategoryRegistryTests" runstate="Runnable" seed="780337778" result="Passed" start-time="2025-10-01 07:31:08Z" end-time="2025-10-01 07:31:08Z" duration="0.002731" asserts="0">
                <properties>
                  <property name="retryIteration" value="0" />
                  <property name="repeatIteration" value="0" />
                </properties>
              </test-case>
              <test-case id="1003" name="RegisterCategory_WithMetadata_RegistersAllProperties" fullname="IrsikSoftware.LogSmith.Tests.CategoryRegistryTests.RegisterCategory_WithMetadata_RegistersAllProperties" methodname="RegisterCategory_WithMetadata_RegistersAllProperties" classname="IrsikSoftware.LogSmith.Tests.CategoryRegistryTests" runstate="Runnable" seed="844712617" result="Passed" start-time="2025-10-01 07:31:08Z" end-time="2025-10-01 07:31:08Z" duration="0.000294" asserts="0">
                <properties>
                  <property name="retryIteration" value="0" />
                  <property name="repeatIteration" value="0" />
                </properties>
              </test-case>
              <test-case id="1005" name="RenameCategory_PreservesMetadata" fullname="IrsikSoftware.LogSmith.Tests.CategoryRegistryTests.RenameCategory_PreservesMetadata" methodname="RenameCategory_PreservesMetadata" classname="IrsikSoftware.LogSmith.Tests.CategoryRegistryTests" runstate="Runnable" seed="1619271744" result="Passed" start-time="2025-10-01 07:31:08Z" end-time="2025-10-01 07:31:08Z" duration="0.000891" asserts="0">
                <properties>
                  <property name="retryIteration" value="0" />
                  <property name="repeatIteration" value="0" />
                </properties>
              </test-case>
              <test-case id="1011" name="SetColor_UpdatesColor" fullname="IrsikSoftware.LogSmith.Tests.CategoryRegistryTests.SetColor_UpdatesColor" methodname="SetColor_UpdatesColor" classname="IrsikSoftware.LogSmith.Tests.CategoryRegistryTests" runstate="Runnable" seed="929252380" result="Passed" start-time="2025-10-01 07:31:08Z" end-time="2025-10-01 07:31:08Z" duration="0.000318" asserts="0">
                <properties>
                  <property name="retryIteration" value="0" />
                  <property name="repeatIteration" value="0" />
                </properties>
              </test-case>
              <test-case id="1009" name="SetEnabled_UpdatesEnabledState" fullname="IrsikSoftware.LogSmith.Tests.CategoryRegistryTests.SetEnabled_UpdatesEnabledState" methodname="SetEnabled_UpdatesEnabledState" classname="IrsikSoftware.LogSmith.Tests.CategoryRegistryTests" runstate="Runnable" seed="1583679911" result="Passed" start-time="2025-10-01 07:31:08Z" end-time="2025-10-01 07:31:08Z" duration="0.000269" asserts="0">
                <properties>
                  <property name="retryIteration" value="0" />
                  <property name="repeatIteration" value="0" />
                </properties>
              </test-case>
              <test-case id="1007" name="SetMinimumLevel_AutoRegistersNewCategory" fullname="IrsikSoftware.LogSmith.Tests.CategoryRegistryTests.SetMinimumLevel_AutoRegistersNewCategory" methodname="SetMinimumLevel_AutoRegistersNewCategory" classname="IrsikSoftware.LogSmith.Tests.CategoryRegistryTests" runstate="Runnable" seed="831894249" result="Passed" start-time="2025-10-01 07:31:08Z" end-time="2025-10-01 07:31:08Z" duration="0.000273" asserts="0">
                <properties>
                  <property name="retryIteration" value="0" />
                  <property name="repeatIteration" value="0" />
                </properties>
              </test-case>
              <test-case id="1006" name="SetMinimumLevel_UpdatesExistingCategory" fullname="IrsikSoftware.LogSmith.Tests.CategoryRegistryTests.SetMinimumLevel_UpdatesExistingCategory" methodname="SetMinimumLevel_UpdatesExistingCategory" classname="IrsikSoftware.LogSmith.Tests.CategoryRegistryTests" runstate="Runnable" seed="847672065" result="Passed" start-time="2025-10-01 07:31:08Z" end-time="2025-10-01 07:31:08Z" duration="0.000146" asserts="0">
                <properties>
                  <property name="retryIteration" value="0" />
                  <property name="repeatIteration" value="0" />
                </properties>
              </test-case>
              <test-case id="1018" name="ThreadSafety_ConcurrentAccess_DoesNotThrow" fullname="IrsikSoftware.LogSmith.Tests.CategoryRegistryTests.ThreadSafety_ConcurrentAccess_DoesNotThrow" methodname="ThreadSafety_ConcurrentAccess_DoesNotThrow" classname="IrsikSoftware.LogSmith.Tests.CategoryRegistryTests" runstate="Runnable" seed="360936980" result="Passed" start-time="2025-10-01 07:31:08Z" end-time="2025-10-01 07:31:08Z" duration="0.007640" asserts="0">
                <properties>
                  <property name="retryIteration" value="0" />
                  <property name="repeatIteration" value="0" />
                </properties>
              </test-case>
              <test-case id="1004" name="UnregisterCategory_RemovesCategory" fullname="IrsikSoftware.LogSmith.Tests.CategoryRegistryTests.UnregisterCategory_RemovesCategory" methodname="UnregisterCategory_RemovesCategory" classname="IrsikSoftware.LogSmith.Tests.CategoryRegistryTests" runstate="Runnable" seed="2129060416" result="Passed" start-time="2025-10-01 07:31:08Z" end-time="2025-10-01 07:31:08Z" duration="0.000266" asserts="0">
                <properties>
                  <property name="retryIteration" value="0" />
                  <property name="repeatIteration" value="0" />
                </properties>
              </test-case>
            </test-suite>
            <test-suite type="TestFixture" id="1019" name="LogRouterCategoryIntegrationTests" fullname="IrsikSoftware.LogSmith.Tests.LogRouterCategoryIntegrationTests" classname="IrsikSoftware.LogSmith.Tests.LogRouterCategoryIntegrationTests" runstate="Runnable" testcasecount="9" result="Passed" start-time="2025-10-01 07:31:08Z" end-time="2025-10-01 07:31:08Z" duration="0.008020" total="9" passed="9" failed="0" inconclusive="0" skipped="0" asserts="0">
              <properties />
              <test-case id="1023" name="Route_CategoryFilterTakesPrecedenceOverRegistry" fullname="IrsikSoftware.LogSmith.Tests.LogRouterCategoryIntegrationTests.Route_CategoryFilterTakesPrecedenceOverRegistry" methodname="Route_CategoryFilterTakesPrecedenceOverRegistry" classname="IrsikSoftware.LogSmith.Tests.LogRouterCategoryIntegrationTests" runstate="Runnable" seed="331050471" result="Passed" start-time="2025-10-01 07:31:08Z" end-time="2025-10-01 07:31:08Z" duration="0.003295" asserts="0">
                <properties>
                  <property name="retryIteration" value="0" />
                  <property name="repeatIteration" value="0" />
                </properties>
              </test-case>
              <test-case id="1020" name="Route_DisabledCategory_FiltersOutMessage" fullname="IrsikSoftware.LogSmith.Tests.LogRouterCategoryIntegrationTests.Route_DisabledCategory_FiltersOutMessage" methodname="Route_DisabledCategory_FiltersOutMessage" classname="IrsikSoftware.LogSmith.Tests.LogRouterCategoryIntegrationTests" runstate="Runnable" seed="638206985" result="Passed" start-time="2025-10-01 07:31:08Z" end-time="2025-10-01 07:31:08Z" duration="0.000240" asserts="0">
                <properties>
                  <property name="retryIteration" value="0" />
                  <property name="repeatIteration" value="0" />
                </properties>
              </test-case>
              <test-case id="1026" name="Route_DynamicallyChangeMinimumLevel_FiltersAccordingly" fullname="IrsikSoftware.LogSmith.Tests.LogRouterCategoryIntegrationTests.Route_DynamicallyChangeMinimumLevel_FiltersAccordingly" methodname="Route_DynamicallyChangeMinimumLevel_FiltersAccordingly" classname="IrsikSoftware.LogSmith.Tests.LogRouterCategoryIntegrationTests" runstate="Runnable" seed="2012688707" result="Passed" start-time="2025-10-01 07:31:08Z" end-time="2025-10-01 07:31:08Z" duration="0.000348" asserts="0">
                <properties>
                  <property name="retryIteration" value="0" />
                  <property name="repeatIteration" value="0" />
                </properties>
              </test-case>
              <test-case id="1025" name="Route_DynamicallyDisableCategory_FiltersSubsequentMessages" fullname="IrsikSoftware.LogSmith.Tests.LogRouterCategoryIntegrationTests.Route_DynamicallyDisableCategory_FiltersSubsequentMessages" methodname="Route_DynamicallyDisableCategory_FiltersSubsequentMessages" classname="IrsikSoftware.LogSmith.Tests.LogRouterCategoryIntegrationTests" runstate="Runnable" seed="2000505028" result="Passed" start-time="2025-10-01 07:31:08Z" end-time="2025-10-01 07:31:08Z" duration="0.000283" asserts="0">
                <properties>
                  <property name="retryIteration" value="0" />
                  <property name="repeatIteration" value="0" />
                </properties>
              </test-case>
              <test-case id="1021" name="Route_EnabledCategory_AllowsMessage" fullname="IrsikSoftware.LogSmith.Tests.LogRouterCategoryIntegrationTests.Route_EnabledCategory_AllowsMessage" methodname="Route_EnabledCategory_AllowsMessage" classname="IrsikSoftware.LogSmith.Tests.LogRouterCategoryIntegrationTests" runstate="Runnable" seed="1282599761" result="Passed" start-time="2025-10-01 07:31:08Z" end-time="2025-10-01 07:31:08Z" duration="0.000226" asserts="0">
                <properties>
                  <property name="retryIteration" value="0" />
                  <property name="repeatIteration" value="0" />
                </properties>
              </test-case>
              <test-case id="1027" name="Route_EnabledStateCheckHappensFirmst_BeforeMinimumLevel" fullname="IrsikSoftware.LogSmith.Tests.LogRouterCategoryIntegrationTests.Route_EnabledStateCheckHappensFirmst_BeforeMinimumLevel" methodname="Route_EnabledStateCheckHappensFirmst_BeforeMinimumLevel" classname="IrsikSoftware.LogSmith.Tests.LogRouterCategoryIntegrationTests" runstate="Runnable" seed="553484963" result="Passed" start-time="2025-10-01 07:31:08Z" end-time="2025-10-01 07:31:08Z" duration="0.000214" asserts="0">
                <properties>
                  <property name="retryIteration" value="0" />
                  <property name="repeatIteration" value="0" />
                </properties>
              </test-case>
              <test-case id="1022" name="Route_RespectsRegistryMinimumLevel" fullname="IrsikSoftware.LogSmith.Tests.LogRouterCategoryIntegrationTests.Route_RespectsRegistryMinimumLevel" methodname="Route_RespectsRegistryMinimumLevel" classname="IrsikSoftware.LogSmith.Tests.LogRouterCategoryIntegrationTests" runstate="Runnable" seed="305590231" result="Passed" start-time="2025-10-01 07:31:08Z" end-time="2025-10-01 07:31:08Z" duration="0.000271" asserts="0">
                <properties>
                  <property name="retryIteration" value="0" />
                  <property name="repeatIteration" value="0" />
                </properties>
              </test-case>
              <test-case id="1024" name="Route_UnregisteredCategory_UsesGlobalMinimum" fullname="IrsikSoftware.LogSmith.Tests.LogRouterCategoryIntegrationTests.Route_UnregisteredCategory_UsesGlobalMinimum" methodname="Route_UnregisteredCategory_UsesGlobalMinimum" classname="IrsikSoftware.LogSmith.Tests.LogRouterCategoryIntegrationTests" runstate="Runnable" seed="1878030549" result="Passed" start-time="2025-10-01 07:31:08Z" end-time="2025-10-01 07:31:08Z" duration="0.000314" asserts="0">
                <properties>
                  <property name="retryIteration" value="0" />
                  <property name="repeatIteration" value="0" />
                </properties>
              </test-case>
              <test-case id="1028" name="Route_WithoutCategoryRegistry_WorksNormally" fullname="IrsikSoftware.LogSmith.Tests.LogRouterCategoryIntegrationTests.Route_WithoutCategoryRegistry_WorksNormally" methodname="Route_WithoutCategoryRegistry_WorksNormally" classname="IrsikSoftware.LogSmith.Tests.LogRouterCategoryIntegrationTests" runstate="Runnable" seed="1466584805" result="Passed" start-time="2025-10-01 07:31:08Z" end-time="2025-10-01 07:31:08Z" duration="0.000245" asserts="0">
                <properties>
                  <property name="retryIteration" value="0" />
                  <property name="repeatIteration" value="0" />
                </properties>
              </test-case>
            </test-suite>
            <test-suite type="TestFixture" id="1029" name="LogRouterTests" fullname="IrsikSoftware.LogSmith.Tests.LogRouterTests" classname="IrsikSoftware.LogSmith.Tests.LogRouterTests" runstate="Runnable" testcasecount="27" result="Passed" start-time="2025-10-01 07:31:08Z" end-time="2025-10-01 07:31:08Z" duration="0.042722" total="27" passed="27" failed="0" inconclusive="0" skipped="0" asserts="0">
              <properties />
              <test-case id="1045" name="ClearCategoryFilter_NullOrEmpty_DoesNotThrow" fullname="IrsikSoftware.LogSmith.Tests.LogRouterTests.ClearCategoryFilter_NullOrEmpty_DoesNotThrow" methodname="ClearCategoryFilter_NullOrEmpty_DoesNotThrow" classname="IrsikSoftware.LogSmith.Tests.LogRouterTests" runstate="Runnable" seed="2134282451" result="Passed" start-time="2025-10-01 07:31:08Z" end-time="2025-10-01 07:31:08Z" duration="0.001205" asserts="0">
                <properties>
                  <property name="retryIteration" value="0" />
                  <property name="repeatIteration" value="0" />
                </properties>
              </test-case>
              <test-case id="1044" name="ClearCategoryFilter_RemovesFilter" fullname="IrsikSoftware.LogSmith.Tests.LogRouterTests.ClearCategoryFilter_RemovesFilter" methodname="ClearCategoryFilter_RemovesFilter" classname="IrsikSoftware.LogSmith.Tests.LogRouterTests" runstate="Runnable" seed="1594187554" result="Passed" start-time="2025-10-01 07:31:08Z" end-time="2025-10-01 07:31:08Z" duration="0.000643" asserts="0">
                <properties>
                  <property name="retryIteration" value="0" />
                  <property name="repeatIteration" value="0" />
                </properties>
              </test-case>
              <test-case id="1030" name="RegisterSink_AddsSinkToRouter" fullname="IrsikSoftware.LogSmith.Tests.LogRouterTests.RegisterSink_AddsSinkToRouter" methodname="RegisterSink_AddsSinkToRouter" classname="IrsikSoftware.LogSmith.Tests.LogRouterTests" runstate="Runnable" seed="1307941543" result="Passed" start-time="2025-10-01 07:31:08Z" end-time="2025-10-01 07:31:08Z" duration="0.000171" asserts="0">
                <properties>
                  <property name="retryIteration" value="0" />
                  <property name="repeatIteration" value="0" />
                </properties>
              </test-case>
              <test-case id="1032" name="RegisterSink_SameSinkTwice_OnlyAddsOnce" fullname="IrsikSoftware.LogSmith.Tests.LogRouterTests.RegisterSink_SameSinkTwice_OnlyAddsOnce" methodname="RegisterSink_SameSinkTwice_OnlyAddsOnce" classname="IrsikSoftware.LogSmith.Tests.LogRouterTests" runstate="Runnable" seed="2063400185" result="Passed" start-time="2025-10-01 07:31:08Z" end-time="2025-10-01 07:31:08Z" duration="0.000241" asserts="0">
                <properties>
                  <property name="retryIteration" value="0" />
                  <property name="repeatIteration" value="0" />
                </properties>
              </test-case>
              <test-case id="1031" name="RegisterSink_ThrowsOnNull" fullname="IrsikSoftware.LogSmith.Tests.LogRouterTests.RegisterSink_ThrowsOnNull" methodname="RegisterSink_ThrowsOnNull" classname="IrsikSoftware.LogSmith.Tests.LogRouterTests" runstate="Runnable" seed="1081595946" result="Passed" start-time="2025-10-01 07:31:08Z" end-time="2025-10-01 07:31:08Z" duration="0.000210" asserts="0">
                <properties>
                  <property name="retryIteration" value="0" />
                  <property name="repeatIteration" value="0" />
                </properties>
              </test-case>
              <test-case id="1037" name="Route_MultipleSinks_PreservesRegistrationOrder" fullname="IrsikSoftware.LogSmith.Tests.LogRouterTests.Route_MultipleSinks_PreservesRegistrationOrder" methodname="Route_MultipleSinks_PreservesRegistrationOrder" classname="IrsikSoftware.LogSmith.Tests.LogRouterTests" runstate="Runnable" seed="1356295430" result="Passed" start-time="2025-10-01 07:31:08Z" end-time="2025-10-01 07:31:08Z" duration="0.000361" asserts="0">
                <properties>
                  <property name="retryIteration" value="0" />
                  <property name="repeatIteration" value="0" />
                </properties>
              </test-case>
              <test-case id="1036" name="Route_MultipleSinks_RoutesToAll" fullname="IrsikSoftware.LogSmith.Tests.LogRouterTests.Route_MultipleSinks_RoutesToAll" methodname="Route_MultipleSinks_RoutesToAll" classname="IrsikSoftware.LogSmith.Tests.LogRouterTests" runstate="Runnable" seed="43011525" result="Passed" start-time="2025-10-01 07:31:08Z" end-time="2025-10-01 07:31:08Z" duration="0.000294" asserts="0">
                <properties>
                  <property name="retryIteration" value="0" />
                  <property name="repeatIteration" value="0" />
                </properties>
              </test-case>
              <test-case id="1053" name="Route_NoSinksRegistered_DoesNotThrow" fullname="IrsikSoftware.LogSmith.Tests.LogRouterTests.Route_NoSinksRegistered_DoesNotThrow" methodname="Route_NoSinksRegistered_DoesNotThrow" classname="IrsikSoftware.LogSmith.Tests.LogRouterTests" runstate="Runnable" seed="1255646536" result="Passed" start-time="2025-10-01 07:31:08Z" end-time="2025-10-01 07:31:08Z" duration="0.000343" asserts="0">
                <properties>
                  <property name="retryIteration" value="0" />
                  <property name="repeatIteration" value="0" />
                </properties>
              </test-case>
              <test-case id="1054" name="Route_NoSubscribers_DoesNotThrow" fullname="IrsikSoftware.LogSmith.Tests.LogRouterTests.Route_NoSubscribers_DoesNotThrow" methodname="Route_NoSubscribers_DoesNotThrow" classname="IrsikSoftware.LogSmith.Tests.LogRouterTests" runstate="Runnable" seed="1658931797" result="Passed" start-time="2025-10-01 07:31:08Z" end-time="2025-10-01 07:31:08Z" duration="0.000542" asserts="0">
                <properties>
                  <property name="retryIteration" value="0" />
                  <property name="repeatIteration" value="0" />
                </properties>
              </test-case>
              <test-case id="1038" name="Route_OneSinkFails_OtherSinksStillReceiveMessages" fullname="IrsikSoftware.LogSmith.Tests.LogRouterTests.Route_OneSinkFails_OtherSinksStillReceiveMessages" methodname="Route_OneSinkFails_OtherSinksStillReceiveMessages" classname="IrsikSoftware.LogSmith.Tests.LogRouterTests" runstate="Runnable" seed="65302333" result="Passed" start-time="2025-10-01 07:31:08Z" end-time="2025-10-01 07:31:08Z" duration="0.003438" asserts="0">
                <properties>
                  <property name="retryIteration" value="0" />
                  <property name="repeatIteration" value="0" />
                </properties>
                <output><![CDATA[[LogSmith] Sink 'FailingSink' failed: FailingSink intentionally failed
]]></output>
              </test-case>
              <test-case id="1043" name="SetCategoryFilter_DifferentCategories_IndependentFiltering" fullname="IrsikSoftware.LogSmith.Tests.LogRouterTests.SetCategoryFilter_DifferentCategories_IndependentFiltering" methodname="SetCategoryFilter_DifferentCategories_IndependentFiltering" classname="IrsikSoftware.LogSmith.Tests.LogRouterTests" runstate="Runnable" seed="1949719157" result="Passed" start-time="2025-10-01 07:31:08Z" end-time="2025-10-01 07:31:08Z" duration="0.000402" asserts="0">
                <properties>
                  <property name="retryIteration" value="0" />
                  <property name="repeatIteration" value="0" />
                </properties>
              </test-case>
              <test-case id="1041" name="SetCategoryFilter_FiltersSpecificCategory" fullname="IrsikSoftware.LogSmith.Tests.LogRouterTests.SetCategoryFilter_FiltersSpecificCategory" methodname="SetCategoryFilter_FiltersSpecificCategory" classname="IrsikSoftware.LogSmith.Tests.LogRouterTests" runstate="Runnable" seed="1713987349" result="Passed" start-time="2025-10-01 07:31:08Z" end-time="2025-10-01 07:31:08Z" duration="0.000224" asserts="0">
                <properties>
                  <property name="retryIteration" value="0" />
                  <property name="repeatIteration" value="0" />
                </properties>
              </test-case>
              <test-case id="1042" name="SetCategoryFilter_ThrowsOnNullCategory" fullname="IrsikSoftware.LogSmith.Tests.LogRouterTests.SetCategoryFilter_ThrowsOnNullCategory" methodname="SetCategoryFilter_ThrowsOnNullCategory" classname="IrsikSoftware.LogSmith.Tests.LogRouterTests" runstate="Runnable" seed="1563749363" result="Passed" start-time="2025-10-01 07:31:08Z" end-time="2025-10-01 07:31:08Z" duration="0.000303" asserts="0">
                <properties>
                  <property name="retryIteration" value="0" />
                  <property name="repeatIteration" value="0" />
                </properties>
              </test-case>
              <test-case id="1040" name="SetGlobalMinimumLevel_DefaultIsTrace_AllowsAllLevels" fullname="IrsikSoftware.LogSmith.Tests.LogRouterTests.SetGlobalMinimumLevel_DefaultIsTrace_AllowsAllLevels" methodname="SetGlobalMinimumLevel_DefaultIsTrace_AllowsAllLevels" classname="IrsikSoftware.LogSmith.Tests.LogRouterTests" runstate="Runnable" seed="1416744966" result="Passed" start-time="2025-10-01 07:31:08Z" end-time="2025-10-01 07:31:08Z" duration="0.000211" asserts="0">
                <properties>
                  <property name="retryIteration" value="0" />
                  <property name="repeatIteration" value="0" />
                </properties>
              </test-case>
              <test-case id="1039" name="SetGlobalMinimumLevel_FiltersLowerLevels" fullname="IrsikSoftware.LogSmith.Tests.LogRouterTests.SetGlobalMinimumLevel_FiltersLowerLevels" methodname="SetGlobalMinimumLevel_FiltersLowerLevels" classname="IrsikSoftware.LogSmith.Tests.LogRouterTests" runstate="Runnable" seed="305583315" result="Passed" start-time="2025-10-01 07:31:08Z" end-time="2025-10-01 07:31:08Z" duration="0.000298" asserts="0">
                <properties>
                  <property name="retryIteration" value="0" />
                  <property name="repeatIteration" value="0" />
                </properties>
              </test-case>
              <test-case id="1049" name="Subscribe_Dispose_StopsReceivingMessages" fullname="IrsikSoftware.LogSmith.Tests.LogRouterTests.Subscribe_Dispose_StopsReceivingMessages" methodname="Subscribe_Dispose_StopsReceivingMessages" classname="IrsikSoftware.LogSmith.Tests.LogRouterTests" runstate="Runnable" seed="239857556" result="Passed" start-time="2025-10-01 07:31:08Z" end-time="2025-10-01 07:31:08Z" duration="0.000998" asserts="0">
                <properties>
                  <property name="retryIteration" value="0" />
                  <property name="repeatIteration" value="0" />
                </properties>
              </test-case>
              <test-case id="1050" name="Subscribe_DisposeMultipleTimes_DoesNotThrow" fullname="IrsikSoftware.LogSmith.Tests.LogRouterTests.Subscribe_DisposeMultipleTimes_DoesNotThrow" methodname="Subscribe_DisposeMultipleTimes_DoesNotThrow" classname="IrsikSoftware.LogSmith.Tests.LogRouterTests" runstate="Runnable" seed="32295750" result="Passed" start-time="2025-10-01 07:31:08Z" end-time="2025-10-01 07:31:08Z" duration="0.000353" asserts="0">
                <properties>
                  <property name="retryIteration" value="0" />
                  <property name="repeatIteration" value="0" />
                </properties>
              </test-case>
              <test-case id="1051" name="Subscribe_FailingSubscriber_DoesNotBlockOthers" fullname="IrsikSoftware.LogSmith.Tests.LogRouterTests.Subscribe_FailingSubscriber_DoesNotBlockOthers" methodname="Subscribe_FailingSubscriber_DoesNotBlockOthers" classname="IrsikSoftware.LogSmith.Tests.LogRouterTests" runstate="Runnable" seed="1451221046" result="Passed" start-time="2025-10-01 07:31:08Z" end-time="2025-10-01 07:31:08Z" duration="0.001414" asserts="0">
                <properties>
                  <property name="retryIteration" value="0" />
                  <property name="repeatIteration" value="0" />
                </properties>
                <output><![CDATA[[LogSmith] Subscriber failed: Subscriber failure
]]></output>
              </test-case>
              <test-case id="1052" name="Subscribe_FilteredMessage_SubscriberDoesNotReceive" fullname="IrsikSoftware.LogSmith.Tests.LogRouterTests.Subscribe_FilteredMessage_SubscriberDoesNotReceive" methodname="Subscribe_FilteredMessage_SubscriberDoesNotReceive" classname="IrsikSoftware.LogSmith.Tests.LogRouterTests" runstate="Runnable" seed="441897735" result="Passed" start-time="2025-10-01 07:31:08Z" end-time="2025-10-01 07:31:08Z" duration="0.000380" asserts="0">
                <properties>
                  <property name="retryIteration" value="0" />
                  <property name="repeatIteration" value="0" />
                </properties>
              </test-case>
              <test-case id="1048" name="Subscribe_MultipleSubscribers_AllReceiveMessages" fullname="IrsikSoftware.LogSmith.Tests.LogRouterTests.Subscribe_MultipleSubscribers_AllReceiveMessages" methodname="Subscribe_MultipleSubscribers_AllReceiveMessages" classname="IrsikSoftware.LogSmith.Tests.LogRouterTests" runstate="Runnable" seed="959307973" result="Passed" start-time="2025-10-01 07:31:08Z" end-time="2025-10-01 07:31:08Z" duration="0.000519" asserts="0">
                <properties>
                  <property name="retryIteration" value="0" />
                  <property name="repeatIteration" value="0" />
                </properties>
              </test-case>
              <test-case id="1046" name="Subscribe_ReceivesMessages" fullname="IrsikSoftware.LogSmith.Tests.LogRouterTests.Subscribe_ReceivesMessages" methodname="Subscribe_ReceivesMessages" classname="IrsikSoftware.LogSmith.Tests.LogRouterTests" runstate="Runnable" seed="156532782" result="Passed" start-time="2025-10-01 07:31:08Z" end-time="2025-10-01 07:31:08Z" duration="0.000308" asserts="0">
                <properties>
                  <property name="retryIteration" value="0" />
                  <property name="repeatIteration" value="0" />
                </properties>
              </test-case>
              <test-case id="1047" name="Subscribe_ThrowsOnNullHandler" fullname="IrsikSoftware.LogSmith.Tests.LogRouterTests.Subscribe_ThrowsOnNullHandler" methodname="Subscribe_ThrowsOnNullHandler" classname="IrsikSoftware.LogSmith.Tests.LogRouterTests" runstate="Runnable" seed="1619896618" result="Passed" start-time="2025-10-01 07:31:08Z" end-time="2025-10-01 07:31:08Z" duration="0.000213" asserts="0">
                <properties>
                  <property name="retryIteration" value="0" />
                  <property name="repeatIteration" value="0" />
                </properties>
              </test-case>
              <test-case id="1055" name="ThreadSafety_ConcurrentRouting_AllMessagesProcessed" fullname="IrsikSoftware.LogSmith.Tests.LogRouterTests.ThreadSafety_ConcurrentRouting_AllMessagesProcessed" methodname="ThreadSafety_ConcurrentRouting_AllMessagesProcessed" classname="IrsikSoftware.LogSmith.Tests.LogRouterTests" runstate="Runnable" seed="417363904" result="Passed" start-time="2025-10-01 07:31:08Z" end-time="2025-10-01 07:31:08Z" duration="0.002501" asserts="0">
                <properties>
                  <property name="retryIteration" value="0" />
                  <property name="repeatIteration" value="0" />
                </properties>
              </test-case>
              <test-case id="1056" name="ThreadSafety_ConcurrentSinkRegistration_DoesNotThrow" fullname="IrsikSoftware.LogSmith.Tests.LogRouterTests.ThreadSafety_ConcurrentSinkRegistration_DoesNotThrow" methodname="ThreadSafety_ConcurrentSinkRegistration_DoesNotThrow" classname="IrsikSoftware.LogSmith.Tests.LogRouterTests" runstate="Runnable" seed="1887919713" result="Passed" start-time="2025-10-01 07:31:08Z" end-time="2025-10-01 07:31:08Z" duration="0.010386" asserts="0">
                <properties>
                  <property name="retryIteration" value="0" />
                  <property name="repeatIteration" value="0" />
                </properties>
                <reason>
                  <message><![CDATA[]]></message>
                </reason>
              </test-case>
              <test-case id="1035" name="UnregisterSink_NonExistentSink_DoesNotThrow" fullname="IrsikSoftware.LogSmith.Tests.LogRouterTests.UnregisterSink_NonExistentSink_DoesNotThrow" methodname="UnregisterSink_NonExistentSink_DoesNotThrow" classname="IrsikSoftware.LogSmith.Tests.LogRouterTests" runstate="Runnable" seed="1607773512" result="Passed" start-time="2025-10-01 07:31:08Z" end-time="2025-10-01 07:31:08Z" duration="0.001659" asserts="0">
                <properties>
                  <property name="retryIteration" value="0" />
                  <property name="repeatIteration" value="0" />
                </properties>
              </test-case>
              <test-case id="1033" name="UnregisterSink_RemovesSink" fullname="IrsikSoftware.LogSmith.Tests.LogRouterTests.UnregisterSink_RemovesSink" methodname="UnregisterSink_RemovesSink" classname="IrsikSoftware.LogSmith.Tests.LogRouterTests" runstate="Runnable" seed="351167637" result="Passed" start-time="2025-10-01 07:31:08Z" end-time="2025-10-01 07:31:08Z" duration="0.001283" asserts="0">
                <properties>
                  <property name="retryIteration" value="0" />
                  <property name="repeatIteration" value="0" />
                </properties>
              </test-case>
              <test-case id="1034" name="UnregisterSink_ThrowsOnNull" fullname="IrsikSoftware.LogSmith.Tests.LogRouterTests.UnregisterSink_ThrowsOnNull" methodname="UnregisterSink_ThrowsOnNull" classname="IrsikSoftware.LogSmith.Tests.LogRouterTests" runstate="Runnable" seed="1825378746" result="Passed" start-time="2025-10-01 07:31:08Z" end-time="2025-10-01 07:31:08Z" duration="0.000945" asserts="0">
                <properties>
                  <property name="retryIteration" value="0" />
                  <property name="repeatIteration" value="0" />
                </properties>
              </test-case>
            </test-suite>
            <test-suite type="TestFixture" id="1057" name="MessageTemplateEnginePerformanceTests" fullname="IrsikSoftware.LogSmith.Tests.MessageTemplateEnginePerformanceTests" classname="IrsikSoftware.LogSmith.Tests.MessageTemplateEnginePerformanceTests" runstate="Runnable" testcasecount="12" result="Failed" site="Child" start-time="2025-10-01 07:31:08Z" end-time="2025-10-01 07:31:08Z" duration="0.489063" total="12" passed="11" failed="1" inconclusive="0" skipped="0" asserts="0">
              <properties />
              <failure>
                <message><![CDATA[One or more child tests had errors]]></message>
              </failure>
              <test-case id="1068" name="Format_AlternatingFormats_CompletesUnder2Milliseconds" fullname="IrsikSoftware.LogSmith.Tests.MessageTemplateEnginePerformanceTests.Format_AlternatingFormats_CompletesUnder2Milliseconds" methodname="Format_AlternatingFormats_CompletesUnder2Milliseconds" classname="IrsikSoftware.LogSmith.Tests.MessageTemplateEnginePerformanceTests" runstate="Runnable" seed="257550385" result="Passed" start-time="2025-10-01 07:31:08Z" end-time="2025-10-01 07:31:08Z" duration="0.039439" asserts="0">
                <properties>
                  <property name="retryIteration" value="0" />
                  <property name="repeatIteration" value="0" />
                </properties>
              </test-case>
              <test-case id="1059" name="Format_ComplexTemplate_CompletesUnder2Milliseconds" fullname="IrsikSoftware.LogSmith.Tests.MessageTemplateEnginePerformanceTests.Format_ComplexTemplate_CompletesUnder2Milliseconds" methodname="Format_ComplexTemplate_CompletesUnder2Milliseconds" classname="IrsikSoftware.LogSmith.Tests.MessageTemplateEnginePerformanceTests" runstate="Runnable" seed="2102974907" result="Passed" start-time="2025-10-01 07:31:08Z" end-time="2025-10-01 07:31:08Z" duration="0.032752" asserts="0">
                <properties>
                  <property name="retryIteration" value="0" />
                  <property name="repeatIteration" value="0" />
                </properties>
              </test-case>
              <test-case id="1064" name="Format_ConcurrentAccess_MaintainsPerformance" fullname="IrsikSoftware.LogSmith.Tests.MessageTemplateEnginePerformanceTests.Format_ConcurrentAccess_MaintainsPerformance" methodname="Format_ConcurrentAccess_MaintainsPerformance" classname="IrsikSoftware.LogSmith.Tests.MessageTemplateEnginePerformanceTests" runstate="Runnable" seed="1213277438" result="Passed" start-time="2025-10-01 07:31:08Z" end-time="2025-10-01 07:31:08Z" duration="0.020252" asserts="0">
                <properties>
                  <property name="retryIteration" value="0" />
                  <property name="repeatIteration" value="0" />
                </properties>
              </test-case>
              <test-case id="1060" name="Format_JsonFormat_CompletesUnder2Milliseconds" fullname="IrsikSoftware.LogSmith.Tests.MessageTemplateEnginePerformanceTests.Format_JsonFormat_CompletesUnder2Milliseconds" methodname="Format_JsonFormat_CompletesUnder2Milliseconds" classname="IrsikSoftware.LogSmith.Tests.MessageTemplateEnginePerformanceTests" runstate="Runnable" seed="1421119493" result="Passed" start-time="2025-10-01 07:31:08Z" end-time="2025-10-01 07:31:08Z" duration="0.011900" asserts="0">
                <properties>
                  <property name="retryIteration" value="0" />
                  <property name="repeatIteration" value="0" />
                </properties>
              </test-case>
              <test-case id="1066" name="Format_JsonWithLargeContext_CompletesUnder3Milliseconds" fullname="IrsikSoftware.LogSmith.Tests.MessageTemplateEnginePerformanceTests.Format_JsonWithLargeContext_CompletesUnder3Milliseconds" methodname="Format_JsonWithLargeContext_CompletesUnder3Milliseconds" classname="IrsikSoftware.LogSmith.Tests.MessageTemplateEnginePerformanceTests" runstate="Runnable" seed="2143749969" result="Passed" start-time="2025-10-01 07:31:08Z" end-time="2025-10-01 07:31:08Z" duration="0.055230" asserts="0">
                <properties>
                  <property name="retryIteration" value="0" />
                  <property name="repeatIteration" value="0" />
                </properties>
              </test-case>
              <test-case id="1065" name="Format_LargeContext_CompletesUnder2Milliseconds" fullname="IrsikSoftware.LogSmith.Tests.MessageTemplateEnginePerformanceTests.Format_LargeContext_CompletesUnder2Milliseconds" methodname="Format_LargeContext_CompletesUnder2Milliseconds" classname="IrsikSoftware.LogSmith.Tests.MessageTemplateEnginePerformanceTests" runstate="Runnable" seed="372122346" result="Passed" start-time="2025-10-01 07:31:08Z" end-time="2025-10-01 07:31:08Z" duration="0.009026" asserts="0">
                <properties>
                  <property name="retryIteration" value="0" />
                  <property name="repeatIteration" value="0" />
                </properties>
              </test-case>
              <test-case id="1062" name="Format_MalformedTokens_DoesNotDegradePerformance" fullname="IrsikSoftware.LogSmith.Tests.MessageTemplateEnginePerformanceTests.Format_MalformedTokens_DoesNotDegradePerformance" methodname="Format_MalformedTokens_DoesNotDegradePerformance" classname="IrsikSoftware.LogSmith.Tests.MessageTemplateEnginePerformanceTests" runstate="Runnable" seed="1294199067" result="Passed" start-time="2025-10-01 07:31:08Z" end-time="2025-10-01 07:31:08Z" duration="0.038877" asserts="0">
                <properties>
                  <property name="retryIteration" value="0" />
                  <property name="repeatIteration" value="0" />
                </properties>
              </test-case>
              <test-case id="1069" name="Format_NoContext_FasterThanWithContext" fullname="IrsikSoftware.LogSmith.Tests.MessageTemplateEnginePerformanceTests.Format_NoContext_FasterThanWithContext" methodname="Format_NoContext_FasterThanWithContext" classname="IrsikSoftware.LogSmith.Tests.MessageTemplateEnginePerformanceTests" runstate="Runnable" seed="953181895" result="Failed" start-time="2025-10-01 07:31:08Z" end-time="2025-10-01 07:31:08Z" duration="0.200211" asserts="0">
                <properties>
                  <property name="retryIteration" value="0" />
                  <property name="repeatIteration" value="0" />
                </properties>
                <failure>
                  <message><![CDATA[  No-context formatting (0.1370ms) should not be significantly slower than with-context (0.0600ms)
  Expected: less than or equal to 0.089999999999999997d
  But was:  0.13700000000000001d
]]></message>
                  <stack-trace><![CDATA[at IrsikSoftware.LogSmith.Tests.MessageTemplateEnginePerformanceTests.Format_NoContext_FasterThanWithContext () [0x000b2] in .\Packages\com.irsiksoftware.logsmith\Tests\Runtime\MessageTemplateEnginePerformanceTests.cs:343
]]></stack-trace>
                </failure>
              </test-case>
              <test-case id="1058" name="Format_SimpleTemplate_CompletesUnder1Millisecond" fullname="IrsikSoftware.LogSmith.Tests.MessageTemplateEnginePerformanceTests.Format_SimpleTemplate_CompletesUnder1Millisecond" methodname="Format_SimpleTemplate_CompletesUnder1Millisecond" classname="IrsikSoftware.LogSmith.Tests.MessageTemplateEnginePerformanceTests" runstate="Runnable" seed="1101738044" result="Passed" start-time="2025-10-01 07:31:08Z" end-time="2025-10-01 07:31:08Z" duration="0.026157" asserts="0">
                <properties>
                  <property name="retryIteration" value="0" />
                  <property name="repeatIteration" value="0" />
                </properties>
              </test-case>
              <test-case id="1061" name="Format_WithContextTokens_CompletesUnder1Millisecond" fullname="IrsikSoftware.LogSmith.Tests.MessageTemplateEnginePerformanceTests.Format_WithContextTokens_CompletesUnder1Millisecond" methodname="Format_WithContextTokens_CompletesUnder1Millisecond" classname="IrsikSoftware.LogSmith.Tests.MessageTemplateEnginePerformanceTests" runstate="Runnable" seed="259023822" result="Passed" start-time="2025-10-01 07:31:08Z" end-time="2025-10-01 07:31:08Z" duration="0.041618" asserts="0">
                <properties>
                  <property name="retryIteration" value="0" />
                  <property name="repeatIteration" value="0" />
                </properties>
              </test-case>
              <test-case id="1067" name="GetCategoryTemplate_RetrieveTemplate_CompletesUnder50Microseconds" fullname="IrsikSoftware.LogSmith.Tests.MessageTemplateEnginePerformanceTests.GetCategoryTemplate_RetrieveTemplate_CompletesUnder50Microseconds" methodname="GetCategoryTemplate_RetrieveTemplate_CompletesUnder50Microseconds" classname="IrsikSoftware.LogSmith.Tests.MessageTemplateEnginePerformanceTests" runstate="Runnable" seed="2115816611" result="Passed" start-time="2025-10-01 07:31:08Z" end-time="2025-10-01 07:31:08Z" duration="0.001069" asserts="0">
                <properties>
                  <property name="retryIteration" value="0" />
                  <property name="repeatIteration" value="0" />
                </properties>
              </test-case>
              <test-case id="1063" name="SetCategoryTemplate_UpdateTemplate_CompletesUnder100Microseconds" fullname="IrsikSoftware.LogSmith.Tests.MessageTemplateEnginePerformanceTests.SetCategoryTemplate_UpdateTemplate_CompletesUnder100Microseconds" methodname="SetCategoryTemplate_UpdateTemplate_CompletesUnder100Microseconds" classname="IrsikSoftware.LogSmith.Tests.MessageTemplateEnginePerformanceTests" runstate="Runnable" seed="1757866851" result="Passed" start-time="2025-10-01 07:31:08Z" end-time="2025-10-01 07:31:08Z" duration="0.000878" asserts="0">
                <properties>
                  <property name="retryIteration" value="0" />
                  <property name="repeatIteration" value="0" />
                </properties>
              </test-case>
            </test-suite>
            <test-suite type="TestFixture" id="1070" name="MessageTemplateEngineTests" fullname="IrsikSoftware.LogSmith.Tests.MessageTemplateEngineTests" classname="IrsikSoftware.LogSmith.Tests.MessageTemplateEngineTests" runstate="Runnable" testcasecount="22" result="Passed" start-time="2025-10-01 07:31:08Z" end-time="2025-10-01 07:31:08Z" duration="0.010434" total="22" passed="22" failed="0" inconclusive="0" skipped="0" asserts="0">
              <properties />
              <test-case id="1071" name="Format_AllStandardTokens_ReplacedCorrectly" fullname="IrsikSoftware.LogSmith.Tests.MessageTemplateEngineTests.Format_AllStandardTokens_ReplacedCorrectly" methodname="Format_AllStandardTokens_ReplacedCorrectly" classname="IrsikSoftware.LogSmith.Tests.MessageTemplateEngineTests" runstate="Runnable" seed="1073889865" result="Passed" start-time="2025-10-01 07:31:08Z" end-time="2025-10-01 07:31:08Z" duration="0.000453" asserts="0">
                <properties>
                  <property name="retryIteration" value="0" />
                  <property name="repeatIteration" value="0" />
                </properties>
              </test-case>
              <test-case id="1081" name="Format_CaseSensitiveTokens_HandledCorrectly" fullname="IrsikSoftware.LogSmith.Tests.MessageTemplateEngineTests.Format_CaseSensitiveTokens_HandledCorrectly" methodname="Format_CaseSensitiveTokens_HandledCorrectly" classname="IrsikSoftware.LogSmith.Tests.MessageTemplateEngineTests" runstate="Runnable" seed="1216174335" result="Passed" start-time="2025-10-01 07:31:08Z" end-time="2025-10-01 07:31:08Z" duration="0.000174" asserts="0">
                <properties>
                  <property name="retryIteration" value="0" />
                  <property name="repeatIteration" value="0" />
                </properties>
              </test-case>
              <test-case id="1091" name="Format_ComplexTemplate_AllTokensReplaced" fullname="IrsikSoftware.LogSmith.Tests.MessageTemplateEngineTests.Format_ComplexTemplate_AllTokensReplaced" methodname="Format_ComplexTemplate_AllTokensReplaced" classname="IrsikSoftware.LogSmith.Tests.MessageTemplateEngineTests" runstate="Runnable" seed="2067213546" result="Passed" start-time="2025-10-01 07:31:08Z" end-time="2025-10-01 07:31:08Z" duration="0.000187" asserts="0">
                <properties>
                  <property name="retryIteration" value="0" />
                  <property name="repeatIteration" value="0" />
                </properties>
              </test-case>
              <test-case id="1077" name="Format_ContextKeyAsToken_ResolvesFromDictionary" fullname="IrsikSoftware.LogSmith.Tests.MessageTemplateEngineTests.Format_ContextKeyAsToken_ResolvesFromDictionary" methodname="Format_ContextKeyAsToken_ResolvesFromDictionary" classname="IrsikSoftware.LogSmith.Tests.MessageTemplateEngineTests" runstate="Runnable" seed="1042254568" result="Passed" start-time="2025-10-01 07:31:08Z" end-time="2025-10-01 07:31:08Z" duration="0.000166" asserts="0">
                <properties>
                  <property name="retryIteration" value="0" />
                  <property name="repeatIteration" value="0" />
                </properties>
              </test-case>
              <test-case id="1076" name="Format_ContextToken_FormatsAllKeyValuePairs" fullname="IrsikSoftware.LogSmith.Tests.MessageTemplateEngineTests.Format_ContextToken_FormatsAllKeyValuePairs" methodname="Format_ContextToken_FormatsAllKeyValuePairs" classname="IrsikSoftware.LogSmith.Tests.MessageTemplateEngineTests" runstate="Runnable" seed="860875697" result="Passed" start-time="2025-10-01 07:31:08Z" end-time="2025-10-01 07:31:08Z" duration="0.000713" asserts="0">
                <properties>
                  <property name="retryIteration" value="0" />
                  <property name="repeatIteration" value="0" />
                </properties>
              </test-case>
              <test-case id="1084" name="Format_JsonEscaping_HandlesSpecialCharacters" fullname="IrsikSoftware.LogSmith.Tests.MessageTemplateEngineTests.Format_JsonEscaping_HandlesSpecialCharacters" methodname="Format_JsonEscaping_HandlesSpecialCharacters" classname="IrsikSoftware.LogSmith.Tests.MessageTemplateEngineTests" runstate="Runnable" seed="986202971" result="Passed" start-time="2025-10-01 07:31:08Z" end-time="2025-10-01 07:31:08Z" duration="0.000231" asserts="0">
                <properties>
                  <property name="retryIteration" value="0" />
                  <property name="repeatIteration" value="0" />
                </properties>
              </test-case>
              <test-case id="1082" name="Format_JsonFormat_ProducesValidJson" fullname="IrsikSoftware.LogSmith.Tests.MessageTemplateEngineTests.Format_JsonFormat_ProducesValidJson" methodname="Format_JsonFormat_ProducesValidJson" classname="IrsikSoftware.LogSmith.Tests.MessageTemplateEngineTests" runstate="Runnable" seed="1542455779" result="Passed" start-time="2025-10-01 07:31:08Z" end-time="2025-10-01 07:31:08Z" duration="0.000206" asserts="0">
                <properties>
                  <property name="retryIteration" value="0" />
                  <property name="repeatIteration" value="0" />
                </properties>
              </test-case>
              <test-case id="1083" name="Format_JsonWithContext_IncludesContextObject" fullname="IrsikSoftware.LogSmith.Tests.MessageTemplateEngineTests.Format_JsonWithContext_IncludesContextObject" methodname="Format_JsonWithContext_IncludesContextObject" classname="IrsikSoftware.LogSmith.Tests.MessageTemplateEngineTests" runstate="Runnable" seed="1736979657" result="Passed" start-time="2025-10-01 07:31:08Z" end-time="2025-10-01 07:31:08Z" duration="0.000189" asserts="0">
                <properties>
                  <property name="retryIteration" value="0" />
                  <property name="repeatIteration" value="0" />
                </properties>
              </test-case>
              <test-case id="1078" name="Format_MalformedToken_ReturnsTokenAsIs" fullname="IrsikSoftware.LogSmith.Tests.MessageTemplateEngineTests.Format_MalformedToken_ReturnsTokenAsIs" methodname="Format_MalformedToken_ReturnsTokenAsIs" classname="IrsikSoftware.LogSmith.Tests.MessageTemplateEngineTests" runstate="Runnable" seed="1215090605" result="Passed" start-time="2025-10-01 07:31:08Z" end-time="2025-10-01 07:31:08Z" duration="0.000172" asserts="0">
                <properties>
                  <property name="retryIteration" value="0" />
                  <property name="repeatIteration" value="0" />
                </properties>
              </test-case>
              <test-case id="1089" name="Format_MemoryToken_ReturnsNumericValue" fullname="IrsikSoftware.LogSmith.Tests.MessageTemplateEngineTests.Format_MemoryToken_ReturnsNumericValue" methodname="Format_MemoryToken_ReturnsNumericValue" classname="IrsikSoftware.LogSmith.Tests.MessageTemplateEngineTests" runstate="Runnable" seed="1498881160" result="Passed" start-time="2025-10-01 07:31:08Z" end-time="2025-10-01 07:31:08Z" duration="0.000352" asserts="0">
                <properties>
                  <property name="retryIteration" value="0" />
                  <property name="repeatIteration" value="0" />
                </properties>
              </test-case>
              <test-case id="1092" name="Format_MultipleCategories_MaintainsSeparateTemplates" fullname="IrsikSoftware.LogSmith.Tests.MessageTemplateEngineTests.Format_MultipleCategories_MaintainsSeparateTemplates" methodname="Format_MultipleCategories_MaintainsSeparateTemplates" classname="IrsikSoftware.LogSmith.Tests.MessageTemplateEngineTests" runstate="Runnable" seed="1192851174" result="Passed" start-time="2025-10-01 07:31:08Z" end-time="2025-10-01 07:31:08Z" duration="0.000224" asserts="0">
                <properties>
                  <property name="retryIteration" value="0" />
                  <property name="repeatIteration" value="0" />
                </properties>
              </test-case>
              <test-case id="1080" name="Format_NoTemplate_UsesDefault" fullname="IrsikSoftware.LogSmith.Tests.MessageTemplateEngineTests.Format_NoTemplate_UsesDefault" methodname="Format_NoTemplate_UsesDefault" classname="IrsikSoftware.LogSmith.Tests.MessageTemplateEngineTests" runstate="Runnable" seed="1857807516" result="Passed" start-time="2025-10-01 07:31:08Z" end-time="2025-10-01 07:31:08Z" duration="0.000178" asserts="0">
                <properties>
                  <property name="retryIteration" value="0" />
                  <property name="repeatIteration" value="0" />
                </properties>
              </test-case>
              <test-case id="1085" name="Format_OptionalFields_OmittedWhenEmpty" fullname="IrsikSoftware.LogSmith.Tests.MessageTemplateEngineTests.Format_OptionalFields_OmittedWhenEmpty" methodname="Format_OptionalFields_OmittedWhenEmpty" classname="IrsikSoftware.LogSmith.Tests.MessageTemplateEngineTests" runstate="Runnable" seed="527630082" result="Passed" start-time="2025-10-01 07:31:08Z" end-time="2025-10-01 07:31:08Z" duration="0.001669" asserts="0">
                <properties>
                  <property name="retryIteration" value="0" />
                  <property name="repeatIteration" value="0" />
                </properties>
              </test-case>
              <test-case id="1090" name="Format_StackToken_ReturnsStackTrace" fullname="IrsikSoftware.LogSmith.Tests.MessageTemplateEngineTests.Format_StackToken_ReturnsStackTrace" methodname="Format_StackToken_ReturnsStackTrace" classname="IrsikSoftware.LogSmith.Tests.MessageTemplateEngineTests" runstate="Runnable" seed="1552128947" result="Passed" start-time="2025-10-01 07:31:08Z" end-time="2025-10-01 07:31:08Z" duration="0.000171" asserts="0">
                <properties>
                  <property name="retryIteration" value="0" />
                  <property name="repeatIteration" value="0" />
                </properties>
              </test-case>
              <test-case id="1074" name="Format_ThreadToken_CombinesNameAndId" fullname="IrsikSoftware.LogSmith.Tests.MessageTemplateEngineTests.Format_ThreadToken_CombinesNameAndId" methodname="Format_ThreadToken_CombinesNameAndId" classname="IrsikSoftware.LogSmith.Tests.MessageTemplateEngineTests" runstate="Runnable" seed="1140482689" result="Passed" start-time="2025-10-01 07:31:08Z" end-time="2025-10-01 07:31:08Z" duration="0.000158" asserts="0">
                <properties>
                  <property name="retryIteration" value="0" />
                  <property name="repeatIteration" value="0" />
                </properties>
              </test-case>
              <test-case id="1075" name="Format_ThreadTokenNoName_ShowsIdOnly" fullname="IrsikSoftware.LogSmith.Tests.MessageTemplateEngineTests.Format_ThreadTokenNoName_ShowsIdOnly" methodname="Format_ThreadTokenNoName_ShowsIdOnly" classname="IrsikSoftware.LogSmith.Tests.MessageTemplateEngineTests" runstate="Runnable" seed="1885955777" result="Passed" start-time="2025-10-01 07:31:08Z" end-time="2025-10-01 07:31:08Z" duration="0.000176" asserts="0">
                <properties>
                  <property name="retryIteration" value="0" />
                  <property name="repeatIteration" value="0" />
                </properties>
              </test-case>
              <test-case id="1072" name="Format_TimestampWithCustomFormat_FormatsCorrectly" fullname="IrsikSoftware.LogSmith.Tests.MessageTemplateEngineTests.Format_TimestampWithCustomFormat_FormatsCorrectly" methodname="Format_TimestampWithCustomFormat_FormatsCorrectly" classname="IrsikSoftware.LogSmith.Tests.MessageTemplateEngineTests" runstate="Runnable" seed="1303852717" result="Passed" start-time="2025-10-01 07:31:08Z" end-time="2025-10-01 07:31:08Z" duration="0.000166" asserts="0">
                <properties>
                  <property name="retryIteration" value="0" />
                  <property name="repeatIteration" value="0" />
                </properties>
              </test-case>
              <test-case id="1073" name="Format_TimestampWithoutFormat_UsesISO8601" fullname="IrsikSoftware.LogSmith.Tests.MessageTemplateEngineTests.Format_TimestampWithoutFormat_UsesISO8601" methodname="Format_TimestampWithoutFormat_UsesISO8601" classname="IrsikSoftware.LogSmith.Tests.MessageTemplateEngineTests" runstate="Runnable" seed="1929976270" result="Passed" start-time="2025-10-01 07:31:08Z" end-time="2025-10-01 07:31:08Z" duration="0.000378" asserts="0">
                <properties>
                  <property name="retryIteration" value="0" />
                  <property name="repeatIteration" value="0" />
                </properties>
              </test-case>
              <test-case id="1088" name="GetCategoryTemplate_ReturnsDefaultForUnsetCategory" fullname="IrsikSoftware.LogSmith.Tests.MessageTemplateEngineTests.GetCategoryTemplate_ReturnsDefaultForUnsetCategory" methodname="GetCategoryTemplate_ReturnsDefaultForUnsetCategory" classname="IrsikSoftware.LogSmith.Tests.MessageTemplateEngineTests" runstate="Runnable" seed="769270114" result="Passed" start-time="2025-10-01 07:31:08Z" end-time="2025-10-01 07:31:08Z" duration="0.000185" asserts="0">
                <properties>
                  <property name="retryIteration" value="0" />
                  <property name="repeatIteration" value="0" />
                </properties>
              </test-case>
              <test-case id="1079" name="SetCategoryTemplate_EmptyString_ThrowsArgumentNullException" fullname="IrsikSoftware.LogSmith.Tests.MessageTemplateEngineTests.SetCategoryTemplate_EmptyString_ThrowsArgumentNullException" methodname="SetCategoryTemplate_EmptyString_ThrowsArgumentNullException" classname="IrsikSoftware.LogSmith.Tests.MessageTemplateEngineTests" runstate="Runnable" seed="1973047580" result="Passed" start-time="2025-10-01 07:31:08Z" end-time="2025-10-01 07:31:08Z" duration="0.000208" asserts="0">
                <properties>
                  <property name="retryIteration" value="0" />
                  <property name="repeatIteration" value="0" />
                </properties>
              </test-case>
              <test-case id="1086" name="SetCategoryTemplate_ThrowsOnNullCategory" fullname="IrsikSoftware.LogSmith.Tests.MessageTemplateEngineTests.SetCategoryTemplate_ThrowsOnNullCategory" methodname="SetCategoryTemplate_ThrowsOnNullCategory" classname="IrsikSoftware.LogSmith.Tests.MessageTemplateEngineTests" runstate="Runnable" seed="1455171547" result="Passed" start-time="2025-10-01 07:31:08Z" end-time="2025-10-01 07:31:08Z" duration="0.000191" asserts="0">
                <properties>
                  <property name="retryIteration" value="0" />
                  <property name="repeatIteration" value="0" />
                </properties>
              </test-case>
              <test-case id="1087" name="SetCategoryTemplate_ThrowsOnNullTemplate" fullname="IrsikSoftware.LogSmith.Tests.MessageTemplateEngineTests.SetCategoryTemplate_ThrowsOnNullTemplate" methodname="SetCategoryTemplate_ThrowsOnNullTemplate" classname="IrsikSoftware.LogSmith.Tests.MessageTemplateEngineTests" runstate="Runnable" seed="376848075" result="Passed" start-time="2025-10-01 07:31:08Z" end-time="2025-10-01 07:31:08Z" duration="0.000178" asserts="0">
                <properties>
                  <property name="retryIteration" value="0" />
                  <property name="repeatIteration" value="0" />
                </properties>
              </test-case>
            </test-suite>
            <test-suite type="TestFixture" id="1093" name="PerCategoryMinLevelMatrixTests" fullname="IrsikSoftware.LogSmith.Tests.PerCategoryMinLevelMatrixTests" classname="IrsikSoftware.LogSmith.Tests.PerCategoryMinLevelMatrixTests" runstate="Runnable" testcasecount="118" result="Passed" start-time="2025-10-01 07:31:08Z" end-time="2025-10-01 07:31:08Z" duration="0.049362" total="118" passed="118" failed="0" inconclusive="0" skipped="0" asserts="0">
              <properties />
              <test-suite type="ParameterizedMethod" id="1167" name="CategoryMinLevel_Matrix_FiltersCorrectly" fullname="IrsikSoftware.LogSmith.Tests.PerCategoryMinLevelMatrixTests.CategoryMinLevel_Matrix_FiltersCorrectly" classname="IrsikSoftware.LogSmith.Tests.PerCategoryMinLevelMatrixTests" runstate="Runnable" testcasecount="36" result="Passed" start-time="2025-10-01 07:31:08Z" end-time="2025-10-01 07:31:08Z" duration="0.011986" total="36" passed="36" failed="0" inconclusive="0" skipped="0" asserts="0">
                <properties />
                <test-case id="1131" name="CategoryMinLevel_Matrix_FiltersCorrectly(Trace,Trace)" fullname="IrsikSoftware.LogSmith.Tests.PerCategoryMinLevelMatrixTests.CategoryMinLevel_Matrix_FiltersCorrectly(Trace,Trace)" methodname="CategoryMinLevel_Matrix_FiltersCorrectly" classname="IrsikSoftware.LogSmith.Tests.PerCategoryMinLevelMatrixTests" runstate="Runnable" seed="1394895718" result="Passed" start-time="2025-10-01 07:31:08Z" end-time="2025-10-01 07:31:08Z" duration="0.000628" asserts="0">
                  <properties>
                    <property name="retryIteration" value="0" />
                    <property name="repeatIteration" value="0" />
                  </properties>
                </test-case>
                <test-case id="1132" name="CategoryMinLevel_Matrix_FiltersCorrectly(Trace,Debug)" fullname="IrsikSoftware.LogSmith.Tests.PerCategoryMinLevelMatrixTests.CategoryMinLevel_Matrix_FiltersCorrectly(Trace,Debug)" methodname="CategoryMinLevel_Matrix_FiltersCorrectly" classname="IrsikSoftware.LogSmith.Tests.PerCategoryMinLevelMatrixTests" runstate="Runnable" seed="1309093772" result="Passed" start-time="2025-10-01 07:31:08Z" end-time="2025-10-01 07:31:08Z" duration="0.000090" asserts="0">
                  <properties>
                    <property name="retryIteration" value="0" />
                    <property name="repeatIteration" value="0" />
                  </properties>
                </test-case>
                <test-case id="1133" name="CategoryMinLevel_Matrix_FiltersCorrectly(Trace,Info)" fullname="IrsikSoftware.LogSmith.Tests.PerCategoryMinLevelMatrixTests.CategoryMinLevel_Matrix_FiltersCorrectly(Trace,Info)" methodname="CategoryMinLevel_Matrix_FiltersCorrectly" classname="IrsikSoftware.LogSmith.Tests.PerCategoryMinLevelMatrixTests" runstate="Runnable" seed="553429366" result="Passed" start-time="2025-10-01 07:31:08Z" end-time="2025-10-01 07:31:08Z" duration="0.000078" asserts="0">
                  <properties>
                    <property name="retryIteration" value="0" />
                    <property name="repeatIteration" value="0" />
                  </properties>
                </test-case>
                <test-case id="1134" name="CategoryMinLevel_Matrix_FiltersCorrectly(Trace,Warn)" fullname="IrsikSoftware.LogSmith.Tests.PerCategoryMinLevelMatrixTests.CategoryMinLevel_Matrix_FiltersCorrectly(Trace,Warn)" methodname="CategoryMinLevel_Matrix_FiltersCorrectly" classname="IrsikSoftware.LogSmith.Tests.PerCategoryMinLevelMatrixTests" runstate="Runnable" seed="514960798" result="Passed" start-time="2025-10-01 07:31:08Z" end-time="2025-10-01 07:31:08Z" duration="0.000074" asserts="0">
                  <properties>
                    <property name="retryIteration" value="0" />
                    <property name="repeatIteration" value="0" />
                  </properties>
                </test-case>
                <test-case id="1135" name="CategoryMinLevel_Matrix_FiltersCorrectly(Trace,Error)" fullname="IrsikSoftware.LogSmith.Tests.PerCategoryMinLevelMatrixTests.CategoryMinLevel_Matrix_FiltersCorrectly(Trace,Error)" methodname="CategoryMinLevel_Matrix_FiltersCorrectly" classname="IrsikSoftware.LogSmith.Tests.PerCategoryMinLevelMatrixTests" runstate="Runnable" seed="1637869740" result="Passed" start-time="2025-10-01 07:31:08Z" end-time="2025-10-01 07:31:08Z" duration="0.000075" asserts="0">
                  <properties>
                    <property name="retryIteration" value="0" />
                    <property name="repeatIteration" value="0" />
                  </properties>
                </test-case>
                <test-case id="1136" name="CategoryMinLevel_Matrix_FiltersCorrectly(Trace,Critical)" fullname="IrsikSoftware.LogSmith.Tests.PerCategoryMinLevelMatrixTests.CategoryMinLevel_Matrix_FiltersCorrectly(Trace,Critical)" methodname="CategoryMinLevel_Matrix_FiltersCorrectly" classname="IrsikSoftware.LogSmith.Tests.PerCategoryMinLevelMatrixTests" runstate="Runnable" seed="1689211605" result="Passed" start-time="2025-10-01 07:31:08Z" end-time="2025-10-01 07:31:08Z" duration="0.000104" asserts="0">
                  <properties>
                    <property name="retryIteration" value="0" />
                    <property name="repeatIteration" value="0" />
                  </properties>
                </test-case>
                <test-case id="1137" name="CategoryMinLevel_Matrix_FiltersCorrectly(Debug,Trace)" fullname="IrsikSoftware.LogSmith.Tests.PerCategoryMinLevelMatrixTests.CategoryMinLevel_Matrix_FiltersCorrectly(Debug,Trace)" methodname="CategoryMinLevel_Matrix_FiltersCorrectly" classname="IrsikSoftware.LogSmith.Tests.PerCategoryMinLevelMatrixTests" runstate="Runnable" seed="29256952" result="Passed" start-time="2025-10-01 07:31:08Z" end-time="2025-10-01 07:31:08Z" duration="0.000085" asserts="0">
                  <properties>
                    <property name="retryIteration" value="0" />
                    <property name="repeatIteration" value="0" />
                  </properties>
                </test-case>
                <test-case id="1138" name="CategoryMinLevel_Matrix_FiltersCorrectly(Debug,Debug)" fullname="IrsikSoftware.LogSmith.Tests.PerCategoryMinLevelMatrixTests.CategoryMinLevel_Matrix_FiltersCorrectly(Debug,Debug)" methodname="CategoryMinLevel_Matrix_FiltersCorrectly" classname="IrsikSoftware.LogSmith.Tests.PerCategoryMinLevelMatrixTests" runstate="Runnable" seed="151203263" result="Passed" start-time="2025-10-01 07:31:08Z" end-time="2025-10-01 07:31:08Z" duration="0.000079" asserts="0">
                  <properties>
                    <property name="retryIteration" value="0" />
                    <property name="repeatIteration" value="0" />
                  </properties>
                </test-case>
                <test-case id="1139" name="CategoryMinLevel_Matrix_FiltersCorrectly(Debug,Info)" fullname="IrsikSoftware.LogSmith.Tests.PerCategoryMinLevelMatrixTests.CategoryMinLevel_Matrix_FiltersCorrectly(Debug,Info)" methodname="CategoryMinLevel_Matrix_FiltersCorrectly" classname="IrsikSoftware.LogSmith.Tests.PerCategoryMinLevelMatrixTests" runstate="Runnable" seed="332074136" result="Passed" start-time="2025-10-01 07:31:08Z" end-time="2025-10-01 07:31:08Z" duration="0.000077" asserts="0">
                  <properties>
                    <property name="retryIteration" value="0" />
                    <property name="repeatIteration" value="0" />
                  </properties>
                </test-case>
                <test-case id="1140" name="CategoryMinLevel_Matrix_FiltersCorrectly(Debug,Warn)" fullname="IrsikSoftware.LogSmith.Tests.PerCategoryMinLevelMatrixTests.CategoryMinLevel_Matrix_FiltersCorrectly(Debug,Warn)" methodname="CategoryMinLevel_Matrix_FiltersCorrectly" classname="IrsikSoftware.LogSmith.Tests.PerCategoryMinLevelMatrixTests" runstate="Runnable" seed="1705949507" result="Passed" start-time="2025-10-01 07:31:08Z" end-time="2025-10-01 07:31:08Z" duration="0.000076" asserts="0">
                  <properties>
                    <property name="retryIteration" value="0" />
                    <property name="repeatIteration" value="0" />
                  </properties>
                </test-case>
                <test-case id="1141" name="CategoryMinLevel_Matrix_FiltersCorrectly(Debug,Error)" fullname="IrsikSoftware.LogSmith.Tests.PerCategoryMinLevelMatrixTests.CategoryMinLevel_Matrix_FiltersCorrectly(Debug,Error)" methodname="CategoryMinLevel_Matrix_FiltersCorrectly" classname="IrsikSoftware.LogSmith.Tests.PerCategoryMinLevelMatrixTests" runstate="Runnable" seed="267234776" result="Passed" start-time="2025-10-01 07:31:08Z" end-time="2025-10-01 07:31:08Z" duration="0.000075" asserts="0">
                  <properties>
                    <property name="retryIteration" value="0" />
                    <property name="repeatIteration" value="0" />
                  </properties>
                </test-case>
                <test-case id="1142" name="CategoryMinLevel_Matrix_FiltersCorrectly(Debug,Critical)" fullname="IrsikSoftware.LogSmith.Tests.PerCategoryMinLevelMatrixTests.CategoryMinLevel_Matrix_FiltersCorrectly(Debug,Critical)" methodname="CategoryMinLevel_Matrix_FiltersCorrectly" classname="IrsikSoftware.LogSmith.Tests.PerCategoryMinLevelMatrixTests" runstate="Runnable" seed="560914567" result="Passed" start-time="2025-10-01 07:31:08Z" end-time="2025-10-01 07:31:08Z" duration="0.000084" asserts="0">
                  <properties>
                    <property name="retryIteration" value="0" />
                    <property name="repeatIteration" value="0" />
                  </properties>
                </test-case>
                <test-case id="1143" name="CategoryMinLevel_Matrix_FiltersCorrectly(Info,Trace)" fullname="IrsikSoftware.LogSmith.Tests.PerCategoryMinLevelMatrixTests.CategoryMinLevel_Matrix_FiltersCorrectly(Info,Trace)" methodname="CategoryMinLevel_Matrix_FiltersCorrectly" classname="IrsikSoftware.LogSmith.Tests.PerCategoryMinLevelMatrixTests" runstate="Runnable" seed="846993111" result="Passed" start-time="2025-10-01 07:31:08Z" end-time="2025-10-01 07:31:08Z" duration="0.000075" asserts="0">
                  <properties>
                    <property name="retryIteration" value="0" />
                    <property name="repeatIteration" value="0" />
                  </properties>
                </test-case>
                <test-case id="1144" name="CategoryMinLevel_Matrix_FiltersCorrectly(Info,Debug)" fullname="IrsikSoftware.LogSmith.Tests.PerCategoryMinLevelMatrixTests.CategoryMinLevel_Matrix_FiltersCorrectly(Info,Debug)" methodname="CategoryMinLevel_Matrix_FiltersCorrectly" classname="IrsikSoftware.LogSmith.Tests.PerCategoryMinLevelMatrixTests" runstate="Runnable" seed="1463904331" result="Passed" start-time="2025-10-01 07:31:08Z" end-time="2025-10-01 07:31:08Z" duration="0.000071" asserts="0">
                  <properties>
                    <property name="retryIteration" value="0" />
                    <property name="repeatIteration" value="0" />
                  </properties>
                </test-case>
                <test-case id="1145" name="CategoryMinLevel_Matrix_FiltersCorrectly(Info,Info)" fullname="IrsikSoftware.LogSmith.Tests.PerCategoryMinLevelMatrixTests.CategoryMinLevel_Matrix_FiltersCorrectly(Info,Info)" methodname="CategoryMinLevel_Matrix_FiltersCorrectly" classname="IrsikSoftware.LogSmith.Tests.PerCategoryMinLevelMatrixTests" runstate="Runnable" seed="31648419" result="Passed" start-time="2025-10-01 07:31:08Z" end-time="2025-10-01 07:31:08Z" duration="0.000092" asserts="0">
                  <properties>
                    <property name="retryIteration" value="0" />
                    <property name="repeatIteration" value="0" />
                  </properties>
                </test-case>
                <test-case id="1146" name="CategoryMinLevel_Matrix_FiltersCorrectly(Info,Warn)" fullname="IrsikSoftware.LogSmith.Tests.PerCategoryMinLevelMatrixTests.CategoryMinLevel_Matrix_FiltersCorrectly(Info,Warn)" methodname="CategoryMinLevel_Matrix_FiltersCorrectly" classname="IrsikSoftware.LogSmith.Tests.PerCategoryMinLevelMatrixTests" runstate="Runnable" seed="1753825158" result="Passed" start-time="2025-10-01 07:31:08Z" end-time="2025-10-01 07:31:08Z" duration="0.000130" asserts="0">
                  <properties>
                    <property name="retryIteration" value="0" />
                    <property name="repeatIteration" value="0" />
                  </properties>
                </test-case>
                <test-case id="1147" name="CategoryMinLevel_Matrix_FiltersCorrectly(Info,Error)" fullname="IrsikSoftware.LogSmith.Tests.PerCategoryMinLevelMatrixTests.CategoryMinLevel_Matrix_FiltersCorrectly(Info,Error)" methodname="CategoryMinLevel_Matrix_FiltersCorrectly" classname="IrsikSoftware.LogSmith.Tests.PerCategoryMinLevelMatrixTests" runstate="Runnable" seed="955032592" result="Passed" start-time="2025-10-01 07:31:08Z" end-time="2025-10-01 07:31:08Z" duration="0.000193" asserts="0">
                  <properties>
                    <property name="retryIteration" value="0" />
                    <property name="repeatIteration" value="0" />
                  </properties>
                </test-case>
                <test-case id="1148" name="CategoryMinLevel_Matrix_FiltersCorrectly(Info,Critical)" fullname="IrsikSoftware.LogSmith.Tests.PerCategoryMinLevelMatrixTests.CategoryMinLevel_Matrix_FiltersCorrectly(Info,Critical)" methodname="CategoryMinLevel_Matrix_FiltersCorrectly" classname="IrsikSoftware.LogSmith.Tests.PerCategoryMinLevelMatrixTests" runstate="Runnable" seed="1642315239" result="Passed" start-time="2025-10-01 07:31:08Z" end-time="2025-10-01 07:31:08Z" duration="0.000159" asserts="0">
                  <properties>
                    <property name="retryIteration" value="0" />
                    <property name="repeatIteration" value="0" />
                  </properties>
                </test-case>
[...]
[LogSmith] UnityLoggingBootstrap disposed
]]></output>
                </test-case>
                <test-case id="1266" name="Bootstrap_RegistersSinks_WithRouter" fullname="IrsikSoftware.LogSmith.Tests.Runtime.UnityLoggingBootstrapTests.Bootstrap_RegistersSinks_WithRouter" methodname="Bootstrap_RegistersSinks_WithRouter" classname="IrsikSoftware.LogSmith.Tests.Runtime.UnityLoggingBootstrapTests" runstate="Runnable" seed="81982213" result="Passed" start-time="2025-10-01 07:31:09Z" end-time="2025-10-01 07:31:09Z" duration="0.015825" asserts="0">
                  <properties>
                    <property name="retryIteration" value="0" />
                    <property name="repeatIteration" value="0" />
                  </properties>
                  <output><![CDATA[[LogSmith] UnityLoggingBootstrap initialized - Console: True, File: True, Rotation: True, Format: Text
[LogSmith] UnityLoggingBootstrap disposed
]]></output>
                </test-case>
                <test-case id="1270" name="Bootstrap_ReloadSettings_UpdatesMinimumLevel" fullname="IrsikSoftware.LogSmith.Tests.Runtime.UnityLoggingBootstrapTests.Bootstrap_ReloadSettings_UpdatesMinimumLevel" methodname="Bootstrap_ReloadSettings_UpdatesMinimumLevel" classname="IrsikSoftware.LogSmith.Tests.Runtime.UnityLoggingBootstrapTests" runstate="Runnable" seed="1725418790" result="Passed" start-time="2025-10-01 07:31:09Z" end-time="2025-10-01 07:31:09Z" duration="0.005114" asserts="0">
                  <properties>
                    <property name="retryIteration" value="0" />
                    <property name="repeatIteration" value="0" />
                  </properties>
                  <output><![CDATA[[LogSmith] UnityLoggingBootstrap initialized - Console: True, File: False, Rotation: True, Format: Text
[LogSmith] Reloading logging settings...
[LogSmith] Settings reloaded - MinLevel: Error, Format: Text
[LogSmith] UnityLoggingBootstrap disposed
]]></output>
                </test-case>
                <test-case id="1280" name="Bootstrap_ReloadSettings_UpdatesPerCategoryMinLevels" fullname="IrsikSoftware.LogSmith.Tests.Runtime.UnityLoggingBootstrapTests.Bootstrap_ReloadSettings_UpdatesPerCategoryMinLevels" methodname="Bootstrap_ReloadSettings_UpdatesPerCategoryMinLevels" classname="IrsikSoftware.LogSmith.Tests.Runtime.UnityLoggingBootstrapTests" runstate="Runnable" seed="345400273" result="Passed" start-time="2025-10-01 07:31:09Z" end-time="2025-10-01 07:31:09Z" duration="0.006140" asserts="0">
                  <properties>
                    <property name="retryIteration" value="0" />
                    <property name="repeatIteration" value="0" />
                  </properties>
                  <output><![CDATA[[LogSmith] UnityLoggingBootstrap initialized - Console: True, File: False, Rotation: True, Format: Text
[LogSmith] Reloading logging settings...
[LogSmith] Settings reloaded - MinLevel: Trace, Format: Text
[LogSmith] UnityLoggingBootstrap disposed
]]></output>
                </test-case>
                <test-case id="1267" name="Bootstrap_SetsGlobalMinimumLevel" fullname="IrsikSoftware.LogSmith.Tests.Runtime.UnityLoggingBootstrapTests.Bootstrap_SetsGlobalMinimumLevel" methodname="Bootstrap_SetsGlobalMinimumLevel" classname="IrsikSoftware.LogSmith.Tests.Runtime.UnityLoggingBootstrapTests" runstate="Runnable" seed="2121710079" result="Passed" start-time="2025-10-01 07:31:09Z" end-time="2025-10-01 07:31:09Z" duration="0.003164" asserts="0">
                  <properties>
                    <property name="retryIteration" value="0" />
                    <property name="repeatIteration" value="0" />
                  </properties>
                  <output><![CDATA[[LogSmith] UnityLoggingBootstrap initialized - Console: True, File: False, Rotation: True, Format: Text
[LogSmith] UnityLoggingBootstrap disposed
]]></output>
                </test-case>
                <test-case id="1271" name="Bootstrap_SwitchFormat_ChangesFileSinkFormat" fullname="IrsikSoftware.LogSmith.Tests.Runtime.UnityLoggingBootstrapTests.Bootstrap_SwitchFormat_ChangesFileSinkFormat" methodname="Bootstrap_SwitchFormat_ChangesFileSinkFormat" classname="IrsikSoftware.LogSmith.Tests.Runtime.UnityLoggingBootstrapTests" runstate="Runnable" seed="2051400451" result="Passed" start-time="2025-10-01 07:31:09Z" end-time="2025-10-01 07:31:09Z" duration="0.015136" asserts="0">
                  <properties>
                    <property name="retryIteration" value="0" />
                    <property name="repeatIteration" value="0" />
                  </properties>
                  <output><![CDATA[[LogSmith] UnityLoggingBootstrap initialized - Console: False, File: True, Rotation: True, Format: Text
[LogSmith] File sink format switched to: Json
[LogSmith] UnityLoggingBootstrap disposed
]]></output>
                </test-case>
                <test-case id="1276" name="Bootstrap_WithRelativePath_UsesApplicationDataPath" fullname="IrsikSoftware.LogSmith.Tests.Runtime.UnityLoggingBootstrapTests.Bootstrap_WithRelativePath_UsesApplicationDataPath" methodname="Bootstrap_WithRelativePath_UsesApplicationDataPath" classname="IrsikSoftware.LogSmith.Tests.Runtime.UnityLoggingBootstrapTests" runstate="Runnable" seed="302691804" result="Passed" start-time="2025-10-01 07:31:09Z" end-time="2025-10-01 07:31:09Z" duration="0.003362" asserts="0">
                  <properties>
                    <property name="retryIteration" value="0" />
                    <property name="repeatIteration" value="0" />
                  </properties>
                  <output><![CDATA[[LogSmith] UnityLoggingBootstrap initialized - Console: True, File: True, Rotation: True, Format: Text
[LogSmith] UnityLoggingBootstrap disposed
]]></output>
                </test-case>
                <test-case id="1269" name="FileSink_RespectsRetentionCount" fullname="IrsikSoftware.LogSmith.Tests.Runtime.UnityLoggingBootstrapTests.FileSink_RespectsRetentionCount" methodname="FileSink_RespectsRetentionCount" classname="IrsikSoftware.LogSmith.Tests.Runtime.UnityLoggingBootstrapTests" runstate="Runnable" seed="911058109" result="Passed" start-time="2025-10-01 07:31:09Z" end-time="2025-10-01 07:31:09Z" duration="0.010515" asserts="0">
                  <properties>
                    <property name="retryIteration" value="0" />
                    <property name="repeatIteration" value="0" />
                  </properties>
                </test-case>
                <test-case id="1268" name="FileSink_RotatesLog_WhenSizeExceeds" fullname="IrsikSoftware.LogSmith.Tests.Runtime.UnityLoggingBootstrapTests.FileSink_RotatesLog_WhenSizeExceeds" methodname="FileSink_RotatesLog_WhenSizeExceeds" classname="IrsikSoftware.LogSmith.Tests.Runtime.UnityLoggingBootstrapTests" runstate="Runnable" seed="1498783230" result="Passed" start-time="2025-10-01 07:31:09Z" end-time="2025-10-01 07:31:09Z" duration="0.146090" asserts="0">
                  <properties>
                    <property name="retryIteration" value="0" />
                    <property name="repeatIteration" value="0" />
                  </properties>
                  <output><![CDATA[[LogSmith] UnityLoggingBootstrap initialized - Console: False, File: True, Rotation: True, Format: Text
[LogSmith] UnityLoggingBootstrap disposed
]]></output>
                </test-case>
                <test-case id="1277" name="LogSmith_ReloadSettings_CallsBootstrapReload" fullname="IrsikSoftware.LogSmith.Tests.Runtime.UnityLoggingBootstrapTests.LogSmith_ReloadSettings_CallsBootstrapReload" methodname="LogSmith_ReloadSettings_CallsBootstrapReload" classname="IrsikSoftware.LogSmith.Tests.Runtime.UnityLoggingBootstrapTests" runstate="Runnable" seed="1476130623" result="Passed" start-time="2025-10-01 07:31:09Z" end-time="2025-10-01 07:31:09Z" duration="0.002510" asserts="0">
                  <properties>
                    <property name="retryIteration" value="0" />
                    <property name="repeatIteration" value="0" />
                  </properties>
                  <output><![CDATA[[LogSmith] Reloading logging settings...
[LogSmith] Settings reloaded - MinLevel: Debug, Format: Text
]]></output>
                </test-case>
                <test-case id="1278" name="LogSmith_SwitchFormat_CallsBootstrapSwitchFormat" fullname="IrsikSoftware.LogSmith.Tests.Runtime.UnityLoggingBootstrapTests.LogSmith_SwitchFormat_CallsBootstrapSwitchFormat" methodname="LogSmith_SwitchFormat_CallsBootstrapSwitchFormat" classname="IrsikSoftware.LogSmith.Tests.Runtime.UnityLoggingBootstrapTests" runstate="Runnable" seed="1143374669" result="Passed" start-time="2025-10-01 07:31:09Z" end-time="2025-10-01 07:31:09Z" duration="0.002891" asserts="0">
                  <properties>
                    <property name="retryIteration" value="0" />
                    <property name="repeatIteration" value="0" />
                  </properties>
                  <output><![CDATA[[LogSmith] Cannot switch format: File sink is not enabled
[LogSmith] Cannot switch format: File sink is not enabled
]]></output>
                </test-case>
              </test-suite>
            </test-suite>
            <test-suite type="TestFixture" id="1228" name="TestPlaceholder" fullname="IrsikSoftware.LogSmith.Tests.TestPlaceholder" classname="IrsikSoftware.LogSmith.Tests.TestPlaceholder" runstate="Runnable" testcasecount="1" result="Passed" start-time="2025-10-01 07:31:09Z" end-time="2025-10-01 07:31:09Z" duration="0.003038" total="1" passed="1" failed="0" inconclusive="0" skipped="0" asserts="0">
              <properties />
              <test-case id="1229" name="PlaceholderTest_ShouldPass" fullname="IrsikSoftware.LogSmith.Tests.TestPlaceholder.PlaceholderTest_ShouldPass" methodname="PlaceholderTest_ShouldPass" classname="IrsikSoftware.LogSmith.Tests.TestPlaceholder" runstate="Runnable" seed="1590308700" result="Passed" start-time="2025-10-01 07:31:09Z" end-time="2025-10-01 07:31:09Z" duration="0.000436" asserts="0">
                <properties>
                  <property name="retryIteration" value="0" />
                  <property name="repeatIteration" value="0" />
                </properties>
                <reason>
                  <message><![CDATA[Placeholder test]]></message>
                </reason>
              </test-case>
            </test-suite>
            <test-suite type="TestFixture" id="1216" name="VContainerIntegrationTests" fullname="IrsikSoftware.LogSmith.Tests.VContainerIntegrationTests" classname="IrsikSoftware.LogSmith.Tests.VContainerIntegrationTests" runstate="Runnable" testcasecount="11" result="Passed" start-time="2025-10-01 07:31:09Z" end-time="2025-10-01 07:31:09Z" duration="0.082190" total="11" passed="11" failed="0" inconclusive="0" skipped="0" asserts="0">
              <properties />
              <test-case id="1219" name="ContainerBuilderExtensions_AddLogSmithLogging_RegistersServices" fullname="IrsikSoftware.LogSmith.Tests.VContainerIntegrationTests.ContainerBuilderExtensions_AddLogSmithLogging_RegistersServices" methodname="ContainerBuilderExtensions_AddLogSmithLogging_RegistersServices" classname="IrsikSoftware.LogSmith.Tests.VContainerIntegrationTests" runstate="Runnable" seed="1922856319" result="Passed" start-time="2025-10-01 07:31:09Z" end-time="2025-10-01 07:31:09Z" duration="0.020936" asserts="0">
                <properties>
                  <property name="retryIteration" value="0" />
                  <property name="repeatIteration" value="0" />
                </properties>
                <output><![CDATA[[LogSmith] UnityLoggingBootstrap initialized - Console: True, File: False, Rotation: True, Format: Text
]]></output>
              </test-case>
              <test-case id="1220" name="ContainerBuilderExtensions_AddLogSmithLogging_WithNullSettings_UsesDefaults" fullname="IrsikSoftware.LogSmith.Tests.VContainerIntegrationTests.ContainerBuilderExtensions_AddLogSmithLogging_WithNullSettings_UsesDefaults" methodname="ContainerBuilderExtensions_AddLogSmithLogging_WithNullSettings_UsesDefaults" classname="IrsikSoftware.LogSmith.Tests.VContainerIntegrationTests" runstate="Runnable" seed="1440531471" result="Passed" start-time="2025-10-01 07:31:09Z" end-time="2025-10-01 07:31:09Z" duration="0.001865" asserts="0">
                <properties>
                  <property name="retryIteration" value="0" />
                  <property name="repeatIteration" value="0" />
                </properties>
                <output><![CDATA[[LogSmith] UnityLoggingBootstrap initialized - Console: True, File: False, Rotation: True, Format: Text
]]></output>
              </test-case>
              <test-case id="1217" name="ExtensionMethod_RegistersAllServices" fullname="IrsikSoftware.LogSmith.Tests.VContainerIntegrationTests.ExtensionMethod_RegistersAllServices" methodname="ExtensionMethod_RegistersAllServices" classname="IrsikSoftware.LogSmith.Tests.VContainerIntegrationTests" runstate="Runnable" seed="1186587386" result="Passed" start-time="2025-10-01 07:31:09Z" end-time="2025-10-01 07:31:09Z" duration="0.002135" asserts="0">
                <properties>
                  <property name="retryIteration" value="0" />
                  <property name="repeatIteration" value="0" />
                </properties>
                <output><![CDATA[[LogSmith] UnityLoggingBootstrap initialized - Console: True, File: False, Rotation: True, Format: Text
]]></output>
              </test-case>
              <test-case id="1218" name="ExtensionMethod_WithConsoleSinkEnabled_RegistersConsoleSink" fullname="IrsikSoftware.LogSmith.Tests.VContainerIntegrationTests.ExtensionMethod_WithConsoleSinkEnabled_RegistersConsoleSink" methodname="ExtensionMethod_WithConsoleSinkEnabled_RegistersConsoleSink" classname="IrsikSoftware.LogSmith.Tests.VContainerIntegrationTests" runstate="Runnable" seed="1867326222" result="Passed" start-time="2025-10-01 07:31:09Z" end-time="2025-10-01 07:31:09Z" duration="0.001313" asserts="0">
                <properties>
                  <property name="retryIteration" value="0" />
                  <property name="repeatIteration" value="0" />
                </properties>
                <output><![CDATA[[LogSmith] UnityLoggingBootstrap initialized - Console: True, File: False, Rotation: True, Format: Text
]]></output>
              </test-case>
              <test-case id="1222" name="LoggingLifetimeScope_CanLogMessages" fullname="IrsikSoftware.LogSmith.Tests.VContainerIntegrationTests.LoggingLifetimeScope_CanLogMessages" methodname="LoggingLifetimeScope_CanLogMessages" classname="IrsikSoftware.LogSmith.Tests.VContainerIntegrationTests" runstate="Runnable" seed="1427497775" result="Passed" start-time="2025-10-01 07:31:09Z" end-time="2025-10-01 07:31:09Z" duration="0.024478" asserts="0">
                <properties>
                  <property name="retryIteration" value="0" />
                  <property name="repeatIteration" value="0" />
                </properties>
              </test-case>
              <test-case id="1221" name="LoggingLifetimeScope_ConfiguresContainer" fullname="IrsikSoftware.LogSmith.Tests.VContainerIntegrationTests.LoggingLifetimeScope_ConfiguresContainer" methodname="LoggingLifetimeScope_ConfiguresContainer" classname="IrsikSoftware.LogSmith.Tests.VContainerIntegrationTests" runstate="Runnable" seed="1603284263" result="Passed" start-time="2025-10-01 07:31:09Z" end-time="2025-10-01 07:31:09Z" duration="0.003044" asserts="0">
                <properties>
                  <property name="retryIteration" value="0" />
                  <property name="repeatIteration" value="0" />
                </properties>
              </test-case>
              <test-case id="1225" name="LogSmith_CreateLogger_WorksInBothModes" fullname="IrsikSoftware.LogSmith.Tests.VContainerIntegrationTests.LogSmith_CreateLogger_WorksInBothModes" methodname="LogSmith_CreateLogger_WorksInBothModes" classname="IrsikSoftware.LogSmith.Tests.VContainerIntegrationTests" runstate="Runnable" seed="941427390" result="Passed" start-time="2025-10-01 07:31:09Z" end-time="2025-10-01 07:31:09Z" duration="0.004159" asserts="0">
                <properties>
                  <property name="retryIteration" value="0" />
                  <property name="repeatIteration" value="0" />
                </properties>
                <output><![CDATA[[LogSmith] UnityLoggingBootstrap initialized - Console: True, File: False, Rotation: True, Format: Text
]]></output>
              </test-case>
              <test-case id="1226" name="LogSmith_Resolve_WorksOnlyWithVContainer" fullname="IrsikSoftware.LogSmith.Tests.VContainerIntegrationTests.LogSmith_Resolve_WorksOnlyWithVContainer" methodname="LogSmith_Resolve_WorksOnlyWithVContainer" classname="IrsikSoftware.LogSmith.Tests.VContainerIntegrationTests" runstate="Runnable" seed="2131369407" result="Passed" start-time="2025-10-01 07:31:09Z" end-time="2025-10-01 07:31:09Z" duration="0.004577" asserts="0">
                <properties>
                  <property name="retryIteration" value="0" />
                  <property name="repeatIteration" value="0" />
                </properties>
                <output><![CDATA[[LogSmith] UnityLoggingBootstrap initialized - Console: True, File: False, Rotation: True, Format: Text
]]></output>
              </test-case>
              <test-case id="1224" name="LogSmith_WithoutVContainerScope_UsesStaticFallback" fullname="IrsikSoftware.LogSmith.Tests.VContainerIntegrationTests.LogSmith_WithoutVContainerScope_UsesStaticFallback" methodname="LogSmith_WithoutVContainerScope_UsesStaticFallback" classname="IrsikSoftware.LogSmith.Tests.VContainerIntegrationTests" runstate="Runnable" seed="487545375" result="Passed" start-time="2025-10-01 07:31:09Z" end-time="2025-10-01 07:31:09Z" duration="0.001439" asserts="0">
                <properties>
                  <property name="retryIteration" value="0" />
                  <property name="repeatIteration" value="0" />
                </properties>
                <output><![CDATA[[LogSmith] UnityLoggingBootstrap initialized - Console: True, File: False, Rotation: True, Format: Text
]]></output>
              </test-case>
              <test-case id="1223" name="LogSmith_WithVContainerScope_UsesVContainer" fullname="IrsikSoftware.LogSmith.Tests.VContainerIntegrationTests.LogSmith_WithVContainerScope_UsesVContainer" methodname="LogSmith_WithVContainerScope_UsesVContainer" classname="IrsikSoftware.LogSmith.Tests.VContainerIntegrationTests" runstate="Runnable" seed="721349373" result="Passed" start-time="2025-10-01 07:31:09Z" end-time="2025-10-01 07:31:09Z" duration="0.002153" asserts="0">
                <properties>
                  <property name="retryIteration" value="0" />
                  <property name="repeatIteration" value="0" />
                </properties>
              </test-case>
              <test-case id="1227" name="ResolvedLogger_ProducesSameOutputAcrossModes" fullname="IrsikSoftware.LogSmith.Tests.VContainerIntegrationTests.ResolvedLogger_ProducesSameOutputAcrossModes" methodname="ResolvedLogger_ProducesSameOutputAcrossModes" classname="IrsikSoftware.LogSmith.Tests.VContainerIntegrationTests" runstate="Runnable" seed="1019114345" result="Passed" start-time="2025-10-01 07:31:09Z" end-time="2025-10-01 07:31:09Z" duration="0.009082" asserts="0">
                <properties>
                  <property name="retryIteration" value="0" />
                  <property name="repeatIteration" value="0" />
                </properties>
                <output><![CDATA[[LogSmith] UnityLoggingBootstrap initialized - Console: True, File: False, Rotation: True, Format: Text
Saving results to: C:/Users/Ender/AppData/LocalLow/DefaultCompany/LogSmith\TestResults.xml
]]></output>
              </test-case>
            </test-suite>
          </test-suite>
        </test-suite>
      </test-suite>
    </test-suite>
  </test-suite>
</test-run>