<?xml version="1.0" encoding="utf-8"?>
<test-run id="2" testcasecount="97" result="Failed(Child)" total="97" passed="94" failed="3" inconclusive="0" skipped="0" asserts="0" engine-version="3.5.0.0" clr-version="4.0.30319.42000" start-time="2025-10-17 18:07:05Z" end-time="2025-10-17 18:07:39Z" duration="33.146866">
  <test-suite type="TestSuite" id="1116" name="LogSmith" fullname="LogSmith" runstate="Runnable" testcasecount="97" result="Failed" site="Child" start-time="2025-10-17 18:07:05Z" end-time="2025-10-17 18:07:39Z" duration="33.146866" total="97" passed="94" failed="3" inconclusive="0" skipped="0" asserts="0">
    <properties>
      <property name="platform" value="PlayMode" />
    </properties>
    <failure>
      <message><![CDATA[One or more child tests had errors]]></message>
    </failure>
    <test-suite type="Assembly" id="1108" name="IrsikSoftware.LogSmith.Tests.PlayMode.dll" fullname="F:/Code/LogSmith/Library/ScriptAssemblies/IrsikSoftware.LogSmith.Tests.PlayMode.dll" runstate="Runnable" testcasecount="97" result="Failed" site="Child" start-time="2025-10-17 18:07:05Z" end-time="2025-10-17 18:07:39Z" duration="33.136780" total="97" passed="94" failed="3" inconclusive="0" skipped="0" asserts="0">
      <properties>
        <property name="_PID" value="101340" />
        <property name="_APPDOMAIN" value="Unity Child Domain" />
        <property name="platform" value="PlayMode" />
        <property name="EditorOnly" value="False" />
      </properties>
      <failure>
        <message><![CDATA[One or more child tests had errors]]></message>
      </failure>
      <test-suite type="TestSuite" id="1109" name="IrsikSoftware" fullname="IrsikSoftware" runstate="Runnable" testcasecount="97" result="Failed" site="Child" start-time="2025-10-17 18:07:05Z" end-time="2025-10-17 18:07:39Z" duration="33.132383" total="97" passed="94" failed="3" inconclusive="0" skipped="0" asserts="0">
        <properties />
        <failure>
          <message><![CDATA[One or more child tests had errors]]></message>
        </failure>
        <test-suite type="TestSuite" id="1110" name="LogSmith" fullname="IrsikSoftware.LogSmith" runstate="Runnable" testcasecount="97" result="Failed" site="Child" start-time="2025-10-17 18:07:05Z" end-time="2025-10-17 18:07:39Z" duration="33.128451" total="97" passed="94" failed="3" inconclusive="0" skipped="0" asserts="0">
          <properties />
          <failure>
            <message><![CDATA[One or more child tests had errors]]></message>
          </failure>
          <test-suite type="TestSuite" id="1111" name="Tests" fullname="IrsikSoftware.LogSmith.Tests" runstate="Runnable" testcasecount="97" result="Failed" site="Child" start-time="2025-10-17 18:07:05Z" end-time="2025-10-17 18:07:39Z" duration="33.124633" total="97" passed="94" failed="3" inconclusive="0" skipped="0" asserts="0">
            <properties />
            <failure>
              <message><![CDATA[One or more child tests had errors]]></message>
            </failure>
            <test-suite type="TestSuite" id="1112" name="PlayMode" fullname="IrsikSoftware.LogSmith.Tests.PlayMode" runstate="Runnable" testcasecount="97" result="Failed" site="Child" start-time="2025-10-17 18:07:05Z" end-time="2025-10-17 18:07:39Z" duration="33.120587" total="97" passed="94" failed="3" inconclusive="0" skipped="0" asserts="0">
              <properties />
              <failure>
                <message><![CDATA[One or more child tests had errors]]></message>
              </failure>
              <test-suite type="TestFixture" id="1001" name="BuiltInRenderPipelineAdapterTests" fullname="IrsikSoftware.LogSmith.Tests.PlayMode.BuiltInRenderPipelineAdapterTests" classname="IrsikSoftware.LogSmith.Tests.PlayMode.BuiltInRenderPipelineAdapterTests" runstate="Runnable" testcasecount="10" result="Failed" site="Child" start-time="2025-10-17 18:07:05Z" end-time="2025-10-17 18:07:06Z" duration="0.200980" total="10" passed="9" failed="1" inconclusive="0" skipped="0" asserts="0">
                <properties />
                <failure>
                  <message><![CDATA[One or more child tests had errors]]></message>
                </failure>
                <test-case id="1010" name="Cleanup_RemovesRenderer" fullname="IrsikSoftware.LogSmith.Tests.PlayMode.BuiltInRenderPipelineAdapterTests.Cleanup_RemovesRenderer" methodname="Cleanup_RemovesRenderer" classname="IrsikSoftware.LogSmith.Tests.PlayMode.BuiltInRenderPipelineAdapterTests" runstate="Runnable" seed="59503138" result="Passed" start-time="2025-10-17 18:07:05Z" end-time="2025-10-17 18:07:05Z" duration="0.008938" asserts="0">
                  <properties>
                    <property name="retryIteration" value="0" />
                    <property name="repeatIteration" value="0" />
                  </properties>
                </test-case>
                <test-case id="1002" name="Initialize_CreatesVisualDebugRenderer" fullname="IrsikSoftware.LogSmith.Tests.PlayMode.BuiltInRenderPipelineAdapterTests.Initialize_CreatesVisualDebugRenderer" methodname="Initialize_CreatesVisualDebugRenderer" classname="IrsikSoftware.LogSmith.Tests.PlayMode.BuiltInRenderPipelineAdapterTests" runstate="Runnable" seed="25919290" result="Passed" start-time="2025-10-17 18:07:05Z" end-time="2025-10-17 18:07:05Z" duration="0.001072" asserts="0">
                  <properties>
                    <property name="retryIteration" value="0" />
                    <property name="repeatIteration" value="0" />
                  </properties>
                </test-case>
                <test-case id="1004" name="Initialize_DisablesRendererByDefault" fullname="IrsikSoftware.LogSmith.Tests.PlayMode.BuiltInRenderPipelineAdapterTests.Initialize_DisablesRendererByDefault" methodname="Initialize_DisablesRendererByDefault" classname="IrsikSoftware.LogSmith.Tests.PlayMode.BuiltInRenderPipelineAdapterTests" runstate="Runnable" seed="1989167477" result="Passed" start-time="2025-10-17 18:07:05Z" end-time="2025-10-17 18:07:05Z" duration="0.000353" asserts="0">
                  <properties>
                    <property name="retryIteration" value="0" />
                    <property name="repeatIteration" value="0" />
                  </properties>
                </test-case>
                <test-case id="1003" name="Initialize_EnablesRendererWhenRequested" fullname="IrsikSoftware.LogSmith.Tests.PlayMode.BuiltInRenderPipelineAdapterTests.Initialize_EnablesRendererWhenRequested" methodname="Initialize_EnablesRendererWhenRequested" classname="IrsikSoftware.LogSmith.Tests.PlayMode.BuiltInRenderPipelineAdapterTests" runstate="Runnable" seed="33021256" result="Passed" start-time="2025-10-17 18:07:05Z" end-time="2025-10-17 18:07:05Z" duration="0.000292" asserts="0">
                  <properties>
                    <property name="retryIteration" value="0" />
                    <property name="repeatIteration" value="0" />
                  </properties>
                </test-case>
                <test-case id="1011" name="IsActive_ReturnsTrueWhenNoOtherPipelinesAvailable" fullname="IrsikSoftware.LogSmith.Tests.PlayMode.BuiltInRenderPipelineAdapterTests.IsActive_ReturnsTrueWhenNoOtherPipelinesAvailable" methodname="IsActive_ReturnsTrueWhenNoOtherPipelinesAvailable" classname="IrsikSoftware.LogSmith.Tests.PlayMode.BuiltInRenderPipelineAdapterTests" runstate="Runnable" seed="329629082" result="Failed" start-time="2025-10-17 18:07:05Z" end-time="2025-10-17 18:07:05Z" duration="0.003129" asserts="0">
                  <properties>
                    <property name="retryIteration" value="0" />
                    <property name="repeatIteration" value="0" />
                  </properties>
                  <failure>
                    <message><![CDATA[  Expected: True
  But was:  False
]]></message>
                    <stack-trace><![CDATA[at IrsikSoftware.LogSmith.Tests.PlayMode.BuiltInRenderPipelineAdapterTests.IsActive_ReturnsTrueWhenNoOtherPipelinesAvailable () [0x00001] in .\Packages\com.irsiksoftware.logsmith\Tests\PlayMode\BuiltInRenderPipelineAdapterTests.cs:159
]]></stack-trace>
                  </failure>
                </test-case>
                <test-case id="1007" name="VisualDebugRenderer_CanClear" fullname="IrsikSoftware.LogSmith.Tests.PlayMode.BuiltInRenderPipelineAdapterTests.VisualDebugRenderer_CanClear" methodname="VisualDebugRenderer_CanClear" classname="IrsikSoftware.LogSmith.Tests.PlayMode.BuiltInRenderPipelineAdapterTests" runstate="Runnable" seed="420952734" result="Passed" start-time="2025-10-17 18:07:05Z" end-time="2025-10-17 18:07:05Z" duration="0.002904" asserts="0">
                  <properties>
                    <property name="retryIteration" value="0" />
                    <property name="repeatIteration" value="0" />
                  </properties>
                </test-case>
                <test-case id="1005" name="VisualDebugRenderer_CanDrawLine" fullname="IrsikSoftware.LogSmith.Tests.PlayMode.BuiltInRenderPipelineAdapterTests.VisualDebugRenderer_CanDrawLine" methodname="VisualDebugRenderer_CanDrawLine" classname="IrsikSoftware.LogSmith.Tests.PlayMode.BuiltInRenderPipelineAdapterTests" runstate="Runnable" seed="1878695862" result="Passed" start-time="2025-10-17 18:07:05Z" end-time="2025-10-17 18:07:05Z" duration="0.000279" asserts="0">
                  <properties>
                    <property name="retryIteration" value="0" />
                    <property name="repeatIteration" value="0" />
                  </properties>
                </test-case>
                <test-case id="1006" name="VisualDebugRenderer_CanDrawQuad" fullname="IrsikSoftware.LogSmith.Tests.PlayMode.BuiltInRenderPipelineAdapterTests.VisualDebugRenderer_CanDrawQuad" methodname="VisualDebugRenderer_CanDrawQuad" classname="IrsikSoftware.LogSmith.Tests.PlayMode.BuiltInRenderPipelineAdapterTests" runstate="Runnable" seed="934036449" result="Passed" start-time="2025-10-17 18:07:05Z" end-time="2025-10-17 18:07:05Z" duration="0.000274" asserts="0">
                  <properties>
                    <property name="retryIteration" value="0" />
                    <property name="repeatIteration" value="0" />
                  </properties>
                </test-case>
                <test-case id="1008" name="VisualDebugRenderer_CanToggleEnabled" fullname="IrsikSoftware.LogSmith.Tests.PlayMode.BuiltInRenderPipelineAdapterTests.VisualDebugRenderer_CanToggleEnabled" methodname="VisualDebugRenderer_CanToggleEnabled" classname="IrsikSoftware.LogSmith.Tests.PlayMode.BuiltInRenderPipelineAdapterTests" runstate="Runnable" seed="316811181" result="Passed" start-time="2025-10-17 18:07:05Z" end-time="2025-10-17 18:07:05Z" duration="0.000215" asserts="0">
                  <properties>
                    <property name="retryIteration" value="0" />
                    <property name="repeatIteration" value="0" />
                  </properties>
                </test-case>
                <test-case id="1009" name="VisualDebugRenderer_ExpiredShapesAreRemoved" fullname="IrsikSoftware.LogSmith.Tests.PlayMode.BuiltInRenderPipelineAdapterTests.VisualDebugRenderer_ExpiredShapesAreRemoved" methodname="VisualDebugRenderer_ExpiredShapesAreRemoved" classname="IrsikSoftware.LogSmith.Tests.PlayMode.BuiltInRenderPipelineAdapterTests" runstate="Runnable" seed="359069547" result="Passed" start-time="2025-10-17 18:07:05Z" end-time="2025-10-17 18:07:06Z" duration="0.170224" asserts="0">
                  <properties>
                    <property name="_JOINTYPE" value="UnityCombinatorial" />
                    <property name="retryIteration" value="0" />
                    <property name="repeatIteration" value="0" />
                  </properties>
                </test-case>
              </test-suite>
              <test-suite type="TestFixture" id="1012" name="ConsoleSinkIntegrationTests" fullname="IrsikSoftware.LogSmith.Tests.PlayMode.ConsoleSinkIntegrationTests" classname="IrsikSoftware.LogSmith.Tests.PlayMode.ConsoleSinkIntegrationTests" runstate="Runnable" testcasecount="12" result="Passed" start-time="2025-10-17 18:07:06Z" end-time="2025-10-17 18:07:06Z" duration="0.175037" total="12" passed="12" failed="0" inconclusive="0" skipped="0" asserts="0">
                <properties />
                <test-case id="1022" name="ConsoleSink_Dispose_DoesNotThrow" fullname="IrsikSoftware.LogSmith.Tests.PlayMode.ConsoleSinkIntegrationTests.ConsoleSink_Dispose_DoesNotThrow" methodname="ConsoleSink_Dispose_DoesNotThrow" classname="IrsikSoftware.LogSmith.Tests.PlayMode.ConsoleSinkIntegrationTests" runstate="Runnable" seed="1455050727" result="Passed" start-time="2025-10-17 18:07:06Z" end-time="2025-10-17 18:07:06Z" duration="0.012303" asserts="0">
                  <properties>
                    <property name="_JOINTYPE" value="UnityCombinatorial" />
                    <property name="retryIteration" value="0" />
                    <property name="repeatIteration" value="0" />
                  </properties>
                </test-case>
                <test-case id="1023" name="ConsoleSink_DisposedSink_DoesNotWriteOrThrow" fullname="IrsikSoftware.LogSmith.Tests.PlayMode.ConsoleSinkIntegrationTests.ConsoleSink_DisposedSink_DoesNotWriteOrThrow" methodname="ConsoleSink_DisposedSink_DoesNotWriteOrThrow" classname="IrsikSoftware.LogSmith.Tests.PlayMode.ConsoleSinkIntegrationTests" runstate="Runnable" seed="914043923" result="Passed" start-time="2025-10-17 18:07:06Z" end-time="2025-10-17 18:07:06Z" duration="0.012824" asserts="0">
                  <properties>
                    <property name="_JOINTYPE" value="UnityCombinatorial" />
                    <property name="retryIteration" value="0" />
                    <property name="repeatIteration" value="0" />
                  </properties>
                </test-case>
                <test-case id="1024" name="ConsoleSink_Flush_DoesNotThrow" fullname="IrsikSoftware.LogSmith.Tests.PlayMode.ConsoleSinkIntegrationTests.ConsoleSink_Flush_DoesNotThrow" methodname="ConsoleSink_Flush_DoesNotThrow" classname="IrsikSoftware.LogSmith.Tests.PlayMode.ConsoleSinkIntegrationTests" runstate="Runnable" seed="938806445" result="Passed" start-time="2025-10-17 18:07:06Z" end-time="2025-10-17 18:07:06Z" duration="0.012165" asserts="0">
                  <properties>
                    <property name="_JOINTYPE" value="UnityCombinatorial" />
                    <property name="retryIteration" value="0" />
                    <property name="repeatIteration" value="0" />
                  </properties>
                </test-case>
                <test-case id="1020" name="ConsoleSink_JsonFormat_OutputsValidStructure" fullname="IrsikSoftware.LogSmith.Tests.PlayMode.ConsoleSinkIntegrationTests.ConsoleSink_JsonFormat_OutputsValidStructure" methodname="ConsoleSink_JsonFormat_OutputsValidStructure" classname="IrsikSoftware.LogSmith.Tests.PlayMode.ConsoleSinkIntegrationTests" runstate="Runnable" seed="1257585778" result="Passed" start-time="2025-10-17 18:07:06Z" end-time="2025-10-17 18:07:06Z" duration="0.016887" asserts="0">
                  <properties>
                    <property name="_JOINTYPE" value="UnityCombinatorial" />
                    <property name="retryIteration" value="0" />
                    <property name="repeatIteration" value="0" />
                  </properties>
                  <output><![CDATA[[JsonCategory] {"timestamp":"2025-10-17T18:07:06.2141817Z","level":"Info","category":"JsonCategory","message":"JSON test","frame":64,"threadId":1,"threadName":"Main","file":"TestFile.cs","method":"TestMethod","context":{"key":"value"}}
]]></output>
                </test-case>
                <test-case id="1019" name="ConsoleSink_TextFormat_ContainsMetadata" fullname="IrsikSoftware.LogSmith.Tests.PlayMode.ConsoleSinkIntegrationTests.ConsoleSink_TextFormat_ContainsMetadata" methodname="ConsoleSink_TextFormat_ContainsMetadata" classname="IrsikSoftware.LogSmith.Tests.PlayMode.ConsoleSinkIntegrationTests" runstate="Runnable" seed="975182392" result="Passed" start-time="2025-10-17 18:07:06Z" end-time="2025-10-17 18:07:06Z" duration="0.016342" asserts="0">
                  <properties>
                    <property name="_JOINTYPE" value="UnityCombinatorial" />
                    <property name="retryIteration" value="0" />
                    <property name="repeatIteration" value="0" />
                  </properties>
                  <output><![CDATA[[TestCategory] [18:07:06] [Info] [TestCategory] Metadata test
]]></output>
                </test-case>
                <test-case id="1021" name="ConsoleSink_WithContext_IncludesContextData" fullname="IrsikSoftware.LogSmith.Tests.PlayMode.ConsoleSinkIntegrationTests.ConsoleSink_WithContext_IncludesContextData" methodname="ConsoleSink_WithContext_IncludesContextData" classname="IrsikSoftware.LogSmith.Tests.PlayMode.ConsoleSinkIntegrationTests" runstate="Runnable" seed="154460937" result="Passed" start-time="2025-10-17 18:07:06Z" end-time="2025-10-17 18:07:06Z" duration="0.013079" asserts="0">
                  <properties>
                    <property name="_JOINTYPE" value="UnityCombinatorial" />
                    <property name="retryIteration" value="0" />
                    <property name="repeatIteration" value="0" />
                  </properties>
                  <output><![CDATA[[Test] [18:07:06] [Info] [Test] Context message
]]></output>
                </test-case>
                <test-case id="1017" name="ConsoleSink_Write_CriticalLevel_UsesErrorType" fullname="IrsikSoftware.LogSmith.Tests.PlayMode.ConsoleSinkIntegrationTests.ConsoleSink_Write_CriticalLevel_UsesErrorType" methodname="ConsoleSink_Write_CriticalLevel_UsesErrorType" classname="IrsikSoftware.LogSmith.Tests.PlayMode.ConsoleSinkIntegrationTests" runstate="Runnable" seed="1659576017" result="Passed" start-time="2025-10-17 18:07:06Z" end-time="2025-10-17 18:07:06Z" duration="0.016317" asserts="0">
                  <properties>
                    <property name="_JOINTYPE" value="UnityCombinatorial" />
                    <property name="retryIteration" value="0" />
                    <property name="repeatIteration" value="0" />
                  </properties>
                  <output><![CDATA[[CRITICAL] [Test] [18:07:06] [Critical] [Test] Critical message
]]></output>
                </test-case>
                <test-case id="1016" name="ConsoleSink_Write_ErrorLevel_UsesErrorType" fullname="IrsikSoftware.LogSmith.Tests.PlayMode.ConsoleSinkIntegrationTests.ConsoleSink_Write_ErrorLevel_UsesErrorType" methodname="ConsoleSink_Write_ErrorLevel_UsesErrorType" classname="IrsikSoftware.LogSmith.Tests.PlayMode.ConsoleSinkIntegrationTests" runstate="Runnable" seed="1662080453" result="Passed" start-time="2025-10-17 18:07:06Z" end-time="2025-10-17 18:07:06Z" duration="0.013859" asserts="0">
                  <properties>
                    <property name="_JOINTYPE" value="UnityCombinatorial" />
                    <property name="retryIteration" value="0" />
                    <property name="repeatIteration" value="0" />
                  </properties>
                  <output><![CDATA[[Test] [18:07:06] [Error] [Test] Error message
]]></output>
                </test-case>
                <test-case id="1014" name="ConsoleSink_Write_InfoLevel_UsesLogType" fullname="IrsikSoftware.LogSmith.Tests.PlayMode.ConsoleSinkIntegrationTests.ConsoleSink_Write_InfoLevel_UsesLogType" methodname="ConsoleSink_Write_InfoLevel_UsesLogType" classname="IrsikSoftware.LogSmith.Tests.PlayMode.ConsoleSinkIntegrationTests" runstate="Runnable" seed="1786725923" result="Passed" start-time="2025-10-17 18:07:06Z" end-time="2025-10-17 18:07:06Z" duration="0.012825" asserts="0">
                  <properties>
                    <property name="_JOINTYPE" value="UnityCombinatorial" />
                    <property name="retryIteration" value="0" />
                    <property name="repeatIteration" value="0" />
                  </properties>
                  <output><![CDATA[[Test] [18:07:06] [Info] [Test] Info message
]]></output>
                </test-case>
                <test-case id="1018" name="ConsoleSink_Write_MultipleMessages_AllCaptured" fullname="IrsikSoftware.LogSmith.Tests.PlayMode.ConsoleSinkIntegrationTests.ConsoleSink_Write_MultipleMessages_AllCaptured" methodname="ConsoleSink_Write_MultipleMessages_AllCaptured" classname="IrsikSoftware.LogSmith.Tests.PlayMode.ConsoleSinkIntegrationTests" runstate="Runnable" seed="1430464271" result="Passed" start-time="2025-10-17 18:07:06Z" end-time="2025-10-17 18:07:06Z" duration="0.013854" asserts="0">
                  <properties>
                    <property name="_JOINTYPE" value="UnityCombinatorial" />
                    <property name="retryIteration" value="0" />
                    <property name="repeatIteration" value="0" />
                  </properties>
                  <output><![CDATA[[Test] [18:07:06] [Info] [Test] Message 0
[Test] [18:07:06] [Info] [Test] Message 1
[Test] [18:07:06] [Info] [Test] Message 2
[Test] [18:07:06] [Info] [Test] Message 3
[Test] [18:07:06] [Info] [Test] Message 4
]]></output>
                </test-case>
                <test-case id="1013" name="ConsoleSink_Write_OutputsToUnityConsole" fullname="IrsikSoftware.LogSmith.Tests.PlayMode.ConsoleSinkIntegrationTests.ConsoleSink_Write_OutputsToUnityConsole" methodname="ConsoleSink_Write_OutputsToUnityConsole" classname="IrsikSoftware.LogSmith.Tests.PlayMode.ConsoleSinkIntegrationTests" runstate="Runnable" seed="69293672" result="Passed" start-time="2025-10-17 18:07:06Z" end-time="2025-10-17 18:07:06Z" duration="0.014812" asserts="0">
                  <properties>
                    <property name="_JOINTYPE" value="UnityCombinatorial" />
                    <property name="retryIteration" value="0" />
                    <property name="repeatIteration" value="0" />
                  </properties>
                  <output><![CDATA[[Test] [18:07:06] [Info] [Test] Console test message
]]></output>
                </test-case>
                <test-case id="1015" name="ConsoleSink_Write_WarnLevel_UsesWarningType" fullname="IrsikSoftware.LogSmith.Tests.PlayMode.ConsoleSinkIntegrationTests.ConsoleSink_Write_WarnLevel_UsesWarningType" methodname="ConsoleSink_Write_WarnLevel_UsesWarningType" classname="IrsikSoftware.LogSmith.Tests.PlayMode.ConsoleSinkIntegrationTests" runstate="Runnable" seed="752373016" result="Passed" start-time="2025-10-17 18:07:06Z" end-time="2025-10-17 18:07:06Z" duration="0.012517" asserts="0">
                  <properties>
                    <property name="_JOINTYPE" value="UnityCombinatorial" />
                    <property name="retryIteration" value="0" />
                    <property name="repeatIteration" value="0" />
                  </properties>
                  <output><![CDATA[[Test] [18:07:06] [Warn] [Test] Warning message
]]></output>
                </test-case>
              </test-suite>
              <test-suite type="TestFixture" id="1025" name="DebugOverlayUITests" fullname="IrsikSoftware.LogSmith.Tests.PlayMode.DebugOverlayUITests" classname="IrsikSoftware.LogSmith.Tests.PlayMode.DebugOverlayUITests" runstate="Runnable" testcasecount="9" result="Passed" start-time="2025-10-17 18:07:06Z" end-time="2025-10-17 18:07:07Z" duration="1.014229" total="9" passed="9" failed="0" inconclusive="0" skipped="0" asserts="0">
                <properties />
                <test-case id="1027" name="CategorySwitching_SelectingCategory_ShowsOnlyThatCategory" fullname="IrsikSoftware.LogSmith.Tests.PlayMode.DebugOverlayUITests.CategorySwitching_SelectingCategory_ShowsOnlyThatCategory" methodname="CategorySwitching_SelectingCategory_ShowsOnlyThatCategory" classname="IrsikSoftware.LogSmith.Tests.PlayMode.DebugOverlayUITests" runstate="Runnable" seed="501624651" result="Passed" start-time="2025-10-17 18:07:06Z" end-time="2025-10-17 18:07:06Z" duration="0.080964" asserts="0">
                  <properties>
                    <property name="_JOINTYPE" value="UnityCombinatorial" />
                    <property name="retryIteration" value="0" />
                    <property name="repeatIteration" value="0" />
                  </properties>
                </test-case>
                <test-case id="1030" name="CircularBuffer_ExceedingCapacity_MaintainsLimit" fullname="IrsikSoftware.LogSmith.Tests.PlayMode.DebugOverlayUITests.CircularBuffer_ExceedingCapacity_MaintainsLimit" methodname="CircularBuffer_ExceedingCapacity_MaintainsLimit" classname="IrsikSoftware.LogSmith.Tests.PlayMode.DebugOverlayUITests" runstate="Runnable" seed="542739042" result="Passed" start-time="2025-10-17 18:07:06Z" end-time="2025-10-17 18:07:06Z" duration="0.147511" asserts="0">
                  <properties>
                    <property name="_JOINTYPE" value="UnityCombinatorial" />
                    <property name="retryIteration" value="0" />
                    <property name="repeatIteration" value="0" />
                  </properties>
                </test-case>
                <test-case id="1033" name="ClearBuffer_AfterLogging_RemovesAllMessages" fullname="IrsikSoftware.LogSmith.Tests.PlayMode.DebugOverlayUITests.ClearBuffer_AfterLogging_RemovesAllMessages" methodname="ClearBuffer_AfterLogging_RemovesAllMessages" classname="IrsikSoftware.LogSmith.Tests.PlayMode.DebugOverlayUITests" runstate="Runnable" seed="1967123996" result="Passed" start-time="2025-10-17 18:07:06Z" end-time="2025-10-17 18:07:06Z" duration="0.075835" asserts="0">
                  <properties>
                    <property name="_JOINTYPE" value="UnityCombinatorial" />
                    <property name="retryIteration" value="0" />
                    <property name="repeatIteration" value="0" />
                  </properties>
                </test-case>
                <test-case id="1031" name="CombinedFilters_LevelCategoryAndSearch_AllApplied" fullname="IrsikSoftware.LogSmith.Tests.PlayMode.DebugOverlayUITests.CombinedFilters_LevelCategoryAndSearch_AllApplied" methodname="CombinedFilters_LevelCategoryAndSearch_AllApplied" classname="IrsikSoftware.LogSmith.Tests.PlayMode.DebugOverlayUITests" runstate="Runnable" seed="1230461157" result="Passed" start-time="2025-10-17 18:07:06Z" end-time="2025-10-17 18:07:06Z" duration="0.067276" asserts="0">
                  <properties>
                    <property name="_JOINTYPE" value="UnityCombinatorial" />
                    <property name="retryIteration" value="0" />
                    <property name="repeatIteration" value="0" />
                  </properties>
                </test-case>
                <test-case id="1026" name="FilterToggle_ChangingMinLevel_FiltersCorrectly" fullname="IrsikSoftware.LogSmith.Tests.PlayMode.DebugOverlayUITests.FilterToggle_ChangingMinLevel_FiltersCorrectly" methodname="FilterToggle_ChangingMinLevel_FiltersCorrectly" classname="IrsikSoftware.LogSmith.Tests.PlayMode.DebugOverlayUITests" runstate="Runnable" seed="1945714028" result="Passed" start-time="2025-10-17 18:07:06Z" end-time="2025-10-17 18:07:06Z" duration="0.070262" asserts="0">
                  <properties>
                    <property name="_JOINTYPE" value="UnityCombinatorial" />
                    <property name="retryIteration" value="0" />
                    <property name="repeatIteration" value="0" />
                  </properties>
                </test-case>
                <test-case id="1032" name="GCAllocation_RepeatedUpdates_NoSignificantGCSpikes" fullname="IrsikSoftware.LogSmith.Tests.PlayMode.DebugOverlayUITests.GCAllocation_RepeatedUpdates_NoSignificantGCSpikes" methodname="GCAllocation_RepeatedUpdates_NoSignificantGCSpikes" classname="IrsikSoftware.LogSmith.Tests.PlayMode.DebugOverlayUITests" runstate="Runnable" seed="1070269916" result="Passed" start-time="2025-10-17 18:07:06Z" end-time="2025-10-17 18:07:07Z" duration="0.405592" asserts="0">
                  <properties>
                    <property name="_JOINTYPE" value="UnityCombinatorial" />
                    <property name="retryIteration" value="0" />
                    <property name="repeatIteration" value="0" />
                  </properties>
                  <output><![CDATA[[GC Test] Allocated 12.58 KB for 100 messages + 10 filter updates
]]></output>
                </test-case>
                <test-case id="1028" name="SearchFilter_EnteringSearchText_FiltersMessages" fullname="IrsikSoftware.LogSmith.Tests.PlayMode.DebugOverlayUITests.SearchFilter_EnteringSearchText_FiltersMessages" methodname="SearchFilter_EnteringSearchText_FiltersMessages" classname="IrsikSoftware.LogSmith.Tests.PlayMode.DebugOverlayUITests" runstate="Runnable" seed="1663921563" result="Passed" start-time="2025-10-17 18:07:07Z" end-time="2025-10-17 18:07:07Z" duration="0.070073" asserts="0">
                  <properties>
                    <property name="_JOINTYPE" value="UnityCombinatorial" />
                    <property name="retryIteration" value="0" />
                    <property name="repeatIteration" value="0" />
                  </properties>
                </test-case>
                <test-case id="1029" name="ThrottledRefresh_HighFrequencyLogs_ThrottlesUpdates" fullname="IrsikSoftware.LogSmith.Tests.PlayMode.DebugOverlayUITests.ThrottledRefresh_HighFrequencyLogs_ThrottlesUpdates" methodname="ThrottledRefresh_HighFrequencyLogs_ThrottlesUpdates" classname="IrsikSoftware.LogSmith.Tests.PlayMode.DebugOverlayUITests" runstate="Runnable" seed="928435806" result="Passed" start-time="2025-10-17 18:07:07Z" end-time="2025-10-17 18:07:07Z" duration="0.073792" asserts="0">
                  <properties>
                    <property name="_JOINTYPE" value="UnityCombinatorial" />
                    <property name="retryIteration" value="0" />
                    <property name="repeatIteration" value="0" />
                  </properties>
                </test-case>
                <test-case id="1034" name="VisibilityToggle_F1Key_TogglesOverlay" fullname="IrsikSoftware.LogSmith.Tests.PlayMode.DebugOverlayUITests.VisibilityToggle_F1Key_TogglesOverlay" methodname="VisibilityToggle_F1Key_TogglesOverlay" classname="IrsikSoftware.LogSmith.Tests.PlayMode.DebugOverlayUITests" runstate="Runnable" seed="1841314846" result="Passed" start-time="2025-10-17 18:07:07Z" end-time="2025-10-17 18:07:07Z" duration="0.016610" asserts="0">
                  <properties>
                    <property name="_JOINTYPE" value="UnityCombinatorial" />
                    <property name="retryIteration" value="0" />
                    <property name="repeatIteration" value="0" />
                  </properties>
                </test-case>
              </test-suite>
              <test-suite type="TestFixture" id="1035" name="FileSinkIntegrationTests" fullname="IrsikSoftware.LogSmith.Tests.PlayMode.FileSinkIntegrationTests" classname="IrsikSoftware.LogSmith.Tests.PlayMode.FileSinkIntegrationTests" runstate="Runnable" testcasecount="14" result="Failed" site="Child" start-time="2025-10-17 18:07:07Z" end-time="2025-10-17 18:07:27Z" duration="20.515671" total="14" passed="13" failed="1" inconclusive="0" skipped="0" asserts="0">
                <properties />
                <failure>
                  <message><![CDATA[One or more child tests had errors]]></message>
                </failure>
                <test-case id="1049" name="FileSink_ConcurrentWrites_ThreadSafe" fullname="IrsikSoftware.LogSmith.Tests.PlayMode.FileSinkIntegrationTests.FileSink_ConcurrentWrites_ThreadSafe" methodname="FileSink_ConcurrentWrites_ThreadSafe" classname="IrsikSoftware.LogSmith.Tests.PlayMode.FileSinkIntegrationTests" runstate="Runnable" seed="1414369617" result="Passed" start-time="2025-10-17 18:07:07Z" end-time="2025-10-17 18:07:07Z" duration="0.043680" asserts="0">
                  <properties>
                    <property name="_JOINTYPE" value="UnityCombinatorial" />
                    <property name="retryIteration" value="0" />
                    <property name="repeatIteration" value="0" />
                  </properties>
                </test-case>
                <test-case id="1046" name="FileSink_DeterministicOutput_SameInputProducesSameFormat" fullname="IrsikSoftware.LogSmith.Tests.PlayMode.FileSinkIntegrationTests.FileSink_DeterministicOutput_SameInputProducesSameFormat" methodname="FileSink_DeterministicOutput_SameInputProducesSameFormat" classname="IrsikSoftware.LogSmith.Tests.PlayMode.FileSinkIntegrationTests" runstate="Runnable" seed="1089394381" result="Passed" start-time="2025-10-17 18:07:07Z" end-time="2025-10-17 18:07:07Z" duration="0.020517" asserts="0">
                  <properties>
                    <property name="_JOINTYPE" value="UnityCombinatorial" />
                    <property name="retryIteration" value="0" />
                    <property name="repeatIteration" value="0" />
                  </properties>
                </test-case>
                <test-case id="1048" name="FileSink_DisposedSink_DoesNotWriteOrThrow" fullname="IrsikSoftware.LogSmith.Tests.PlayMode.FileSinkIntegrationTests.FileSink_DisposedSink_DoesNotWriteOrThrow" methodname="FileSink_DisposedSink_DoesNotWriteOrThrow" classname="IrsikSoftware.LogSmith.Tests.PlayMode.FileSinkIntegrationTests" runstate="Runnable" seed="1115294682" result="Passed" start-time="2025-10-17 18:07:07Z" end-time="2025-10-17 18:07:07Z" duration="0.013774" asserts="0">
                  <properties>
                    <property name="_JOINTYPE" value="UnityCombinatorial" />
                    <property name="retryIteration" value="0" />
                    <property name="repeatIteration" value="0" />
                  </properties>
                </test-case>
                <test-case id="1047" name="FileSink_JsonOutput_IsDeterministic" fullname="IrsikSoftware.LogSmith.Tests.PlayMode.FileSinkIntegrationTests.FileSink_JsonOutput_IsDeterministic" methodname="FileSink_JsonOutput_IsDeterministic" classname="IrsikSoftware.LogSmith.Tests.PlayMode.FileSinkIntegrationTests" runstate="Runnable" seed="2007234042" result="Passed" start-time="2025-10-17 18:07:07Z" end-time="2025-10-17 18:07:07Z" duration="0.018375" asserts="0">
                  <properties>
                    <property name="_JOINTYPE" value="UnityCombinatorial" />
                    <property name="retryIteration" value="0" />
                    <property name="repeatIteration" value="0" />
                  </properties>
                </test-case>
                <test-case id="1043" name="FileSink_Retention_DeletesOldestFiles" fullname="IrsikSoftware.LogSmith.Tests.PlayMode.FileSinkIntegrationTests.FileSink_Retention_DeletesOldestFiles" methodname="FileSink_Retention_DeletesOldestFiles" classname="IrsikSoftware.LogSmith.Tests.PlayMode.FileSinkIntegrationTests" runstate="Runnable" seed="418634517" result="Passed" start-time="2025-10-17 18:07:07Z" end-time="2025-10-17 18:07:14Z" duration="7.203467" asserts="0">
                  <properties>
                    <property name="_JOINTYPE" value="UnityCombinatorial" />
                    <property name="retryIteration" value="0" />
                    <property name="repeatIteration" value="0" />
                  </properties>
                </test-case>
                <test-case id="1044" name="FileSink_Retention_KeepsCurrentFileAndRecentArchives" fullname="IrsikSoftware.LogSmith.Tests.PlayMode.FileSinkIntegrationTests.FileSink_Retention_KeepsCurrentFileAndRecentArchives" methodname="FileSink_Retention_KeepsCurrentFileAndRecentArchives" classname="IrsikSoftware.LogSmith.Tests.PlayMode.FileSinkIntegrationTests" runstate="Runnable" seed="105439543" result="Passed" start-time="2025-10-17 18:07:14Z" end-time="2025-10-17 18:07:20Z" duration="6.074504" asserts="0">
                  <properties>
                    <property name="_JOINTYPE" value="UnityCombinatorial" />
                    <property name="retryIteration" value="0" />
                    <property name="repeatIteration" value="0" />
                  </properties>
                </test-case>
                <test-case id="1045" name="FileSink_Retention_ZeroRetention_KeepsAllFiles" fullname="IrsikSoftware.LogSmith.Tests.PlayMode.FileSinkIntegrationTests.FileSink_Retention_ZeroRetention_KeepsAllFiles" methodname="FileSink_Retention_ZeroRetention_KeepsAllFiles" classname="IrsikSoftware.LogSmith.Tests.PlayMode.FileSinkIntegrationTests" runstate="Runnable" seed="654045201" result="Passed" start-time="2025-10-17 18:07:20Z" end-time="2025-10-17 18:07:24Z" duration="3.599984" asserts="0">
                  <properties>
                    <property name="_JOINTYPE" value="UnityCombinatorial" />
                    <property name="retryIteration" value="0" />
                    <property name="repeatIteration" value="0" />
                  </properties>
                </test-case>
                <test-case id="1041" name="FileSink_Rotation_ArchivedFileName_ContainsTimestamp" fullname="IrsikSoftware.LogSmith.Tests.PlayMode.FileSinkIntegrationTests.FileSink_Rotation_ArchivedFileName_ContainsTimestamp" methodname="FileSink_Rotation_ArchivedFileName_ContainsTimestamp" classname="IrsikSoftware.LogSmith.Tests.PlayMode.FileSinkIntegrationTests" runstate="Runnable" seed="406618025" result="Passed" start-time="2025-10-17 18:07:24Z" end-time="2025-10-17 18:07:25Z" duration="1.413585" asserts="0">
                  <properties>
                    <property name="_JOINTYPE" value="UnityCombinatorial" />
                    <property name="retryIteration" value="0" />
                    <property name="repeatIteration" value="0" />
                  </properties>
                </test-case>
                <test-case id="1042" name="FileSink_Rotation_PreservesAllMessages" fullname="IrsikSoftware.LogSmith.Tests.PlayMode.FileSinkIntegrationTests.FileSink_Rotation_PreservesAllMessages" methodname="FileSink_Rotation_PreservesAllMessages" classname="IrsikSoftware.LogSmith.Tests.PlayMode.FileSinkIntegrationTests" runstate="Runnable" seed="690659209" result="Passed" start-time="2025-10-17 18:07:25Z" end-time="2025-10-17 18:07:26Z" duration="0.805140" asserts="0">
                  <properties>
                    <property name="_JOINTYPE" value="UnityCombinatorial" />
                    <property name="retryIteration" value="0" />
                    <property name="repeatIteration" value="0" />
                  </properties>
                </test-case>
                <test-case id="1040" name="FileSink_Rotation_TriggersWhenFileSizeExceeded" fullname="IrsikSoftware.LogSmith.Tests.PlayMode.FileSinkIntegrationTests.FileSink_Rotation_TriggersWhenFileSizeExceeded" methodname="FileSink_Rotation_TriggersWhenFileSizeExceeded" classname="IrsikSoftware.LogSmith.Tests.PlayMode.FileSinkIntegrationTests" runstate="Runnable" seed="844662146" result="Failed" start-time="2025-10-17 18:07:26Z" end-time="2025-10-17 18:07:27Z" duration="1.235788" asserts="0">
                  <properties>
                    <property name="_JOINTYPE" value="UnityCombinatorial" />
                    <property name="retryIteration" value="0" />
                    <property name="repeatIteration" value="0" />
                  </properties>
                  <failure>
                    <message><![CDATA[  Should have multiple log files after rotation
  Expected: greater than 1
  But was:  1
]]></message>
                    <stack-trace><![CDATA[at IrsikSoftware.LogSmith.Tests.PlayMode.FileSinkIntegrationTests+<FileSink_Rotation_TriggersWhenFileSizeExceeded>d__10.MoveNext () [0x0014a] in .\Packages\com.irsiksoftware.logsmith\Tests\PlayMode\FileSinkIntegrationTests.cs:207
at UnityEngine.TestTools.TestEnumerator+<Execute>d__7.MoveNext () [0x0004e] in .\Library\PackageCache\com.unity.test-framework@038a2b0cacd2\UnityEngine.TestRunner\NUnitExtensions\Attributes\TestEnumerator.cs:44
]]></stack-trace>
                  </failure>
                </test-case>
                <test-case id="1036" name="FileSink_Write_CreatesFile" fullname="IrsikSoftware.LogSmith.Tests.PlayMode.FileSinkIntegrationTests.FileSink_Write_CreatesFile" methodname="FileSink_Write_CreatesFile" classname="IrsikSoftware.LogSmith.Tests.PlayMode.FileSinkIntegrationTests" runstate="Runnable" seed="1012390705" result="Passed" start-time="2025-10-17 18:07:27Z" end-time="2025-10-17 18:07:27Z" duration="0.018494" asserts="0">
                  <properties>
                    <property name="_JOINTYPE" value="UnityCombinatorial" />
                    <property name="retryIteration" value="0" />
                    <property name="repeatIteration" value="0" />
                  </properties>
                </test-case>
                <test-case id="1039" name="FileSink_Write_JsonFormat_ProducesValidJson" fullname="IrsikSoftware.LogSmith.Tests.PlayMode.FileSinkIntegrationTests.FileSink_Write_JsonFormat_ProducesValidJson" methodname="FileSink_Write_JsonFormat_ProducesValidJson" classname="IrsikSoftware.LogSmith.Tests.PlayMode.FileSinkIntegrationTests" runstate="Runnable" seed="1047809497" result="Passed" start-time="2025-10-17 18:07:27Z" end-time="2025-10-17 18:07:27Z" duration="0.020391" asserts="0">
                  <properties>
                    <property name="_JOINTYPE" value="UnityCombinatorial" />
                    <property name="retryIteration" value="0" />
                    <property name="repeatIteration" value="0" />
                  </properties>
                </test-case>
                <test-case id="1037" name="FileSink_Write_MultipleMessages_AppendsToFile" fullname="IrsikSoftware.LogSmith.Tests.PlayMode.FileSinkIntegrationTests.FileSink_Write_MultipleMessages_AppendsToFile" methodname="FileSink_Write_MultipleMessages_AppendsToFile" classname="IrsikSoftware.LogSmith.Tests.PlayMode.FileSinkIntegrationTests" runstate="Runnable" seed="1815803818" result="Passed" start-time="2025-10-17 18:07:27Z" end-time="2025-10-17 18:07:27Z" duration="0.020586" asserts="0">
                  <properties>
                    <property name="_JOINTYPE" value="UnityCombinatorial" />
                    <property name="retryIteration" value="0" />
                    <property name="repeatIteration" value="0" />
                  </properties>
                </test-case>
                <test-case id="1038" name="FileSink_Write_TextFormat_ProducesReadableOutput" fullname="IrsikSoftware.LogSmith.Tests.PlayMode.FileSinkIntegrationTests.FileSink_Write_TextFormat_ProducesReadableOutput" methodname="FileSink_Write_TextFormat_ProducesReadableOutput" classname="IrsikSoftware.LogSmith.Tests.PlayMode.FileSinkIntegrationTests" runstate="Runnable" seed="996470152" result="Passed" start-time="2025-10-17 18:07:27Z" end-time="2025-10-17 18:07:27Z" duration="0.019732" asserts="0">
                  <properties>
                    <property name="_JOINTYPE" value="UnityCombinatorial" />
                    <property name="retryIteration" value="0" />
                    <property name="repeatIteration" value="0" />
                  </properties>
                </test-case>
              </test-suite>
              <test-suite type="TestFixture" id="1050" name="HDRPAdapterTests" fullname="IrsikSoftware.LogSmith.Tests.PlayMode.HDRPAdapterTests" classname="IrsikSoftware.LogSmith.Tests.PlayMode.HDRPAdapterTests" runstate="Runnable" testcasecount="9" result="Passed" start-time="2025-10-17 18:07:27Z" end-time="2025-10-17 18:07:27Z" duration="0.008699" total="9" passed="9" failed="0" inconclusive="0" skipped="0" asserts="0">
                <properties />
                <test-case id="1059" name="Cleanup_RemovesRenderer" fullname="IrsikSoftware.LogSmith.Tests.PlayMode.HDRPAdapterTests.Cleanup_RemovesRenderer" methodname="Cleanup_RemovesRenderer" classname="IrsikSoftware.LogSmith.Tests.PlayMode.HDRPAdapterTests" runstate="Runnable" seed="1995121434" result="Passed" start-time="2025-10-17 18:07:27Z" end-time="2025-10-17 18:07:27Z" duration="0.000583" asserts="0">
                  <properties>
                    <property name="retryIteration" value="0" />
                    <property name="repeatIteration" value="0" />
                  </properties>
                  <reason>
                    <message><![CDATA[HDRP not available, skipping test]]></message>
                  </reason>
                </test-case>
                <test-case id="1052" name="Initialize_CreatesVisualDebugRenderer_WhenHDRPAvailable" fullname="IrsikSoftware.LogSmith.Tests.PlayMode.HDRPAdapterTests.Initialize_CreatesVisualDebugRenderer_WhenHDRPAvailable" methodname="Initialize_CreatesVisualDebugRenderer_WhenHDRPAvailable" classname="IrsikSoftware.LogSmith.Tests.PlayMode.HDRPAdapterTests" runstate="Runnable" seed="84763923" result="Passed" start-time="2025-10-17 18:07:27Z" end-time="2025-10-17 18:07:27Z" duration="0.000618" asserts="0">
                  <properties>
                    <property name="retryIteration" value="0" />
                    <property name="repeatIteration" value="0" />
                  </properties>
                  <output><![CDATA[[HDRPAdapter] HDRP is not available in this project
]]></output>
                </test-case>
                <test-case id="1054" name="Initialize_DisablesRendererByDefault" fullname="IrsikSoftware.LogSmith.Tests.PlayMode.HDRPAdapterTests.Initialize_DisablesRendererByDefault" methodname="Initialize_DisablesRendererByDefault" classname="IrsikSoftware.LogSmith.Tests.PlayMode.HDRPAdapterTests" runstate="Runnable" seed="1060652916" result="Passed" start-time="2025-10-17 18:07:27Z" end-time="2025-10-17 18:07:27Z" duration="0.000211" asserts="0">
                  <properties>
                    <property name="retryIteration" value="0" />
                    <property name="repeatIteration" value="0" />
                  </properties>
                  <reason>
                    <message><![CDATA[HDRP not available, skipping test]]></message>
                  </reason>
                </test-case>
                <test-case id="1053" name="Initialize_EnablesRendererWhenRequested" fullname="IrsikSoftware.LogSmith.Tests.PlayMode.HDRPAdapterTests.Initialize_EnablesRendererWhenRequested" methodname="Initialize_EnablesRendererWhenRequested" classname="IrsikSoftware.LogSmith.Tests.PlayMode.HDRPAdapterTests" runstate="Runnable" seed="99944213" result="Passed" start-time="2025-10-17 18:07:27Z" end-time="2025-10-17 18:07:27Z" duration="0.000187" asserts="0">
                  <properties>
                    <property name="retryIteration" value="0" />
                    <property name="repeatIteration" value="0" />
                  </properties>
                  <reason>
                    <message><![CDATA[HDRP not available, skipping test]]></message>
                  </reason>
                </test-case>
                <test-case id="1051" name="IsAvailable_ReturnsExpectedValue" fullname="IrsikSoftware.LogSmith.Tests.PlayMode.HDRPAdapterTests.IsAvailable_ReturnsExpectedValue" methodname="IsAvailable_ReturnsExpectedValue" classname="IrsikSoftware.LogSmith.Tests.PlayMode.HDRPAdapterTests" runstate="Runnable" seed="787967005" result="Passed" start-time="2025-10-17 18:07:27Z" end-time="2025-10-17 18:07:27Z" duration="0.000145" asserts="0">
                  <properties>
                    <property name="retryIteration" value="0" />
                    <property name="repeatIteration" value="0" />
                  </properties>
                </test-case>
                <test-case id="1057" name="VisualDebugRenderer_CanClear_WhenHDRPAvailable" fullname="IrsikSoftware.LogSmith.Tests.PlayMode.HDRPAdapterTests.VisualDebugRenderer_CanClear_WhenHDRPAvailable" methodname="VisualDebugRenderer_CanClear_WhenHDRPAvailable" classname="IrsikSoftware.LogSmith.Tests.PlayMode.HDRPAdapterTests" runstate="Runnable" seed="1356599462" result="Passed" start-time="2025-10-17 18:07:27Z" end-time="2025-10-17 18:07:27Z" duration="0.000186" asserts="0">
                  <properties>
                    <property name="retryIteration" value="0" />
                    <property name="repeatIteration" value="0" />
                  </properties>
                  <reason>
                    <message><![CDATA[HDRP not available, skipping test]]></message>
                  </reason>
                </test-case>
                <test-case id="1055" name="VisualDebugRenderer_CanDrawLine_WhenHDRPAvailable" fullname="IrsikSoftware.LogSmith.Tests.PlayMode.HDRPAdapterTests.VisualDebugRenderer_CanDrawLine_WhenHDRPAvailable" methodname="VisualDebugRenderer_CanDrawLine_WhenHDRPAvailable" classname="IrsikSoftware.LogSmith.Tests.PlayMode.HDRPAdapterTests" runstate="Runnable" seed="1161724041" result="Passed" start-time="2025-10-17 18:07:27Z" end-time="2025-10-17 18:07:27Z" duration="0.000184" asserts="0">
                  <properties>
                    <property name="retryIteration" value="0" />
                    <property name="repeatIteration" value="0" />
                  </properties>
                  <reason>
                    <message><![CDATA[HDRP not available, skipping test]]></message>
                  </reason>
                </test-case>
                <test-case id="1056" name="VisualDebugRenderer_CanDrawQuad_WhenHDRPAvailable" fullname="IrsikSoftware.LogSmith.Tests.PlayMode.HDRPAdapterTests.VisualDebugRenderer_CanDrawQuad_WhenHDRPAvailable" methodname="VisualDebugRenderer_CanDrawQuad_WhenHDRPAvailable" classname="IrsikSoftware.LogSmith.Tests.PlayMode.HDRPAdapterTests" runstate="Runnable" seed="2000665715" result="Passed" start-time="2025-10-17 18:07:27Z" end-time="2025-10-17 18:07:27Z" duration="0.000188" asserts="0">
                  <properties>
                    <property name="retryIteration" value="0" />
                    <property name="repeatIteration" value="0" />
                  </properties>
                  <reason>
                    <message><![CDATA[HDRP not available, skipping test]]></message>
                  </reason>
                </test-case>
                <test-case id="1058" name="VisualDebugRenderer_CanToggleEnabled_WhenHDRPAvailable" fullname="IrsikSoftware.LogSmith.Tests.PlayMode.HDRPAdapterTests.VisualDebugRenderer_CanToggleEnabled_WhenHDRPAvailable" methodname="VisualDebugRenderer_CanToggleEnabled_WhenHDRPAvailable" classname="IrsikSoftware.LogSmith.Tests.PlayMode.HDRPAdapterTests" runstate="Runnable" seed="2083078302" result="Passed" start-time="2025-10-17 18:07:27Z" end-time="2025-10-17 18:07:27Z" duration="0.000181" asserts="0">
                  <properties>
                    <property name="retryIteration" value="0" />
                    <property name="repeatIteration" value="0" />
                  </properties>
                  <reason>
                    <message><![CDATA[HDRP not available, skipping test]]></message>
                  </reason>
                </test-case>
              </test-suite>
              <test-suite type="TestFixture" id="1060" name="JsonSchemaSnapshotTests" fullname="IrsikSoftware.LogSmith.Tests.PlayMode.JsonSchemaSnapshotTests" classname="IrsikSoftware.LogSmith.Tests.PlayMode.JsonSchemaSnapshotTests" runstate="Runnable" testcasecount="16" result="Passed" start-time="2025-10-17 18:07:27Z" end-time="2025-10-17 18:07:28Z" duration="0.216701" total="16" passed="16" failed="0" inconclusive="0" skipped="0" asserts="0">
                <properties />
                <test-case id="1074" name="JsonOutput_ContainsCallerInfo" fullname="IrsikSoftware.LogSmith.Tests.PlayMode.JsonSchemaSnapshotTests.JsonOutput_ContainsCallerInfo" methodname="JsonOutput_ContainsCallerInfo" classname="IrsikSoftware.LogSmith.Tests.PlayMode.JsonSchemaSnapshotTests" runstate="Runnable" seed="792009485" result="Passed" start-time="2025-10-17 18:07:27Z" end-time="2025-10-17 18:07:27Z" duration="0.012702" asserts="0">
                  <properties>
                    <property name="_JOINTYPE" value="UnityCombinatorial" />
                    <property name="retryIteration" value="0" />
                    <property name="repeatIteration" value="0" />
                  </properties>
                </test-case>
                <test-case id="1073" name="JsonOutput_ContainsFrameInfo" fullname="IrsikSoftware.LogSmith.Tests.PlayMode.JsonSchemaSnapshotTests.JsonOutput_ContainsFrameInfo" methodname="JsonOutput_ContainsFrameInfo" classname="IrsikSoftware.LogSmith.Tests.PlayMode.JsonSchemaSnapshotTests" runstate="Runnable" seed="353011249" result="Passed" start-time="2025-10-17 18:07:27Z" end-time="2025-10-17 18:07:27Z" duration="0.016860" asserts="0">
                  <properties>
                    <property name="_JOINTYPE" value="UnityCombinatorial" />
                    <property name="retryIteration" value="0" />
                    <property name="repeatIteration" value="0" />
                  </properties>
                </test-case>
                <test-case id="1061" name="JsonOutput_ContainsRequiredFields" fullname="IrsikSoftware.LogSmith.Tests.PlayMode.JsonSchemaSnapshotTests.JsonOutput_ContainsRequiredFields" methodname="JsonOutput_ContainsRequiredFields" classname="IrsikSoftware.LogSmith.Tests.PlayMode.JsonSchemaSnapshotTests" runstate="Runnable" seed="780801775" result="Passed" start-time="2025-10-17 18:07:27Z" end-time="2025-10-17 18:07:27Z" duration="0.012493" asserts="0">
                  <properties>
                    <property name="_JOINTYPE" value="UnityCombinatorial" />
                    <property name="retryIteration" value="0" />
                    <property name="repeatIteration" value="0" />
                  </properties>
                </test-case>
                <test-case id="1072" name="JsonOutput_ContainsThreadInfo" fullname="IrsikSoftware.LogSmith.Tests.PlayMode.JsonSchemaSnapshotTests.JsonOutput_ContainsThreadInfo" methodname="JsonOutput_ContainsThreadInfo" classname="IrsikSoftware.LogSmith.Tests.PlayMode.JsonSchemaSnapshotTests" runstate="Runnable" seed="780670986" result="Passed" start-time="2025-10-17 18:07:27Z" end-time="2025-10-17 18:07:27Z" duration="0.011806" asserts="0">
                  <properties>
                    <property name="_JOINTYPE" value="UnityCombinatorial" />
                    <property name="retryIteration" value="0" />
                    <property name="repeatIteration" value="0" />
                  </properties>
                </test-case>
                <test-case id="1067" name="JsonOutput_EmptyContext_ValidStructure" fullname="IrsikSoftware.LogSmith.Tests.PlayMode.JsonSchemaSnapshotTests.JsonOutput_EmptyContext_ValidStructure" methodname="JsonOutput_EmptyContext_ValidStructure" classname="IrsikSoftware.LogSmith.Tests.PlayMode.JsonSchemaSnapshotTests" runstate="Runnable" seed="668196625" result="Passed" start-time="2025-10-17 18:07:27Z" end-time="2025-10-17 18:07:27Z" duration="0.013123" asserts="0">
                  <properties>
                    <property name="_JOINTYPE" value="UnityCombinatorial" />
                    <property name="retryIteration" value="0" />
                    <property name="repeatIteration" value="0" />
                  </properties>
                </test-case>
                <test-case id="1064" name="JsonOutput_LevelField_CorrectValues" fullname="IrsikSoftware.LogSmith.Tests.PlayMode.JsonSchemaSnapshotTests.JsonOutput_LevelField_CorrectValues" methodname="JsonOutput_LevelField_CorrectValues" classname="IrsikSoftware.LogSmith.Tests.PlayMode.JsonSchemaSnapshotTests" runstate="Runnable" seed="588443873" result="Passed" start-time="2025-10-17 18:07:27Z" end-time="2025-10-17 18:07:27Z" duration="0.011887" asserts="0">
                  <properties>
                    <property name="_JOINTYPE" value="UnityCombinatorial" />
                    <property name="retryIteration" value="0" />
                    <property name="repeatIteration" value="0" />
                  </properties>
                </test-case>
                <test-case id="1069" name="JsonOutput_NewlineCharacters_ProperlyEscaped" fullname="IrsikSoftware.LogSmith.Tests.PlayMode.JsonSchemaSnapshotTests.JsonOutput_NewlineCharacters_ProperlyEscaped" methodname="JsonOutput_NewlineCharacters_ProperlyEscaped" classname="IrsikSoftware.LogSmith.Tests.PlayMode.JsonSchemaSnapshotTests" runstate="Runnable" seed="8130350" result="Passed" start-time="2025-10-17 18:07:27Z" end-time="2025-10-17 18:07:27Z" duration="0.012946" asserts="0">
                  <properties>
                    <property name="_JOINTYPE" value="UnityCombinatorial" />
                    <property name="retryIteration" value="0" />
                    <property name="repeatIteration" value="0" />
                  </properties>
                </test-case>
                <test-case id="1075" name="JsonOutput_SchemaStability_AllLogLevels" fullname="IrsikSoftware.LogSmith.Tests.PlayMode.JsonSchemaSnapshotTests.JsonOutput_SchemaStability_AllLogLevels" methodname="JsonOutput_SchemaStability_AllLogLevels" classname="IrsikSoftware.LogSmith.Tests.PlayMode.JsonSchemaSnapshotTests" runstate="Runnable" seed="657661715" result="Passed" start-time="2025-10-17 18:07:27Z" end-time="2025-10-17 18:07:27Z" duration="0.014823" asserts="0">
                  <properties>
                    <property name="_JOINTYPE" value="UnityCombinatorial" />
                    <property name="retryIteration" value="0" />
                    <property name="repeatIteration" value="0" />
                  </properties>
                </test-case>
                <test-case id="1076" name="JsonOutput_SchemaStability_DifferentCategories" fullname="IrsikSoftware.LogSmith.Tests.PlayMode.JsonSchemaSnapshotTests.JsonOutput_SchemaStability_DifferentCategories" methodname="JsonOutput_SchemaStability_DifferentCategories" classname="IrsikSoftware.LogSmith.Tests.PlayMode.JsonSchemaSnapshotTests" runstate="Runnable" seed="1238491403" result="Passed" start-time="2025-10-17 18:07:27Z" end-time="2025-10-17 18:07:28Z" duration="0.017388" asserts="0">
                  <properties>
                    <property name="_JOINTYPE" value="UnityCombinatorial" />
                    <property name="retryIteration" value="0" />
                    <property name="repeatIteration" value="0" />
                  </properties>
                </test-case>
                <test-case id="1070" name="JsonOutput_Snapshot_BasicMessage" fullname="IrsikSoftware.LogSmith.Tests.PlayMode.JsonSchemaSnapshotTests.JsonOutput_Snapshot_BasicMessage" methodname="JsonOutput_Snapshot_BasicMessage" classname="IrsikSoftware.LogSmith.Tests.PlayMode.JsonSchemaSnapshotTests" runstate="Runnable" seed="1161408881" result="Passed" start-time="2025-10-17 18:07:28Z" end-time="2025-10-17 18:07:28Z" duration="0.011741" asserts="0">
                  <properties>
                    <property name="_JOINTYPE" value="UnityCombinatorial" />
                    <property name="retryIteration" value="0" />
                    <property name="repeatIteration" value="0" />
                  </properties>
                </test-case>
                <test-case id="1071" name="JsonOutput_Snapshot_WithContext" fullname="IrsikSoftware.LogSmith.Tests.PlayMode.JsonSchemaSnapshotTests.JsonOutput_Snapshot_WithContext" methodname="JsonOutput_Snapshot_WithContext" classname="IrsikSoftware.LogSmith.Tests.PlayMode.JsonSchemaSnapshotTests" runstate="Runnable" seed="717384470" result="Passed" start-time="2025-10-17 18:07:28Z" end-time="2025-10-17 18:07:28Z" duration="0.013501" asserts="0">
                  <properties>
                    <property name="_JOINTYPE" value="UnityCombinatorial" />
                    <property name="retryIteration" value="0" />
                    <property name="repeatIteration" value="0" />
                  </properties>
                </test-case>
                <test-case id="1068" name="JsonOutput_SpecialCharacters_ProperlyEscaped" fullname="IrsikSoftware.LogSmith.Tests.PlayMode.JsonSchemaSnapshotTests.JsonOutput_SpecialCharacters_ProperlyEscaped" methodname="JsonOutput_SpecialCharacters_ProperlyEscaped" classname="IrsikSoftware.LogSmith.Tests.PlayMode.JsonSchemaSnapshotTests" runstate="Runnable" seed="2123407482" result="Passed" start-time="2025-10-17 18:07:28Z" end-time="2025-10-17 18:07:28Z" duration="0.011929" asserts="0">
                  <properties>
                    <property name="_JOINTYPE" value="UnityCombinatorial" />
                    <property name="retryIteration" value="0" />
                    <property name="repeatIteration" value="0" />
                  </properties>
                </test-case>
                <test-case id="1063" name="JsonOutput_TimestampFormat_ISO8601" fullname="IrsikSoftware.LogSmith.Tests.PlayMode.JsonSchemaSnapshotTests.JsonOutput_TimestampFormat_ISO8601" methodname="JsonOutput_TimestampFormat_ISO8601" classname="IrsikSoftware.LogSmith.Tests.PlayMode.JsonSchemaSnapshotTests" runstate="Runnable" seed="1406250487" result="Passed" start-time="2025-10-17 18:07:28Z" end-time="2025-10-17 18:07:28Z" duration="0.012310" asserts="0">
                  <properties>
                    <property name="_JOINTYPE" value="UnityCombinatorial" />
                    <property name="retryIteration" value="0" />
                    <property name="repeatIteration" value="0" />
                  </properties>
                </test-case>
                <test-case id="1062" name="JsonOutput_ValidJsonStructure" fullname="IrsikSoftware.LogSmith.Tests.PlayMode.JsonSchemaSnapshotTests.JsonOutput_ValidJsonStructure" methodname="JsonOutput_ValidJsonStructure" classname="IrsikSoftware.LogSmith.Tests.PlayMode.JsonSchemaSnapshotTests" runstate="Runnable" seed="1292160271" result="Passed" start-time="2025-10-17 18:07:28Z" end-time="2025-10-17 18:07:28Z" duration="0.011807" asserts="0">
                  <properties>
                    <property name="_JOINTYPE" value="UnityCombinatorial" />
                    <property name="retryIteration" value="0" />
                    <property name="repeatIteration" value="0" />
                  </properties>
                </test-case>
                <test-case id="1065" name="JsonOutput_WithContext_IncludesContextObject" fullname="IrsikSoftware.LogSmith.Tests.PlayMode.JsonSchemaSnapshotTests.JsonOutput_WithContext_IncludesContextObject" methodname="JsonOutput_WithContext_IncludesContextObject" classname="IrsikSoftware.LogSmith.Tests.PlayMode.JsonSchemaSnapshotTests" runstate="Runnable" seed="889471514" result="Passed" start-time="2025-10-17 18:07:28Z" end-time="2025-10-17 18:07:28Z" duration="0.011833" asserts="0">
                  <properties>
                    <property name="_JOINTYPE" value="UnityCombinatorial" />
                    <property name="retryIteration" value="0" />
                    <property name="repeatIteration" value="0" />
                  </properties>
                </test-case>
                <test-case id="1066" name="JsonOutput_WithoutContext_ValidStructure" fullname="IrsikSoftware.LogSmith.Tests.PlayMode.JsonSchemaSnapshotTests.JsonOutput_WithoutContext_ValidStructure" methodname="JsonOutput_WithoutContext_ValidStructure" classname="IrsikSoftware.LogSmith.Tests.PlayMode.JsonSchemaSnapshotTests" runstate="Runnable" seed="1649996182" result="Passed" start-time="2025-10-17 18:07:28Z" end-time="2025-10-17 18:07:28Z" duration="0.011489" asserts="0">
                  <properties>
                    <property name="_JOINTYPE" value="UnityCombinatorial" />
                    <property name="retryIteration" value="0" />
                    <property name="repeatIteration" value="0" />
                  </properties>
                </test-case>
              </test-suite>
              <test-suite type="TestFixture" id="1077" name="LogRouterPlayModePerformanceTests" fullname="IrsikSoftware.LogSmith.Tests.PlayMode.LogRouterPlayModePerformanceTests" classname="IrsikSoftware.LogSmith.Tests.PlayMode.LogRouterPlayModePerformanceTests" runstate="Runnable" testcasecount="5" result="Passed" start-time="2025-10-17 18:07:28Z" end-time="2025-10-17 18:07:28Z" duration="0.100363" total="5" passed="5" failed="0" inconclusive="0" skipped="0" asserts="0">
                <properties />
                <test-case id="1082" name="RuntimeRouting_AcrossMultipleFrames_SustainedPerformance" fullname="IrsikSoftware.LogSmith.Tests.PlayMode.LogRouterPlayModePerformanceTests.RuntimeRouting_AcrossMultipleFrames_SustainedPerformance" methodname="RuntimeRouting_AcrossMultipleFrames_SustainedPerformance" classname="IrsikSoftware.LogSmith.Tests.PlayMode.LogRouterPlayModePerformanceTests" runstate="Runnable" seed="1782722664" result="Passed" start-time="2025-10-17 18:07:28Z" end-time="2025-10-17 18:07:28Z" duration="0.045055" asserts="0">
                  <properties>
                    <property name="_JOINTYPE" value="UnityCombinatorial" />
                    <property name="retryIteration" value="0" />
                    <property name="repeatIteration" value="0" />
                  </properties>
                  <output><![CDATA[[PERF][PlayMode] Sustained performance: 0.033ms average over 10 frames
]]></output>
                </test-case>
                <test-case id="1079" name="RuntimeRouting_HighThroughput_MaintainsFrameBudget" fullname="IrsikSoftware.LogSmith.Tests.PlayMode.LogRouterPlayModePerformanceTests.RuntimeRouting_HighThroughput_MaintainsFrameBudget" methodname="RuntimeRouting_HighThroughput_MaintainsFrameBudget" classname="IrsikSoftware.LogSmith.Tests.PlayMode.LogRouterPlayModePerformanceTests" runstate="Runnable" seed="467250169" result="Passed" start-time="2025-10-17 18:07:28Z" end-time="2025-10-17 18:07:28Z" duration="0.013441" asserts="0">
                  <properties>
                    <property name="_JOINTYPE" value="UnityCombinatorial" />
                    <property name="retryIteration" value="0" />
                    <property name="repeatIteration" value="0" />
                  </properties>
                  <output><![CDATA[[PERF][PlayMode] High throughput: 0.234ms for 1000 messages
]]></output>
                </test-case>
                <test-case id="1080" name="RuntimeRouting_MultipleSinks_MeetsPerformanceTarget" fullname="IrsikSoftware.LogSmith.Tests.PlayMode.LogRouterPlayModePerformanceTests.RuntimeRouting_MultipleSinks_MeetsPerformanceTarget" methodname="RuntimeRouting_MultipleSinks_MeetsPerformanceTarget" classname="IrsikSoftware.LogSmith.Tests.PlayMode.LogRouterPlayModePerformanceTests" runstate="Runnable" seed="1294281234" result="Passed" start-time="2025-10-17 18:07:28Z" end-time="2025-10-17 18:07:28Z" duration="0.012266" asserts="0">
                  <properties>
                    <property name="_JOINTYPE" value="UnityCombinatorial" />
                    <property name="retryIteration" value="0" />
                    <property name="repeatIteration" value="0" />
                  </properties>
                  <output><![CDATA[[PERF][PlayMode] Multi sink routing (3 sinks): 0.28s average
]]></output>
                </test-case>
                <test-case id="1078" name="RuntimeRouting_SingleSink_CompletesUnder200Microseconds" fullname="IrsikSoftware.LogSmith.Tests.PlayMode.LogRouterPlayModePerformanceTests.RuntimeRouting_SingleSink_CompletesUnder200Microseconds" methodname="RuntimeRouting_SingleSink_CompletesUnder200Microseconds" classname="IrsikSoftware.LogSmith.Tests.PlayMode.LogRouterPlayModePerformanceTests" runstate="Runnable" seed="885392021" result="Passed" start-time="2025-10-17 18:07:28Z" end-time="2025-10-17 18:07:28Z" duration="0.012477" asserts="0">
                  <properties>
                    <property name="_JOINTYPE" value="UnityCombinatorial" />
                    <property name="retryIteration" value="0" />
                    <property name="repeatIteration" value="0" />
                  </properties>
                  <output><![CDATA[[PERF][PlayMode] Single sink routing: 0.21s average (1000 iterations)
]]></output>
                </test-case>
                <test-case id="1081" name="RuntimeRouting_WithFiltering_FastRejection" fullname="IrsikSoftware.LogSmith.Tests.PlayMode.LogRouterPlayModePerformanceTests.RuntimeRouting_WithFiltering_FastRejection" methodname="RuntimeRouting_WithFiltering_FastRejection" classname="IrsikSoftware.LogSmith.Tests.PlayMode.LogRouterPlayModePerformanceTests" runstate="Runnable" seed="192532400" result="Passed" start-time="2025-10-17 18:07:28Z" end-time="2025-10-17 18:07:28Z" duration="0.012043" asserts="0">
                  <properties>
                    <property name="_JOINTYPE" value="UnityCombinatorial" />
                    <property name="retryIteration" value="0" />
                    <property name="repeatIteration" value="0" />
                  </properties>
                  <output><![CDATA[[PERF][PlayMode] Filtered routing: 0.12s average
]]></output>
                </test-case>
              </test-suite>
              <test-suite type="TestFixture" id="1083" name="RenderPipelineAdapterServiceTests" fullname="IrsikSoftware.LogSmith.Tests.PlayMode.RenderPipelineAdapterServiceTests" classname="IrsikSoftware.LogSmith.Tests.PlayMode.RenderPipelineAdapterServiceTests" runstate="Runnable" testcasecount="9" result="Failed" site="Child" start-time="2025-10-17 18:07:28Z" end-time="2025-10-17 18:07:28Z" duration="0.014405" total="9" passed="8" failed="1" inconclusive="0" skipped="0" asserts="0">
                <properties />
                <failure>
                  <message><![CDATA[One or more child tests had errors]]></message>
                </failure>
                <test-case id="1087" name="Cleanup_RemovesActiveRenderer" fullname="IrsikSoftware.LogSmith.Tests.PlayMode.RenderPipelineAdapterServiceTests.Cleanup_RemovesActiveRenderer" methodname="Cleanup_RemovesActiveRenderer" classname="IrsikSoftware.LogSmith.Tests.PlayMode.RenderPipelineAdapterServiceTests" runstate="Runnable" seed="2055207424" result="Passed" start-time="2025-10-17 18:07:28Z" end-time="2025-10-17 18:07:28Z" duration="0.001914" asserts="0">
                  <properties>
                    <property name="retryIteration" value="0" />
                    <property name="repeatIteration" value="0" />
                  </properties>
                  <output><![CDATA[[RenderPipelineAdapterService] Built-in Render Pipeline detected but adapter not available
[RenderPipelineAdapterService] No adapter available for Built-in Render Pipeline, using No-Op fallback
]]></output>
                </test-case>
                <test-case id="1090" name="DetectedPipeline_MatchesCurrentProject" fullname="IrsikSoftware.LogSmith.Tests.PlayMode.RenderPipelineAdapterServiceTests.DetectedPipeline_MatchesCurrentProject" methodname="DetectedPipeline_MatchesCurrentProject" classname="IrsikSoftware.LogSmith.Tests.PlayMode.RenderPipelineAdapterServiceTests" runstate="Runnable" seed="696764340" result="Passed" start-time="2025-10-17 18:07:28Z" end-time="2025-10-17 18:07:28Z" duration="0.001051" asserts="0">
                  <properties>
                    <property name="retryIteration" value="0" />
                    <property name="repeatIteration" value="0" />
                  </properties>
                  <output><![CDATA[[RenderPipelineAdapterService] Built-in Render Pipeline detected but adapter not available
[RenderPipelineAdapterService] No adapter available for Built-in Render Pipeline, using No-Op fallback
]]></output>
                </test-case>
                <test-case id="1085" name="Initialize_ActivatesAdapter_WhenAvailable" fullname="IrsikSoftware.LogSmith.Tests.PlayMode.RenderPipelineAdapterServiceTests.Initialize_ActivatesAdapter_WhenAvailable" methodname="Initialize_ActivatesAdapter_WhenAvailable" classname="IrsikSoftware.LogSmith.Tests.PlayMode.RenderPipelineAdapterServiceTests" runstate="Runnable" seed="599562264" result="Failed" start-time="2025-10-17 18:07:28Z" end-time="2025-10-17 18:07:28Z" duration="0.001010" asserts="0">
                  <properties>
                    <property name="retryIteration" value="0" />
                    <property name="repeatIteration" value="0" />
                  </properties>
                  <failure>
                    <message><![CDATA[  Built-in adapter should be available for Built-in RP
  Expected: not null
  But was:  null
]]></message>
                    <stack-trace><![CDATA[at IrsikSoftware.LogSmith.Tests.PlayMode.RenderPipelineAdapterServiceTests.Initialize_ActivatesAdapter_WhenAvailable () [0x00035] in .\Packages\com.irsiksoftware.logsmith\Tests\PlayMode\RenderPipelineAdapterServiceTests.cs:57
]]></stack-trace>
                  </failure>
                  <output><![CDATA[[RenderPipelineAdapterService] Built-in Render Pipeline detected but adapter not available
[RenderPipelineAdapterService] No adapter available for Built-in Render Pipeline, using No-Op fallback
]]></output>
                </test-case>
                <test-case id="1084" name="Initialize_DetectsPipeline" fullname="IrsikSoftware.LogSmith.Tests.PlayMode.RenderPipelineAdapterServiceTests.Initialize_DetectsPipeline" methodname="Initialize_DetectsPipeline" classname="IrsikSoftware.LogSmith.Tests.PlayMode.RenderPipelineAdapterServiceTests" runstate="Runnable" seed="471572860" result="Passed" start-time="2025-10-17 18:07:28Z" end-time="2025-10-17 18:07:28Z" duration="0.001330" asserts="0">
                  <properties>
                    <property name="retryIteration" value="0" />
                    <property name="repeatIteration" value="0" />
                  </properties>
                  <output><![CDATA[[RenderPipelineAdapterService] Built-in Render Pipeline detected but adapter not available
[RenderPipelineAdapterService] No adapter available for Built-in Render Pipeline, using No-Op fallback
]]></output>
                </test-case>
                <test-case id="1086" name="Initialize_LogsInfoMessage" fullname="IrsikSoftware.LogSmith.Tests.PlayMode.RenderPipelineAdapterServiceTests.Initialize_LogsInfoMessage" methodname="Initialize_LogsInfoMessage" classname="IrsikSoftware.LogSmith.Tests.PlayMode.RenderPipelineAdapterServiceTests" runstate="Runnable" seed="2137993027" result="Passed" start-time="2025-10-17 18:07:28Z" end-time="2025-10-17 18:07:28Z" duration="0.000852" asserts="0">
                  <properties>
                    <property name="retryIteration" value="0" />
                    <property name="repeatIteration" value="0" />
                  </properties>
                  <output><![CDATA[[RenderPipelineAdapterService] Built-in Render Pipeline detected but adapter not available
[RenderPipelineAdapterService] No adapter available for Built-in Render Pipeline, using No-Op fallback
]]></output>
                </test-case>
                <test-case id="1089" name="Initialize_WithEnabledFalse_DisablesRenderer" fullname="IrsikSoftware.LogSmith.Tests.PlayMode.RenderPipelineAdapterServiceTests.Initialize_WithEnabledFalse_DisablesRenderer" methodname="Initialize_WithEnabledFalse_DisablesRenderer" classname="IrsikSoftware.LogSmith.Tests.PlayMode.RenderPipelineAdapterServiceTests" runstate="Runnable" seed="1855093344" result="Passed" start-time="2025-10-17 18:07:28Z" end-time="2025-10-17 18:07:28Z" duration="0.000738" asserts="0">
                  <properties>
                    <property name="retryIteration" value="0" />
                    <property name="repeatIteration" value="0" />
                  </properties>
                  <output><![CDATA[[RenderPipelineAdapterService] Built-in Render Pipeline detected but adapter not available
[RenderPipelineAdapterService] No adapter available for Built-in Render Pipeline, using No-Op fallback
]]></output>
                </test-case>
                <test-case id="1088" name="Initialize_WithEnabledTrue_EnablesRenderer" fullname="IrsikSoftware.LogSmith.Tests.PlayMode.RenderPipelineAdapterServiceTests.Initialize_WithEnabledTrue_EnablesRenderer" methodname="Initialize_WithEnabledTrue_EnablesRenderer" classname="IrsikSoftware.LogSmith.Tests.PlayMode.RenderPipelineAdapterServiceTests" runstate="Runnable" seed="163378827" result="Passed" start-time="2025-10-17 18:07:28Z" end-time="2025-10-17 18:07:28Z" duration="0.000865" asserts="0">
                  <properties>
                    <property name="retryIteration" value="0" />
                    <property name="repeatIteration" value="0" />
                  </properties>
                  <output><![CDATA[[RenderPipelineAdapterService] Built-in Render Pipeline detected but adapter not available
[RenderPipelineAdapterService] No adapter available for Built-in Render Pipeline, using No-Op fallback
]]></output>
                </test-case>
                <test-case id="1092" name="RenderPipelineDetector_DetectPipeline_DoesNotThrow" fullname="IrsikSoftware.LogSmith.Tests.PlayMode.RenderPipelineAdapterServiceTests.RenderPipelineDetector_DetectPipeline_DoesNotThrow" methodname="RenderPipelineDetector_DetectPipeline_DoesNotThrow" classname="IrsikSoftware.LogSmith.Tests.PlayMode.RenderPipelineAdapterServiceTests" runstate="Runnable" seed="477520942" result="Passed" start-time="2025-10-17 18:07:28Z" end-time="2025-10-17 18:07:28Z" duration="0.000282" asserts="0">
                  <properties>
                    <property name="retryIteration" value="0" />
                    <property name="repeatIteration" value="0" />
                  </properties>
                </test-case>
                <test-case id="1091" name="RenderPipelineDetector_GetPipelineName_ReturnsValidNames" fullname="IrsikSoftware.LogSmith.Tests.PlayMode.RenderPipelineAdapterServiceTests.RenderPipelineDetector_GetPipelineName_ReturnsValidNames" methodname="RenderPipelineDetector_GetPipelineName_ReturnsValidNames" classname="IrsikSoftware.LogSmith.Tests.PlayMode.RenderPipelineAdapterServiceTests" runstate="Runnable" seed="79768786" result="Passed" start-time="2025-10-17 18:07:28Z" end-time="2025-10-17 18:07:28Z" duration="0.000148" asserts="0">
                  <properties>
                    <property name="retryIteration" value="0" />
                    <property name="repeatIteration" value="0" />
                  </properties>
                </test-case>
              </test-suite>
              <test-suite type="TestFixture" id="1093" name="ThreadSafetyStressTests" fullname="IrsikSoftware.LogSmith.Tests.PlayMode.ThreadSafetyStressTests" classname="IrsikSoftware.LogSmith.Tests.PlayMode.ThreadSafetyStressTests" runstate="Runnable" testcasecount="4" result="Passed" start-time="2025-10-17 18:07:28Z" end-time="2025-10-17 18:07:39Z" duration="10.859533" total="4" passed="4" failed="0" inconclusive="0" skipped="0" asserts="0">
                <properties />
                <test-case id="1096" name="BoundedQueue_DropsMessagesWhenFull" fullname="IrsikSoftware.LogSmith.Tests.PlayMode.ThreadSafetyStressTests.BoundedQueue_DropsMessagesWhenFull" methodname="BoundedQueue_DropsMessagesWhenFull" classname="IrsikSoftware.LogSmith.Tests.PlayMode.ThreadSafetyStressTests" runstate="Runnable" seed="1144047226" result="Passed" start-time="2025-10-17 18:07:28Z" end-time="2025-10-17 18:07:38Z" duration="10.577323" asserts="0">
                  <properties>
                    <property name="_JOINTYPE" value="UnityCombinatorial" />
                    <property name="retryIteration" value="0" />
                    <property name="repeatIteration" value="0" />
                  </properties>
                </test-case>
                <test-case id="1097" name="ConcurrentSubscribeAndUnsubscribe_NoDataRaces" fullname="IrsikSoftware.LogSmith.Tests.PlayMode.ThreadSafetyStressTests.ConcurrentSubscribeAndUnsubscribe_NoDataRaces" methodname="ConcurrentSubscribeAndUnsubscribe_NoDataRaces" classname="IrsikSoftware.LogSmith.Tests.PlayMode.ThreadSafetyStressTests" runstate="Runnable" seed="2120458916" result="Passed" start-time="2025-10-17 18:07:38Z" end-time="2025-10-17 18:07:39Z" duration="0.215372" asserts="0">
                  <properties>
                    <property name="_JOINTYPE" value="UnityCombinatorial" />
                    <property name="retryIteration" value="0" />
                    <property name="repeatIteration" value="0" />
                  </properties>
                </test-case>
                <test-case id="1094" name="MultiThreadedLogging_NoDataRaces" fullname="IrsikSoftware.LogSmith.Tests.PlayMode.ThreadSafetyStressTests.MultiThreadedLogging_NoDataRaces" methodname="MultiThreadedLogging_NoDataRaces" classname="IrsikSoftware.LogSmith.Tests.PlayMode.ThreadSafetyStressTests" runstate="Runnable" seed="957616909" result="Passed" start-time="2025-10-17 18:07:39Z" end-time="2025-10-17 18:07:39Z" duration="0.016070" asserts="0">
                  <properties>
                    <property name="_JOINTYPE" value="UnityCombinatorial" />
                    <property name="retryIteration" value="0" />
                    <property name="repeatIteration" value="0" />
                  </properties>
                </test-case>
                <test-case id="1095" name="SubscribersReceiveOnMainThread" fullname="IrsikSoftware.LogSmith.Tests.PlayMode.ThreadSafetyStressTests.SubscribersReceiveOnMainThread" methodname="SubscribersReceiveOnMainThread" classname="IrsikSoftware.LogSmith.Tests.PlayMode.ThreadSafetyStressTests" runstate="Runnable" seed="2036761149" result="Passed" start-time="2025-10-17 18:07:39Z" end-time="2025-10-17 18:07:39Z" duration="0.045395" asserts="0">
                  <properties>
                    <property name="_JOINTYPE" value="UnityCombinatorial" />
                    <property name="retryIteration" value="0" />
                    <property name="repeatIteration" value="0" />
                  </properties>
                </test-case>
              </test-suite>
              <test-suite type="TestFixture" id="1098" name="URPAdapterTests" fullname="IrsikSoftware.LogSmith.Tests.PlayMode.URPAdapterTests" classname="IrsikSoftware.LogSmith.Tests.PlayMode.URPAdapterTests" runstate="Runnable" testcasecount="9" result="Passed" start-time="2025-10-17 18:07:39Z" end-time="2025-10-17 18:07:39Z" duration="0.008536" total="9" passed="9" failed="0" inconclusive="0" skipped="0" asserts="0">
                <properties />
                <test-case id="1107" name="Cleanup_RemovesRenderer" fullname="IrsikSoftware.LogSmith.Tests.PlayMode.URPAdapterTests.Cleanup_RemovesRenderer" methodname="Cleanup_RemovesRenderer" classname="IrsikSoftware.LogSmith.Tests.PlayMode.URPAdapterTests" runstate="Runnable" seed="1572708020" result="Passed" start-time="2025-10-17 18:07:39Z" end-time="2025-10-17 18:07:39Z" duration="0.000466" asserts="0">
                  <properties>
                    <property name="retryIteration" value="0" />
                    <property name="repeatIteration" value="0" />
                  </properties>
                  <reason>
                    <message><![CDATA[URP not available, skipping test]]></message>
                  </reason>
                </test-case>
                <test-case id="1100" name="Initialize_CreatesVisualDebugRenderer_WhenURPAvailable" fullname="IrsikSoftware.LogSmith.Tests.PlayMode.URPAdapterTests.Initialize_CreatesVisualDebugRenderer_WhenURPAvailable" methodname="Initialize_CreatesVisualDebugRenderer_WhenURPAvailable" classname="IrsikSoftware.LogSmith.Tests.PlayMode.URPAdapterTests" runstate="Runnable" seed="249384850" result="Passed" start-time="2025-10-17 18:07:39Z" end-time="2025-10-17 18:07:39Z" duration="0.000744" asserts="0">
                  <properties>
                    <property name="retryIteration" value="0" />
                    <property name="repeatIteration" value="0" />
                  </properties>
                  <output><![CDATA[[URPOverlayRenderer] Initialized. Make sure URPOverlayRendererFeature is added to your URP Renderer asset.
]]></output>
                </test-case>
                <test-case id="1102" name="Initialize_DisablesRendererByDefault" fullname="IrsikSoftware.LogSmith.Tests.PlayMode.URPAdapterTests.Initialize_DisablesRendererByDefault" methodname="Initialize_DisablesRendererByDefault" classname="IrsikSoftware.LogSmith.Tests.PlayMode.URPAdapterTests" runstate="Runnable" seed="1677330727" result="Passed" start-time="2025-10-17 18:07:39Z" end-time="2025-10-17 18:07:39Z" duration="0.000193" asserts="0">
                  <properties>
                    <property name="retryIteration" value="0" />
                    <property name="repeatIteration" value="0" />
                  </properties>
                  <reason>
                    <message><![CDATA[URP not available, skipping test]]></message>
                  </reason>
                </test-case>
                <test-case id="1101" name="Initialize_EnablesRendererWhenRequested" fullname="IrsikSoftware.LogSmith.Tests.PlayMode.URPAdapterTests.Initialize_EnablesRendererWhenRequested" methodname="Initialize_EnablesRendererWhenRequested" classname="IrsikSoftware.LogSmith.Tests.PlayMode.URPAdapterTests" runstate="Runnable" seed="504683285" result="Passed" start-time="2025-10-17 18:07:39Z" end-time="2025-10-17 18:07:39Z" duration="0.000187" asserts="0">
                  <properties>
                    <property name="retryIteration" value="0" />
                    <property name="repeatIteration" value="0" />
                  </properties>
                  <reason>
                    <message><![CDATA[URP not available, skipping test]]></message>
                  </reason>
                </test-case>
                <test-case id="1099" name="IsAvailable_ReturnsExpectedValue" fullname="IrsikSoftware.LogSmith.Tests.PlayMode.URPAdapterTests.IsAvailable_ReturnsExpectedValue" methodname="IsAvailable_ReturnsExpectedValue" classname="IrsikSoftware.LogSmith.Tests.PlayMode.URPAdapterTests" runstate="Runnable" seed="1897199411" result="Passed" start-time="2025-10-17 18:07:39Z" end-time="2025-10-17 18:07:39Z" duration="0.000905" asserts="0">
                  <properties>
                    <property name="retryIteration" value="0" />
                    <property name="repeatIteration" value="0" />
                  </properties>
                  <output><![CDATA[[URPAdapterTests] URPAdapter.IsAvailable = True
]]></output>
                </test-case>
                <test-case id="1105" name="VisualDebugRenderer_CanClear_WhenURPAvailable" fullname="IrsikSoftware.LogSmith.Tests.PlayMode.URPAdapterTests.VisualDebugRenderer_CanClear_WhenURPAvailable" methodname="VisualDebugRenderer_CanClear_WhenURPAvailable" classname="IrsikSoftware.LogSmith.Tests.PlayMode.URPAdapterTests" runstate="Runnable" seed="112849967" result="Passed" start-time="2025-10-17 18:07:39Z" end-time="2025-10-17 18:07:39Z" duration="0.000195" asserts="0">
                  <properties>
                    <property name="retryIteration" value="0" />
                    <property name="repeatIteration" value="0" />
                  </properties>
                  <reason>
                    <message><![CDATA[URP not available, skipping test]]></message>
                  </reason>
                </test-case>
                <test-case id="1103" name="VisualDebugRenderer_CanDrawLine_WhenURPAvailable" fullname="IrsikSoftware.LogSmith.Tests.PlayMode.URPAdapterTests.VisualDebugRenderer_CanDrawLine_WhenURPAvailable" methodname="VisualDebugRenderer_CanDrawLine_WhenURPAvailable" classname="IrsikSoftware.LogSmith.Tests.PlayMode.URPAdapterTests" runstate="Runnable" seed="439533494" result="Passed" start-time="2025-10-17 18:07:39Z" end-time="2025-10-17 18:07:39Z" duration="0.000189" asserts="0">
                  <properties>
                    <property name="retryIteration" value="0" />
                    <property name="repeatIteration" value="0" />
                  </properties>
                  <reason>
                    <message><![CDATA[URP not available, skipping test]]></message>
                  </reason>
                </test-case>
                <test-case id="1104" name="VisualDebugRenderer_CanDrawQuad_WhenURPAvailable" fullname="IrsikSoftware.LogSmith.Tests.PlayMode.URPAdapterTests.VisualDebugRenderer_CanDrawQuad_WhenURPAvailable" methodname="VisualDebugRenderer_CanDrawQuad_WhenURPAvailable" classname="IrsikSoftware.LogSmith.Tests.PlayMode.URPAdapterTests" runstate="Runnable" seed="657437580" result="Passed" start-time="2025-10-17 18:07:39Z" end-time="2025-10-17 18:07:39Z" duration="0.000183" asserts="0">
                  <properties>
                    <property name="retryIteration" value="0" />
                    <property name="repeatIteration" value="0" />
                  </properties>
                  <reason>
                    <message><![CDATA[URP not available, skipping test]]></message>
                  </reason>
                </test-case>
                <test-case id="1106" name="VisualDebugRenderer_CanToggleEnabled_WhenURPAvailable" fullname="IrsikSoftware.LogSmith.Tests.PlayMode.URPAdapterTests.VisualDebugRenderer_CanToggleEnabled_WhenURPAvailable" methodname="VisualDebugRenderer_CanToggleEnabled_WhenURPAvailable" classname="IrsikSoftware.LogSmith.Tests.PlayMode.URPAdapterTests" runstate="Runnable" seed="1872341640" result="Passed" start-time="2025-10-17 18:07:39Z" end-time="2025-10-17 18:07:39Z" duration="0.000184" asserts="0">
                  <properties>
                    <property name="retryIteration" value="0" />
                    <property name="repeatIteration" value="0" />
                  </properties>
                  <reason>
                    <message><![CDATA[URP not available, skipping test]]></message>
                  </reason>
                  <output><![CDATA[Saving results to: C:/Users/Ender/AppData/LocalLow/DefaultCompany/LogSmith\TestResults.xml
]]></output>
                </test-case>
              </test-suite>
            </test-suite>
          </test-suite>
        </test-suite>
      </test-suite>
    </test-suite>
  </test-suite>
</test-run>