<?xml version="1.0" encoding="utf-8"?>
<test-run id="2" testcasecount="97" result="Failed(Child)" total="97" passed="89" failed="8" inconclusive="0" skipped="0" asserts="0" engine-version="3.5.0.0" clr-version="4.0.30319.42000" start-time="2025-10-17 17:52:36Z" end-time="2025-10-17 17:52:55Z" duration="18.2712859">
  <test-suite type="TestSuite" id="1116" name="LogSmith" fullname="LogSmith" runstate="Runnable" testcasecount="97" result="Failed" site="Child" start-time="2025-10-17 17:52:36Z" end-time="2025-10-17 17:52:55Z" duration="18.271286" total="97" passed="89" failed="8" inconclusive="0" skipped="0" asserts="0">
    <properties>
      <property name="platform" value="PlayMode" />
    </properties>
    <failure>
      <message><![CDATA[One or more child tests had errors]]></message>
    </failure>
    <test-suite type="Assembly" id="1108" name="IrsikSoftware.LogSmith.Tests.PlayMode.dll" fullname="F:/Code/LogSmith/Library/ScriptAssemblies/IrsikSoftware.LogSmith.Tests.PlayMode.dll" runstate="Runnable" testcasecount="97" result="Failed" site="Child" start-time="2025-10-17 17:52:36Z" end-time="2025-10-17 17:52:55Z" duration="18.261248" total="97" passed="89" failed="8" inconclusive="0" skipped="0" asserts="0">
      <properties>
        <property name="_PID" value="101340" />
        <property name="_APPDOMAIN" value="Unity Child Domain" />
        <property name="platform" value="PlayMode" />
        <property name="EditorOnly" value="False" />
      </properties>
      <failure>
        <message><![CDATA[One or more child tests had errors]]></message>
      </failure>
      <test-suite type="TestSuite" id="1109" name="IrsikSoftware" fullname="IrsikSoftware" runstate="Runnable" testcasecount="97" result="Failed" site="Child" start-time="2025-10-17 17:52:36Z" end-time="2025-10-17 17:52:55Z" duration="18.256812" total="97" passed="89" failed="8" inconclusive="0" skipped="0" asserts="0">
        <properties />
        <failure>
          <message><![CDATA[One or more child tests had errors]]></message>
        </failure>
        <test-suite type="TestSuite" id="1110" name="LogSmith" fullname="IrsikSoftware.LogSmith" runstate="Runnable" testcasecount="97" result="Failed" site="Child" start-time="2025-10-17 17:52:36Z" end-time="2025-10-17 17:52:55Z" duration="18.252850" total="97" passed="89" failed="8" inconclusive="0" skipped="0" asserts="0">
          <properties />
          <failure>
            <message><![CDATA[One or more child tests had errors]]></message>
          </failure>
          <test-suite type="TestSuite" id="1111" name="Tests" fullname="IrsikSoftware.LogSmith.Tests" runstate="Runnable" testcasecount="97" result="Failed" site="Child" start-time="2025-10-17 17:52:36Z" end-time="2025-10-17 17:52:55Z" duration="18.249015" total="97" passed="89" failed="8" inconclusive="0" skipped="0" asserts="0">
            <properties />
            <failure>
              <message><![CDATA[One or more child tests had errors]]></message>
            </failure>
            <test-suite type="TestSuite" id="1112" name="PlayMode" fullname="IrsikSoftware.LogSmith.Tests.PlayMode" runstate="Runnable" testcasecount="97" result="Failed" site="Child" start-time="2025-10-17 17:52:36Z" end-time="2025-10-17 17:52:55Z" duration="18.245090" total="97" passed="89" failed="8" inconclusive="0" skipped="0" asserts="0">
              <properties />
              <failure>
                <message><![CDATA[One or more child tests had errors]]></message>
              </failure>
              <test-suite type="TestFixture" id="1001" name="BuiltInRenderPipelineAdapterTests" fullname="IrsikSoftware.LogSmith.Tests.PlayMode.BuiltInRenderPipelineAdapterTests" classname="IrsikSoftware.LogSmith.Tests.PlayMode.BuiltInRenderPipelineAdapterTests" runstate="Runnable" testcasecount="10" result="Failed" site="Child" start-time="2025-10-17 17:52:36Z" end-time="2025-10-17 17:52:37Z" duration="0.201634" total="10" passed="9" failed="1" inconclusive="0" skipped="0" asserts="0">
                <properties />
                <failure>
                  <message><![CDATA[One or more child tests had errors]]></message>
                </failure>
                <test-case id="1010" name="Cleanup_RemovesRenderer" fullname="IrsikSoftware.LogSmith.Tests.PlayMode.BuiltInRenderPipelineAdapterTests.Cleanup_RemovesRenderer" methodname="Cleanup_RemovesRenderer" classname="IrsikSoftware.LogSmith.Tests.PlayMode.BuiltInRenderPipelineAdapterTests" runstate="Runnable" seed="542998276" result="Passed" start-time="2025-10-17 17:52:36Z" end-time="2025-10-17 17:52:36Z" duration="0.008926" asserts="0">
                  <properties>
                    <property name="retryIteration" value="0" />
                    <property name="repeatIteration" value="0" />
                  </properties>
                </test-case>
                <test-case id="1002" name="Initialize_CreatesVisualDebugRenderer" fullname="IrsikSoftware.LogSmith.Tests.PlayMode.BuiltInRenderPipelineAdapterTests.Initialize_CreatesVisualDebugRenderer" methodname="Initialize_CreatesVisualDebugRenderer" classname="IrsikSoftware.LogSmith.Tests.PlayMode.BuiltInRenderPipelineAdapterTests" runstate="Runnable" seed="671366268" result="Passed" start-time="2025-10-17 17:52:36Z" end-time="2025-10-17 17:52:36Z" duration="0.001108" asserts="0">
                  <properties>
                    <property name="retryIteration" value="0" />
                    <property name="repeatIteration" value="0" />
                  </properties>
                </test-case>
                <test-case id="1004" name="Initialize_DisablesRendererByDefault" fullname="IrsikSoftware.LogSmith.Tests.PlayMode.BuiltInRenderPipelineAdapterTests.Initialize_DisablesRendererByDefault" methodname="Initialize_DisablesRendererByDefault" classname="IrsikSoftware.LogSmith.Tests.PlayMode.BuiltInRenderPipelineAdapterTests" runstate="Runnable" seed="458901636" result="Passed" start-time="2025-10-17 17:52:36Z" end-time="2025-10-17 17:52:36Z" duration="0.000386" asserts="0">
                  <properties>
                    <property name="retryIteration" value="0" />
                    <property name="repeatIteration" value="0" />
                  </properties>
                </test-case>
                <test-case id="1003" name="Initialize_EnablesRendererWhenRequested" fullname="IrsikSoftware.LogSmith.Tests.PlayMode.BuiltInRenderPipelineAdapterTests.Initialize_EnablesRendererWhenRequested" methodname="Initialize_EnablesRendererWhenRequested" classname="IrsikSoftware.LogSmith.Tests.PlayMode.BuiltInRenderPipelineAdapterTests" runstate="Runnable" seed="996968903" result="Passed" start-time="2025-10-17 17:52:36Z" end-time="2025-10-17 17:52:36Z" duration="0.000289" asserts="0">
                  <properties>
                    <property name="retryIteration" value="0" />
                    <property name="repeatIteration" value="0" />
                  </properties>
                </test-case>
                <test-case id="1011" name="IsActive_ReturnsTrueWhenNoOtherPipelinesAvailable" fullname="IrsikSoftware.LogSmith.Tests.PlayMode.BuiltInRenderPipelineAdapterTests.IsActive_ReturnsTrueWhenNoOtherPipelinesAvailable" methodname="IsActive_ReturnsTrueWhenNoOtherPipelinesAvailable" classname="IrsikSoftware.LogSmith.Tests.PlayMode.BuiltInRenderPipelineAdapterTests" runstate="Runnable" seed="1791193803" result="Failed" start-time="2025-10-17 17:52:36Z" end-time="2025-10-17 17:52:36Z" duration="0.003153" asserts="0">
                  <properties>
                    <property name="retryIteration" value="0" />
                    <property name="repeatIteration" value="0" />
                  </properties>
                  <failure>
                    <message><![CDATA[  Expected: True
  But was:  False
]]></message>
                    <stack-trace><![CDATA[at IrsikSoftware.LogSmith.Tests.PlayMode.BuiltInRenderPipelineAdapterTests.IsActive_ReturnsTrueWhenNoOtherPipelinesAvailable () [0x00001] in .\Packages\com.irsiksoftware.logsmith\Tests\PlayMode\BuiltInRenderPipelineAdapterTests.cs:160
]]></stack-trace>
                  </failure>
                </test-case>
                <test-case id="1007" name="VisualDebugRenderer_CanClear" fullname="IrsikSoftware.LogSmith.Tests.PlayMode.BuiltInRenderPipelineAdapterTests.VisualDebugRenderer_CanClear" methodname="VisualDebugRenderer_CanClear" classname="IrsikSoftware.LogSmith.Tests.PlayMode.BuiltInRenderPipelineAdapterTests" runstate="Runnable" seed="577686541" result="Passed" start-time="2025-10-17 17:52:36Z" end-time="2025-10-17 17:52:36Z" duration="0.002921" asserts="0">
                  <properties>
                    <property name="retryIteration" value="0" />
                    <property name="repeatIteration" value="0" />
                  </properties>
                </test-case>
                <test-case id="1005" name="VisualDebugRenderer_CanDrawLine" fullname="IrsikSoftware.LogSmith.Tests.PlayMode.BuiltInRenderPipelineAdapterTests.VisualDebugRenderer_CanDrawLine" methodname="VisualDebugRenderer_CanDrawLine" classname="IrsikSoftware.LogSmith.Tests.PlayMode.BuiltInRenderPipelineAdapterTests" runstate="Runnable" seed="1639758945" result="Passed" start-time="2025-10-17 17:52:36Z" end-time="2025-10-17 17:52:36Z" duration="0.000331" asserts="0">
                  <properties>
                    <property name="retryIteration" value="0" />
                    <property name="repeatIteration" value="0" />
                  </properties>
                </test-case>
                <test-case id="1006" name="VisualDebugRenderer_CanDrawQuad" fullname="IrsikSoftware.LogSmith.Tests.PlayMode.BuiltInRenderPipelineAdapterTests.VisualDebugRenderer_CanDrawQuad" methodname="VisualDebugRenderer_CanDrawQuad" classname="IrsikSoftware.LogSmith.Tests.PlayMode.BuiltInRenderPipelineAdapterTests" runstate="Runnable" seed="1001123905" result="Passed" start-time="2025-10-17 17:52:36Z" end-time="2025-10-17 17:52:36Z" duration="0.000280" asserts="0">
                  <properties>
                    <property name="retryIteration" value="0" />
                    <property name="repeatIteration" value="0" />
                  </properties>
                </test-case>
                <test-case id="1008" name="VisualDebugRenderer_CanToggleEnabled" fullname="IrsikSoftware.LogSmith.Tests.PlayMode.BuiltInRenderPipelineAdapterTests.VisualDebugRenderer_CanToggleEnabled" methodname="VisualDebugRenderer_CanToggleEnabled" classname="IrsikSoftware.LogSmith.Tests.PlayMode.BuiltInRenderPipelineAdapterTests" runstate="Runnable" seed="571344306" result="Passed" start-time="2025-10-17 17:52:36Z" end-time="2025-10-17 17:52:36Z" duration="0.000212" asserts="0">
                  <properties>
                    <property name="retryIteration" value="0" />
                    <property name="repeatIteration" value="0" />
                  </properties>
                </test-case>
                <test-case id="1009" name="VisualDebugRenderer_ExpiredShapesAreRemoved" fullname="IrsikSoftware.LogSmith.Tests.PlayMode.BuiltInRenderPipelineAdapterTests.VisualDebugRenderer_ExpiredShapesAreRemoved" methodname="VisualDebugRenderer_ExpiredShapesAreRemoved" classname="IrsikSoftware.LogSmith.Tests.PlayMode.BuiltInRenderPipelineAdapterTests" runstate="Runnable" seed="1627494911" result="Passed" start-time="2025-10-17 17:52:36Z" end-time="2025-10-17 17:52:37Z" duration="0.170709" asserts="0">
                  <properties>
                    <property name="_JOINTYPE" value="UnityCombinatorial" />
                    <property name="retryIteration" value="0" />
                    <property name="repeatIteration" value="0" />
                  </properties>
                </test-case>
              </test-suite>
              <test-suite type="TestFixture" id="1012" name="ConsoleSinkIntegrationTests" fullname="IrsikSoftware.LogSmith.Tests.PlayMode.ConsoleSinkIntegrationTests" classname="IrsikSoftware.LogSmith.Tests.PlayMode.ConsoleSinkIntegrationTests" runstate="Runnable" testcasecount="12" result="Passed" start-time="2025-10-17 17:52:37Z" end-time="2025-10-17 17:52:37Z" duration="0.172979" total="12" passed="12" failed="0" inconclusive="0" skipped="0" asserts="0">
                <properties />
                <test-case id="1022" name="ConsoleSink_Dispose_DoesNotThrow" fullname="IrsikSoftware.LogSmith.Tests.PlayMode.ConsoleSinkIntegrationTests.ConsoleSink_Dispose_DoesNotThrow" methodname="ConsoleSink_Dispose_DoesNotThrow" classname="IrsikSoftware.LogSmith.Tests.PlayMode.ConsoleSinkIntegrationTests" runstate="Runnable" seed="1124273476" result="Passed" start-time="2025-10-17 17:52:37Z" end-time="2025-10-17 17:52:37Z" duration="0.012238" asserts="0">
                  <properties>
                    <property name="_JOINTYPE" value="UnityCombinatorial" />
                    <property name="retryIteration" value="0" />
                    <property name="repeatIteration" value="0" />
                  </properties>
                </test-case>
                <test-case id="1023" name="ConsoleSink_DisposedSink_DoesNotWriteOrThrow" fullname="IrsikSoftware.LogSmith.Tests.PlayMode.ConsoleSinkIntegrationTests.ConsoleSink_DisposedSink_DoesNotWriteOrThrow" methodname="ConsoleSink_DisposedSink_DoesNotWriteOrThrow" classname="IrsikSoftware.LogSmith.Tests.PlayMode.ConsoleSinkIntegrationTests" runstate="Runnable" seed="1463166815" result="Passed" start-time="2025-10-17 17:52:37Z" end-time="2025-10-17 17:52:37Z" duration="0.013075" asserts="0">
                  <properties>
                    <property name="_JOINTYPE" value="UnityCombinatorial" />
                    <property name="retryIteration" value="0" />
                    <property name="repeatIteration" value="0" />
                  </properties>
                </test-case>
                <test-case id="1024" name="ConsoleSink_Flush_DoesNotThrow" fullname="IrsikSoftware.LogSmith.Tests.PlayMode.ConsoleSinkIntegrationTests.ConsoleSink_Flush_DoesNotThrow" methodname="ConsoleSink_Flush_DoesNotThrow" classname="IrsikSoftware.LogSmith.Tests.PlayMode.ConsoleSinkIntegrationTests" runstate="Runnable" seed="515719286" result="Passed" start-time="2025-10-17 17:52:37Z" end-time="2025-10-17 17:52:37Z" duration="0.012545" asserts="0">
                  <properties>
                    <property name="_JOINTYPE" value="UnityCombinatorial" />
                    <property name="retryIteration" value="0" />
                    <property name="repeatIteration" value="0" />
                  </properties>
                </test-case>
                <test-case id="1020" name="ConsoleSink_JsonFormat_OutputsValidStructure" fullname="IrsikSoftware.LogSmith.Tests.PlayMode.ConsoleSinkIntegrationTests.ConsoleSink_JsonFormat_OutputsValidStructure" methodname="ConsoleSink_JsonFormat_OutputsValidStructure" classname="IrsikSoftware.LogSmith.Tests.PlayMode.ConsoleSinkIntegrationTests" runstate="Runnable" seed="102642060" result="Passed" start-time="2025-10-17 17:52:37Z" end-time="2025-10-17 17:52:37Z" duration="0.016023" asserts="0">
                  <properties>
                    <property name="_JOINTYPE" value="UnityCombinatorial" />
                    <property name="retryIteration" value="0" />
                    <property name="repeatIteration" value="0" />
                  </properties>
                  <output><![CDATA[[JsonCategory] {"timestamp":"2025-10-17T17:52:37.0687722Z","level":"Info","category":"JsonCategory","message":"JSON test","frame":64,"threadId":1,"threadName":"Main","file":"TestFile.cs","method":"TestMethod","context":{"key":"value"}}
]]></output>
                </test-case>
                <test-case id="1019" name="ConsoleSink_TextFormat_ContainsMetadata" fullname="IrsikSoftware.LogSmith.Tests.PlayMode.ConsoleSinkIntegrationTests.ConsoleSink_TextFormat_ContainsMetadata" methodname="ConsoleSink_TextFormat_ContainsMetadata" classname="IrsikSoftware.LogSmith.Tests.PlayMode.ConsoleSinkIntegrationTests" runstate="Runnable" seed="2125358622" result="Passed" start-time="2025-10-17 17:52:37Z" end-time="2025-10-17 17:52:37Z" duration="0.015769" asserts="0">
                  <properties>
                    <property name="_JOINTYPE" value="UnityCombinatorial" />
                    <property name="retryIteration" value="0" />
                    <property name="repeatIteration" value="0" />
                  </properties>
                  <output><![CDATA[[TestCategory] [17:52:37] [Info] [TestCategory] Metadata test
]]></output>
                </test-case>
                <test-case id="1021" name="ConsoleSink_WithContext_IncludesContextData" fullname="IrsikSoftware.LogSmith.Tests.PlayMode.ConsoleSinkIntegrationTests.ConsoleSink_WithContext_IncludesContextData" methodname="ConsoleSink_WithContext_IncludesContextData" classname="IrsikSoftware.LogSmith.Tests.PlayMode.ConsoleSinkIntegrationTests" runstate="Runnable" seed="565103696" result="Passed" start-time="2025-10-17 17:52:37Z" end-time="2025-10-17 17:52:37Z" duration="0.013205" asserts="0">
                  <properties>
                    <property name="_JOINTYPE" value="UnityCombinatorial" />
                    <property name="retryIteration" value="0" />
                    <property name="repeatIteration" value="0" />
                  </properties>
                  <output><![CDATA[[Test] [17:52:37] [Info] [Test] Context message
]]></output>
                </test-case>
                <test-case id="1017" name="ConsoleSink_Write_CriticalLevel_UsesErrorType" fullname="IrsikSoftware.LogSmith.Tests.PlayMode.ConsoleSinkIntegrationTests.ConsoleSink_Write_CriticalLevel_UsesErrorType" methodname="ConsoleSink_Write_CriticalLevel_UsesErrorType" classname="IrsikSoftware.LogSmith.Tests.PlayMode.ConsoleSinkIntegrationTests" runstate="Runnable" seed="1330835971" result="Passed" start-time="2025-10-17 17:52:37Z" end-time="2025-10-17 17:52:37Z" duration="0.015919" asserts="0">
                  <properties>
                    <property name="_JOINTYPE" value="UnityCombinatorial" />
                    <property name="retryIteration" value="0" />
                    <property name="repeatIteration" value="0" />
                  </properties>
                  <output><![CDATA[[CRITICAL] [Test] [17:52:37] [Critical] [Test] Critical message
]]></output>
                </test-case>
                <test-case id="1016" name="ConsoleSink_Write_ErrorLevel_UsesErrorType" fullname="IrsikSoftware.LogSmith.Tests.PlayMode.ConsoleSinkIntegrationTests.ConsoleSink_Write_ErrorLevel_UsesErrorType" methodname="ConsoleSink_Write_ErrorLevel_UsesErrorType" classname="IrsikSoftware.LogSmith.Tests.PlayMode.ConsoleSinkIntegrationTests" runstate="Runnable" seed="212831006" result="Passed" start-time="2025-10-17 17:52:37Z" end-time="2025-10-17 17:52:37Z" duration="0.012912" asserts="0">
                  <properties>
                    <property name="_JOINTYPE" value="UnityCombinatorial" />
                    <property name="retryIteration" value="0" />
                    <property name="repeatIteration" value="0" />
                  </properties>
                  <output><![CDATA[[Test] [17:52:37] [Error] [Test] Error message
]]></output>
                </test-case>
                <test-case id="1014" name="ConsoleSink_Write_InfoLevel_UsesLogType" fullname="IrsikSoftware.LogSmith.Tests.PlayMode.ConsoleSinkIntegrationTests.ConsoleSink_Write_InfoLevel_UsesLogType" methodname="ConsoleSink_Write_InfoLevel_UsesLogType" classname="IrsikSoftware.LogSmith.Tests.PlayMode.ConsoleSinkIntegrationTests" runstate="Runnable" seed="1779648837" result="Passed" start-time="2025-10-17 17:52:37Z" end-time="2025-10-17 17:52:37Z" duration="0.012578" asserts="0">
                  <properties>
                    <property name="_JOINTYPE" value="UnityCombinatorial" />
                    <property name="retryIteration" value="0" />
                    <property name="repeatIteration" value="0" />
                  </properties>
                  <output><![CDATA[[Test] [17:52:37] [Info] [Test] Info message
]]></output>
                </test-case>
                <test-case id="1018" name="ConsoleSink_Write_MultipleMessages_AllCaptured" fullname="IrsikSoftware.LogSmith.Tests.PlayMode.ConsoleSinkIntegrationTests.ConsoleSink_Write_MultipleMessages_AllCaptured" methodname="ConsoleSink_Write_MultipleMessages_AllCaptured" classname="IrsikSoftware.LogSmith.Tests.PlayMode.ConsoleSinkIntegrationTests" runstate="Runnable" seed="460033724" result="Passed" start-time="2025-10-17 17:52:37Z" end-time="2025-10-17 17:52:37Z" duration="0.015626" asserts="0">
                  <properties>
                    <property name="_JOINTYPE" value="UnityCombinatorial" />
                    <property name="retryIteration" value="0" />
                    <property name="repeatIteration" value="0" />
                  </properties>
                  <output><![CDATA[[Test] [17:52:37] [Info] [Test] Message 0
[Test] [17:52:37] [Info] [Test] Message 1
[Test] [17:52:37] [Info] [Test] Message 2
[Test] [17:52:37] [Info] [Test] Message 3
[Test] [17:52:37] [Info] [Test] Message 4
]]></output>
                </test-case>
                <test-case id="1013" name="ConsoleSink_Write_OutputsToUnityConsole" fullname="IrsikSoftware.LogSmith.Tests.PlayMode.ConsoleSinkIntegrationTests.ConsoleSink_Write_OutputsToUnityConsole" methodname="ConsoleSink_Write_OutputsToUnityConsole" classname="IrsikSoftware.LogSmith.Tests.PlayMode.ConsoleSinkIntegrationTests" runstate="Runnable" seed="93684361" result="Passed" start-time="2025-10-17 17:52:37Z" end-time="2025-10-17 17:52:37Z" duration="0.013388" asserts="0">
                  <properties>
                    <property name="_JOINTYPE" value="UnityCombinatorial" />
                    <property name="retryIteration" value="0" />
                    <property name="repeatIteration" value="0" />
                  </properties>
                  <output><![CDATA[[Test] [17:52:37] [Info] [Test] Console test message
]]></output>
                </test-case>
                <test-case id="1015" name="ConsoleSink_Write_WarnLevel_UsesWarningType" fullname="IrsikSoftware.LogSmith.Tests.PlayMode.ConsoleSinkIntegrationTests.ConsoleSink_Write_WarnLevel_UsesWarningType" methodname="ConsoleSink_Write_WarnLevel_UsesWarningType" classname="IrsikSoftware.LogSmith.Tests.PlayMode.ConsoleSinkIntegrationTests" runstate="Runnable" seed="1975850846" result="Passed" start-time="2025-10-17 17:52:37Z" end-time="2025-10-17 17:52:37Z" duration="0.012453" asserts="0">
                  <properties>
                    <property name="_JOINTYPE" value="UnityCombinatorial" />
                    <property name="retryIteration" value="0" />
                    <property name="repeatIteration" value="0" />
                  </properties>
                  <output><![CDATA[[Test] [17:52:37] [Warn] [Test] Warning message
]]></output>
                </test-case>
              </test-suite>
              <test-suite type="TestFixture" id="1025" name="DebugOverlayUITests" fullname="IrsikSoftware.LogSmith.Tests.PlayMode.DebugOverlayUITests" classname="IrsikSoftware.LogSmith.Tests.PlayMode.DebugOverlayUITests" runstate="Runnable" testcasecount="9" result="Passed" start-time="2025-10-17 17:52:37Z" end-time="2025-10-17 17:52:38Z" duration="1.022397" total="9" passed="9" failed="0" inconclusive="0" skipped="0" asserts="0">
                <properties />
                <test-case id="1027" name="CategorySwitching_SelectingCategory_ShowsOnlyThatCategory" fullname="IrsikSoftware.LogSmith.Tests.PlayMode.DebugOverlayUITests.CategorySwitching_SelectingCategory_ShowsOnlyThatCategory" methodname="CategorySwitching_SelectingCategory_ShowsOnlyThatCategory" classname="IrsikSoftware.LogSmith.Tests.PlayMode.DebugOverlayUITests" runstate="Runnable" seed="1463376645" result="Passed" start-time="2025-10-17 17:52:37Z" end-time="2025-10-17 17:52:37Z" duration="0.081037" asserts="0">
                  <properties>
                    <property name="_JOINTYPE" value="UnityCombinatorial" />
                    <property name="retryIteration" value="0" />
                    <property name="repeatIteration" value="0" />
                  </properties>
                </test-case>
                <test-case id="1030" name="CircularBuffer_ExceedingCapacity_MaintainsLimit" fullname="IrsikSoftware.LogSmith.Tests.PlayMode.DebugOverlayUITests.CircularBuffer_ExceedingCapacity_MaintainsLimit" methodname="CircularBuffer_ExceedingCapacity_MaintainsLimit" classname="IrsikSoftware.LogSmith.Tests.PlayMode.DebugOverlayUITests" runstate="Runnable" seed="1782662781" result="Passed" start-time="2025-10-17 17:52:37Z" end-time="2025-10-17 17:52:37Z" duration="0.148342" asserts="0">
                  <properties>
                    <property name="_JOINTYPE" value="UnityCombinatorial" />
                    <property name="retryIteration" value="0" />
                    <property name="repeatIteration" value="0" />
                  </properties>
                </test-case>
                <test-case id="1033" name="ClearBuffer_AfterLogging_RemovesAllMessages" fullname="IrsikSoftware.LogSmith.Tests.PlayMode.DebugOverlayUITests.ClearBuffer_AfterLogging_RemovesAllMessages" methodname="ClearBuffer_AfterLogging_RemovesAllMessages" classname="IrsikSoftware.LogSmith.Tests.PlayMode.DebugOverlayUITests" runstate="Runnable" seed="1716808747" result="Passed" start-time="2025-10-17 17:52:37Z" end-time="2025-10-17 17:52:37Z" duration="0.080939" asserts="0">
                  <properties>
                    <property name="_JOINTYPE" value="UnityCombinatorial" />
                    <property name="retryIteration" value="0" />
                    <property name="repeatIteration" value="0" />
                  </properties>
                </test-case>
                <test-case id="1031" name="CombinedFilters_LevelCategoryAndSearch_AllApplied" fullname="IrsikSoftware.LogSmith.Tests.PlayMode.DebugOverlayUITests.CombinedFilters_LevelCategoryAndSearch_AllApplied" methodname="CombinedFilters_LevelCategoryAndSearch_AllApplied" classname="IrsikSoftware.LogSmith.Tests.PlayMode.DebugOverlayUITests" runstate="Runnable" seed="676060961" result="Passed" start-time="2025-10-17 17:52:37Z" end-time="2025-10-17 17:52:37Z" duration="0.069944" asserts="0">
                  <properties>
                    <property name="_JOINTYPE" value="UnityCombinatorial" />
                    <property name="retryIteration" value="0" />
                    <property name="repeatIteration" value="0" />
                  </properties>
                </test-case>
                <test-case id="1026" name="FilterToggle_ChangingMinLevel_FiltersCorrectly" fullname="IrsikSoftware.LogSmith.Tests.PlayMode.DebugOverlayUITests.FilterToggle_ChangingMinLevel_FiltersCorrectly" methodname="FilterToggle_ChangingMinLevel_FiltersCorrectly" classname="IrsikSoftware.LogSmith.Tests.PlayMode.DebugOverlayUITests" runstate="Runnable" seed="674659544" result="Passed" start-time="2025-10-17 17:52:37Z" end-time="2025-10-17 17:52:37Z" duration="0.069708" asserts="0">
                  <properties>
                    <property name="_JOINTYPE" value="UnityCombinatorial" />
                    <property name="retryIteration" value="0" />
                    <property name="repeatIteration" value="0" />
                  </properties>
                </test-case>
                <test-case id="1032" name="GCAllocation_RepeatedUpdates_NoSignificantGCSpikes" fullname="IrsikSoftware.LogSmith.Tests.PlayMode.DebugOverlayUITests.GCAllocation_RepeatedUpdates_NoSignificantGCSpikes" methodname="GCAllocation_RepeatedUpdates_NoSignificantGCSpikes" classname="IrsikSoftware.LogSmith.Tests.PlayMode.DebugOverlayUITests" runstate="Runnable" seed="1066795755" result="Passed" start-time="2025-10-17 17:52:37Z" end-time="2025-10-17 17:52:38Z" duration="0.407111" asserts="0">
                  <properties>
                    <property name="_JOINTYPE" value="UnityCombinatorial" />
                    <property name="retryIteration" value="0" />
                    <property name="repeatIteration" value="0" />
                  </properties>
                  <output><![CDATA[[GC Test] Allocated 37.25 KB for 100 messages + 10 filter updates
]]></output>
                </test-case>
                <test-case id="1028" name="SearchFilter_EnteringSearchText_FiltersMessages" fullname="IrsikSoftware.LogSmith.Tests.PlayMode.DebugOverlayUITests.SearchFilter_EnteringSearchText_FiltersMessages" methodname="SearchFilter_EnteringSearchText_FiltersMessages" classname="IrsikSoftware.LogSmith.Tests.PlayMode.DebugOverlayUITests" runstate="Runnable" seed="312770738" result="Passed" start-time="2025-10-17 17:52:38Z" end-time="2025-10-17 17:52:38Z" duration="0.070389" asserts="0">
                  <properties>
                    <property name="_JOINTYPE" value="UnityCombinatorial" />
                    <property name="retryIteration" value="0" />
                    <property name="repeatIteration" value="0" />
                  </properties>
                </test-case>
                <test-case id="1029" name="ThrottledRefresh_HighFrequencyLogs_ThrottlesUpdates" fullname="IrsikSoftware.LogSmith.Tests.PlayMode.DebugOverlayUITests.ThrottledRefresh_HighFrequencyLogs_ThrottlesUpdates" methodname="ThrottledRefresh_HighFrequencyLogs_ThrottlesUpdates" classname="IrsikSoftware.LogSmith.Tests.PlayMode.DebugOverlayUITests" runstate="Runnable" seed="1220240340" result="Passed" start-time="2025-10-17 17:52:38Z" end-time="2025-10-17 17:52:38Z" duration="0.070770" asserts="0">
                  <properties>
                    <property name="_JOINTYPE" value="UnityCombinatorial" />
                    <property name="retryIteration" value="0" />
                    <property name="repeatIteration" value="0" />
                  </properties>
                </test-case>
                <test-case id="1034" name="VisibilityToggle_F1Key_TogglesOverlay" fullname="IrsikSoftware.LogSmith.Tests.PlayMode.DebugOverlayUITests.VisibilityToggle_F1Key_TogglesOverlay" methodname="VisibilityToggle_F1Key_TogglesOverlay" classname="IrsikSoftware.LogSmith.Tests.PlayMode.DebugOverlayUITests" runstate="Runnable" seed="1378748406" result="Passed" start-time="2025-10-17 17:52:38Z" end-time="2025-10-17 17:52:38Z" duration="0.017112" asserts="0">
                  <properties>
                    <property name="_JOINTYPE" value="UnityCombinatorial" />
                    <property name="retryIteration" value="0" />
                    <property name="repeatIteration" value="0" />
                  </properties>
                </test-case>
              </test-suite>
              <test-suite type="TestFixture" id="1035" name="FileSinkIntegrationTests" fullname="IrsikSoftware.LogSmith.Tests.PlayMode.FileSinkIntegrationTests" classname="IrsikSoftware.LogSmith.Tests.PlayMode.FileSinkIntegrationTests" runstate="Runnable" testcasecount="14" result="Failed" site="Child" start-time="2025-10-17 17:52:38Z" end-time="2025-10-17 17:52:43Z" duration="5.675010" total="14" passed="11" failed="3" inconclusive="0" skipped="0" asserts="0">
                <properties />
                <failure>
                  <message><![CDATA[One or more child tests had errors]]></message>
                </failure>
                <test-case id="1049" name="FileSink_ConcurrentWrites_ThreadSafe" fullname="IrsikSoftware.LogSmith.Tests.PlayMode.FileSinkIntegrationTests.FileSink_ConcurrentWrites_ThreadSafe" methodname="FileSink_ConcurrentWrites_ThreadSafe" classname="IrsikSoftware.LogSmith.Tests.PlayMode.FileSinkIntegrationTests" runstate="Runnable" seed="1796609861" result="Passed" start-time="2025-10-17 17:52:38Z" end-time="2025-10-17 17:52:38Z" duration="0.047016" asserts="0">
                  <properties>
                    <property name="_JOINTYPE" value="UnityCombinatorial" />
                    <property name="retryIteration" value="0" />
                    <property name="repeatIteration" value="0" />
                  </properties>
                </test-case>
                <test-case id="1046" name="FileSink_DeterministicOutput_SameInputProducesSameFormat" fullname="IrsikSoftware.LogSmith.Tests.PlayMode.FileSinkIntegrationTests.FileSink_DeterministicOutput_SameInputProducesSameFormat" methodname="FileSink_DeterministicOutput_SameInputProducesSameFormat" classname="IrsikSoftware.LogSmith.Tests.PlayMode.FileSinkIntegrationTests" runstate="Runnable" seed="1016904288" result="Passed" start-time="2025-10-17 17:52:38Z" end-time="2025-10-17 17:52:38Z" duration="0.023357" asserts="0">
                  <properties>
                    <property name="_JOINTYPE" value="UnityCombinatorial" />
                    <property name="retryIteration" value="0" />
                    <property name="repeatIteration" value="0" />
                  </properties>
                </test-case>
                <test-case id="1048" name="FileSink_DisposedSink_DoesNotWriteOrThrow" fullname="IrsikSoftware.LogSmith.Tests.PlayMode.FileSinkIntegrationTests.FileSink_DisposedSink_DoesNotWriteOrThrow" methodname="FileSink_DisposedSink_DoesNotWriteOrThrow" classname="IrsikSoftware.LogSmith.Tests.PlayMode.FileSinkIntegrationTests" runstate="Runnable" seed="1326814069" result="Passed" start-time="2025-10-17 17:52:38Z" end-time="2025-10-17 17:52:38Z" duration="0.014006" asserts="0">
                  <properties>
                    <property name="_JOINTYPE" value="UnityCombinatorial" />
                    <property name="retryIteration" value="0" />
                    <property name="repeatIteration" value="0" />
                  </properties>
                </test-case>
                <test-case id="1047" name="FileSink_JsonOutput_IsDeterministic" fullname="IrsikSoftware.LogSmith.Tests.PlayMode.FileSinkIntegrationTests.FileSink_JsonOutput_IsDeterministic" methodname="FileSink_JsonOutput_IsDeterministic" classname="IrsikSoftware.LogSmith.Tests.PlayMode.FileSinkIntegrationTests" runstate="Runnable" seed="736013179" result="Passed" start-time="2025-10-17 17:52:38Z" end-time="2025-10-17 17:52:38Z" duration="0.017535" asserts="0">
                  <properties>
                    <property name="_JOINTYPE" value="UnityCombinatorial" />
                    <property name="retryIteration" value="0" />
                    <property name="repeatIteration" value="0" />
                  </properties>
                </test-case>
                <test-case id="1043" name="FileSink_Retention_DeletesOldestFiles" fullname="IrsikSoftware.LogSmith.Tests.PlayMode.FileSinkIntegrationTests.FileSink_Retention_DeletesOldestFiles" methodname="FileSink_Retention_DeletesOldestFiles" classname="IrsikSoftware.LogSmith.Tests.PlayMode.FileSinkIntegrationTests" runstate="Runnable" seed="1375667857" result="Passed" start-time="2025-10-17 17:52:38Z" end-time="2025-10-17 17:52:39Z" duration="1.291475" asserts="0">
                  <properties>
                    <property name="_JOINTYPE" value="UnityCombinatorial" />
                    <property name="retryIteration" value="0" />
                    <property name="repeatIteration" value="0" />
                  </properties>
                </test-case>
                <test-case id="1044" name="FileSink_Retention_KeepsCurrentFileAndRecentArchives" fullname="IrsikSoftware.LogSmith.Tests.PlayMode.FileSinkIntegrationTests.FileSink_Retention_KeepsCurrentFileAndRecentArchives" methodname="FileSink_Retention_KeepsCurrentFileAndRecentArchives" classname="IrsikSoftware.LogSmith.Tests.PlayMode.FileSinkIntegrationTests" runstate="Runnable" seed="1163207676" result="Passed" start-time="2025-10-17 17:52:39Z" end-time="2025-10-17 17:52:40Z" duration="1.097561" asserts="0">
                  <properties>
                    <property name="_JOINTYPE" value="UnityCombinatorial" />
                    <property name="retryIteration" value="0" />
                    <property name="repeatIteration" value="0" />
                  </properties>
                </test-case>
                <test-case id="1045" name="FileSink_Retention_ZeroRetention_KeepsAllFiles" fullname="IrsikSoftware.LogSmith.Tests.PlayMode.FileSinkIntegrationTests.FileSink_Retention_ZeroRetention_KeepsAllFiles" methodname="FileSink_Retention_ZeroRetention_KeepsAllFiles" classname="IrsikSoftware.LogSmith.Tests.PlayMode.FileSinkIntegrationTests" runstate="Runnable" seed="767893649" result="Failed" start-time="2025-10-17 17:52:40Z" end-time="2025-10-17 17:52:41Z" duration="0.643174" asserts="0">
                  <properties>
                    <property name="_JOINTYPE" value="UnityCombinatorial" />
                    <property name="retryIteration" value="0" />
                    <property name="repeatIteration" value="0" />
                  </properties>
                  <failure>
                    <message><![CDATA[  With zero retention, all rotated files should be kept
  Expected: greater than or equal to 2
  But was:  1
]]></message>
                    <stack-trace><![CDATA[at IrsikSoftware.LogSmith.Tests.PlayMode.FileSinkIntegrationTests+<FileSink_Retention_ZeroRetention_KeepsAllFiles>d__15.MoveNext () [0x001a6] in .\Packages\com.irsiksoftware.logsmith\Tests\PlayMode\FileSinkIntegrationTests.cs:373
at UnityEngine.TestTools.TestEnumerator+<Execute>d__7.MoveNext () [0x0004e] in .\Library\PackageCache\com.unity.test-framework@038a2b0cacd2\UnityEngine.TestRunner\NUnitExtensions\Attributes\TestEnumerator.cs:44
]]></stack-trace>
                  </failure>
                </test-case>
                <test-case id="1041" name="FileSink_Rotation_ArchivedFileName_ContainsTimestamp" fullname="IrsikSoftware.LogSmith.Tests.PlayMode.FileSinkIntegrationTests.FileSink_Rotation_ArchivedFileName_ContainsTimestamp" methodname="FileSink_Rotation_ArchivedFileName_ContainsTimestamp" classname="IrsikSoftware.LogSmith.Tests.PlayMode.FileSinkIntegrationTests" runstate="Runnable" seed="202512090" result="Passed" start-time="2025-10-17 17:52:41Z" end-time="2025-10-17 17:52:42Z" duration="0.809052" asserts="0">
                  <properties>
                    <property name="_JOINTYPE" value="UnityCombinatorial" />
                    <property name="retryIteration" value="0" />
                    <property name="repeatIteration" value="0" />
                  </properties>
                </test-case>
                <test-case id="1042" name="FileSink_Rotation_PreservesAllMessages" fullname="IrsikSoftware.LogSmith.Tests.PlayMode.FileSinkIntegrationTests.FileSink_Rotation_PreservesAllMessages" methodname="FileSink_Rotation_PreservesAllMessages" classname="IrsikSoftware.LogSmith.Tests.PlayMode.FileSinkIntegrationTests" runstate="Runnable" seed="620209067" result="Passed" start-time="2025-10-17 17:52:42Z" end-time="2025-10-17 17:52:43Z" duration="0.846006" asserts="0">
                  <properties>
                    <property name="_JOINTYPE" value="UnityCombinatorial" />
                    <property name="retryIteration" value="0" />
                    <property name="repeatIteration" value="0" />
                  </properties>
                </test-case>
                <test-case id="1040" name="FileSink_Rotation_TriggersWhenFileSizeExceeded" fullname="IrsikSoftware.LogSmith.Tests.PlayMode.FileSinkIntegrationTests.FileSink_Rotation_TriggersWhenFileSizeExceeded" methodname="FileSink_Rotation_TriggersWhenFileSizeExceeded" classname="IrsikSoftware.LogSmith.Tests.PlayMode.FileSinkIntegrationTests" runstate="Runnable" seed="1374909064" result="Failed" start-time="2025-10-17 17:52:43Z" end-time="2025-10-17 17:52:43Z" duration="0.806011" asserts="0">
                  <properties>
                    <property name="_JOINTYPE" value="UnityCombinatorial" />
                    <property name="retryIteration" value="0" />
                    <property name="repeatIteration" value="0" />
                  </properties>
                  <failure>
                    <message><![CDATA[  Should have multiple log files after rotation
  Expected: greater than 1
  But was:  1
]]></message>
                    <stack-trace><![CDATA[at IrsikSoftware.LogSmith.Tests.PlayMode.FileSinkIntegrationTests+<FileSink_Rotation_TriggersWhenFileSizeExceeded>d__10.MoveNext () [0x0014a] in .\Packages\com.irsiksoftware.logsmith\Tests\PlayMode\FileSinkIntegrationTests.cs:205
at UnityEngine.TestTools.TestEnumerator+<Execute>d__7.MoveNext () [0x0004e] in .\Library\PackageCache\com.unity.test-framework@038a2b0cacd2\UnityEngine.TestRunner\NUnitExtensions\Attributes\TestEnumerator.cs:44
]]></stack-trace>
                  </failure>
                </test-case>
                <test-case id="1036" name="FileSink_Write_CreatesFile" fullname="IrsikSoftware.LogSmith.Tests.PlayMode.FileSinkIntegrationTests.FileSink_Write_CreatesFile" methodname="FileSink_Write_CreatesFile" classname="IrsikSoftware.LogSmith.Tests.PlayMode.FileSinkIntegrationTests" runstate="Runnable" seed="232252377" result="Passed" start-time="2025-10-17 17:52:43Z" end-time="2025-10-17 17:52:43Z" duration="0.017285" asserts="0">
                  <properties>
                    <property name="_JOINTYPE" value="UnityCombinatorial" />
                    <property name="retryIteration" value="0" />
                    <property name="repeatIteration" value="0" />
                  </properties>
                </test-case>
                <test-case id="1039" name="FileSink_Write_JsonFormat_ProducesValidJson" fullname="IrsikSoftware.LogSmith.Tests.PlayMode.FileSinkIntegrationTests.FileSink_Write_JsonFormat_ProducesValidJson" methodname="FileSink_Write_JsonFormat_ProducesValidJson" classname="IrsikSoftware.LogSmith.Tests.PlayMode.FileSinkIntegrationTests" runstate="Runnable" seed="1502069472" result="Passed" start-time="2025-10-17 17:52:43Z" end-time="2025-10-17 17:52:43Z" duration="0.017980" asserts="0">
                  <properties>
                    <property name="_JOINTYPE" value="UnityCombinatorial" />
                    <property name="retryIteration" value="0" />
                    <property name="repeatIteration" value="0" />
                  </properties>
                </test-case>
                <test-case id="1037" name="FileSink_Write_MultipleMessages_AppendsToFile" fullname="IrsikSoftware.LogSmith.Tests.PlayMode.FileSinkIntegrationTests.FileSink_Write_MultipleMessages_AppendsToFile" methodname="FileSink_Write_MultipleMessages_AppendsToFile" classname="IrsikSoftware.LogSmith.Tests.PlayMode.FileSinkIntegrationTests" runstate="Runnable" seed="1119087421" result="Passed" start-time="2025-10-17 17:52:43Z" end-time="2025-10-17 17:52:43Z" duration="0.018677" asserts="0">
                  <properties>
                    <property name="_JOINTYPE" value="UnityCombinatorial" />
                    <property name="retryIteration" value="0" />
                    <property name="repeatIteration" value="0" />
                  </properties>
                </test-case>
                <test-case id="1038" name="FileSink_Write_TextFormat_ProducesReadableOutput" fullname="IrsikSoftware.LogSmith.Tests.PlayMode.FileSinkIntegrationTests.FileSink_Write_TextFormat_ProducesReadableOutput" methodname="FileSink_Write_TextFormat_ProducesReadableOutput" classname="IrsikSoftware.LogSmith.Tests.PlayMode.FileSinkIntegrationTests" runstate="Runnable" seed="1095585002" result="Failed" start-time="2025-10-17 17:52:43Z" end-time="2025-10-17 17:52:43Z" duration="0.018255" asserts="0">
                  <properties>
                    <property name="_JOINTYPE" value="UnityCombinatorial" />
                    <property name="retryIteration" value="0" />
                    <property name="repeatIteration" value="0" />
                  </properties>
                  <failure>
                    <message><![CDATA[  Expected: True
  But was:  False
]]></message>
                    <stack-trace><![CDATA[at IrsikSoftware.LogSmith.Tests.PlayMode.FileSinkIntegrationTests+<FileSink_Write_TextFormat_ProducesReadableOutput>d__8.MoveNext () [0x000fe] in .\Packages\com.irsiksoftware.logsmith\Tests\PlayMode\FileSinkIntegrationTests.cs:144
at UnityEngine.TestTools.TestEnumerator+<Execute>d__7.MoveNext () [0x0004e] in .\Library\PackageCache\com.unity.test-framework@038a2b0cacd2\UnityEngine.TestRunner\NUnitExtensions\Attributes\TestEnumerator.cs:44
]]></stack-trace>
                  </failure>
                </test-case>
              </test-suite>
              <test-suite type="TestFixture" id="1050" name="HDRPAdapterTests" fullname="IrsikSoftware.LogSmith.Tests.PlayMode.HDRPAdapterTests" classname="IrsikSoftware.LogSmith.Tests.PlayMode.HDRPAdapterTests" runstate="Runnable" testcasecount="9" result="Passed" start-time="2025-10-17 17:52:43Z" end-time="2025-10-17 17:52:43Z" duration="0.008169" total="9" passed="9" failed="0" inconclusive="0" skipped="0" asserts="0">
                <properties />
                <test-case id="1059" name="Cleanup_RemovesRenderer" fullname="IrsikSoftware.LogSmith.Tests.PlayMode.HDRPAdapterTests.Cleanup_RemovesRenderer" methodname="Cleanup_RemovesRenderer" classname="IrsikSoftware.LogSmith.Tests.PlayMode.HDRPAdapterTests" runstate="Runnable" seed="2084985563" result="Passed" start-time="2025-10-17 17:52:43Z" end-time="2025-10-17 17:52:43Z" duration="0.000571" asserts="0">
                  <properties>
                    <property name="retryIteration" value="0" />
                    <property name="repeatIteration" value="0" />
                  </properties>
                  <reason>
                    <message><![CDATA[HDRP not available, skipping test]]></message>
                  </reason>
                </test-case>
                <test-case id="1052" name="Initialize_CreatesVisualDebugRenderer_WhenHDRPAvailable" fullname="IrsikSoftware.LogSmith.Tests.PlayMode.HDRPAdapterTests.Initialize_CreatesVisualDebugRenderer_WhenHDRPAvailable" methodname="Initialize_CreatesVisualDebugRenderer_WhenHDRPAvailable" classname="IrsikSoftware.LogSmith.Tests.PlayMode.HDRPAdapterTests" runstate="Runnable" seed="548069727" result="Passed" start-time="2025-10-17 17:52:43Z" end-time="2025-10-17 17:52:43Z" duration="0.000600" asserts="0">
                  <properties>
                    <property name="retryIteration" value="0" />
                    <property name="repeatIteration" value="0" />
                  </properties>
                  <output><![CDATA[[HDRPAdapter] HDRP is not available in this project
]]></output>
                </test-case>
                <test-case id="1054" name="Initialize_DisablesRendererByDefault" fullname="IrsikSoftware.LogSmith.Tests.PlayMode.HDRPAdapterTests.Initialize_DisablesRendererByDefault" methodname="Initialize_DisablesRendererByDefault" classname="IrsikSoftware.LogSmith.Tests.PlayMode.HDRPAdapterTests" runstate="Runnable" seed="2013162800" result="Passed" start-time="2025-10-17 17:52:43Z" end-time="2025-10-17 17:52:43Z" duration="0.000191" asserts="0">
                  <properties>
                    <property name="retryIteration" value="0" />
                    <property name="repeatIteration" value="0" />
                  </properties>
                  <reason>
                    <message><![CDATA[HDRP not available, skipping test]]></message>
                  </reason>
                </test-case>
                <test-case id="1053" name="Initialize_EnablesRendererWhenRequested" fullname="IrsikSoftware.LogSmith.Tests.PlayMode.HDRPAdapterTests.Initialize_EnablesRendererWhenRequested" methodname="Initialize_EnablesRendererWhenRequested" classname="IrsikSoftware.LogSmith.Tests.PlayMode.HDRPAdapterTests" runstate="Runnable" seed="462386097" result="Passed" start-time="2025-10-17 17:52:43Z" end-time="2025-10-17 17:52:43Z" duration="0.000183" asserts="0">
                  <properties>
                    <property name="retryIteration" value="0" />
                    <property name="repeatIteration" value="0" />
                  </properties>
                  <reason>
                    <message><![CDATA[HDRP not available, skipping test]]></message>
                  </reason>
                </test-case>
                <test-case id="1051" name="IsAvailable_ReturnsExpectedValue" fullname="IrsikSoftware.LogSmith.Tests.PlayMode.HDRPAdapterTests.IsAvailable_ReturnsExpectedValue" methodname="IsAvailable_ReturnsExpectedValue" classname="IrsikSoftware.LogSmith.Tests.PlayMode.HDRPAdapterTests" runstate="Runnable" seed="702345090" result="Passed" start-time="2025-10-17 17:52:43Z" end-time="2025-10-17 17:52:43Z" duration="0.000142" asserts="0">
                  <properties>
                    <property name="retryIteration" value="0" />
                    <property name="repeatIteration" value="0" />
                  </properties>
                </test-case>
                <test-case id="1057" name="VisualDebugRenderer_CanClear_WhenHDRPAvailable" fullname="IrsikSoftware.LogSmith.Tests.PlayMode.HDRPAdapterTests.VisualDebugRenderer_CanClear_WhenHDRPAvailable" methodname="VisualDebugRenderer_CanClear_WhenHDRPAvailable" classname="IrsikSoftware.LogSmith.Tests.PlayMode.HDRPAdapterTests" runstate="Runnable" seed="958859293" result="Passed" start-time="2025-10-17 17:52:43Z" end-time="2025-10-17 17:52:43Z" duration="0.000182" asserts="0">
                  <properties>
                    <property name="retryIteration" value="0" />
                    <property name="repeatIteration" value="0" />
                  </properties>
                  <reason>
                    <message><![CDATA[HDRP not available, skipping test]]></message>
                  </reason>
                </test-case>
                <test-case id="1055" name="VisualDebugRenderer_CanDrawLine_WhenHDRPAvailable" fullname="IrsikSoftware.LogSmith.Tests.PlayMode.HDRPAdapterTests.VisualDebugRenderer_CanDrawLine_WhenHDRPAvailable" methodname="VisualDebugRenderer_CanDrawLine_WhenHDRPAvailable" classname="IrsikSoftware.LogSmith.Tests.PlayMode.HDRPAdapterTests" runstate="Runnable" seed="461822114" result="Passed" start-time="2025-10-17 17:52:43Z" end-time="2025-10-17 17:52:43Z" duration="0.000184" asserts="0">
                  <properties>
                    <property name="retryIteration" value="0" />
                    <property name="repeatIteration" value="0" />
                  </properties>
                  <reason>
                    <message><![CDATA[HDRP not available, skipping test]]></message>
                  </reason>
                </test-case>
                <test-case id="1056" name="VisualDebugRenderer_CanDrawQuad_WhenHDRPAvailable" fullname="IrsikSoftware.LogSmith.Tests.PlayMode.HDRPAdapterTests.VisualDebugRenderer_CanDrawQuad_WhenHDRPAvailable" methodname="VisualDebugRenderer_CanDrawQuad_WhenHDRPAvailable" classname="IrsikSoftware.LogSmith.Tests.PlayMode.HDRPAdapterTests" runstate="Runnable" seed="1091576024" result="Passed" start-time="2025-10-17 17:52:43Z" end-time="2025-10-17 17:52:43Z" duration="0.000219" asserts="0">
                  <properties>
                    <property name="retryIteration" value="0" />
                    <property name="repeatIteration" value="0" />
                  </properties>
                  <reason>
                    <message><![CDATA[HDRP not available, skipping test]]></message>
                  </reason>
                </test-case>
                <test-case id="1058" name="VisualDebugRenderer_CanToggleEnabled_WhenHDRPAvailable" fullname="IrsikSoftware.LogSmith.Tests.PlayMode.HDRPAdapterTests.VisualDebugRenderer_CanToggleEnabled_WhenHDRPAvailable" methodname="VisualDebugRenderer_CanToggleEnabled_WhenHDRPAvailable" classname="IrsikSoftware.LogSmith.Tests.PlayMode.HDRPAdapterTests" runstate="Runnable" seed="462876839" result="Passed" start-time="2025-10-17 17:52:43Z" end-time="2025-10-17 17:52:43Z" duration="0.000182" asserts="0">
                  <properties>
                    <property name="retryIteration" value="0" />
                    <property name="repeatIteration" value="0" />
                  </properties>
                  <reason>
                    <message><![CDATA[HDRP not available, skipping test]]></message>
                  </reason>
                </test-case>
              </test-suite>
              <test-suite type="TestFixture" id="1060" name="JsonSchemaSnapshotTests" fullname="IrsikSoftware.LogSmith.Tests.PlayMode.JsonSchemaSnapshotTests" classname="IrsikSoftware.LogSmith.Tests.PlayMode.JsonSchemaSnapshotTests" runstate="Runnable" testcasecount="16" result="Passed" start-time="2025-10-17 17:52:43Z" end-time="2025-10-17 17:52:44Z" duration="0.199398" total="16" passed="16" failed="0" inconclusive="0" skipped="0" asserts="0">
                <properties />
                <test-case id="1074" name="JsonOutput_ContainsCallerInfo" fullname="IrsikSoftware.LogSmith.Tests.PlayMode.JsonSchemaSnapshotTests.JsonOutput_ContainsCallerInfo" methodname="JsonOutput_ContainsCallerInfo" classname="IrsikSoftware.LogSmith.Tests.PlayMode.JsonSchemaSnapshotTests" runstate="Runnable" seed="802278321" result="Passed" start-time="2025-10-17 17:52:43Z" end-time="2025-10-17 17:52:43Z" duration="0.011741" asserts="0">
                  <properties>
                    <property name="_JOINTYPE" value="UnityCombinatorial" />
                    <property name="retryIteration" value="0" />
                    <property name="repeatIteration" value="0" />
                  </properties>
                </test-case>
                <test-case id="1073" name="JsonOutput_ContainsFrameInfo" fullname="IrsikSoftware.LogSmith.Tests.PlayMode.JsonSchemaSnapshotTests.JsonOutput_ContainsFrameInfo" methodname="JsonOutput_ContainsFrameInfo" classname="IrsikSoftware.LogSmith.Tests.PlayMode.JsonSchemaSnapshotTests" runstate="Runnable" seed="1683326941" result="Passed" start-time="2025-10-17 17:52:43Z" end-time="2025-10-17 17:52:43Z" duration="0.011363" asserts="0">
                  <properties>
                    <property name="_JOINTYPE" value="UnityCombinatorial" />
                    <property name="retryIteration" value="0" />
                    <property name="repeatIteration" value="0" />
                  </properties>
                </test-case>
                <test-case id="1061" name="JsonOutput_ContainsRequiredFields" fullname="IrsikSoftware.LogSmith.Tests.PlayMode.JsonSchemaSnapshotTests.JsonOutput_ContainsRequiredFields" methodname="JsonOutput_ContainsRequiredFields" classname="IrsikSoftware.LogSmith.Tests.PlayMode.JsonSchemaSnapshotTests" runstate="Runnable" seed="1677251079" result="Passed" start-time="2025-10-17 17:52:43Z" end-time="2025-10-17 17:52:43Z" duration="0.011296" asserts="0">
                  <properties>
                    <property name="_JOINTYPE" value="UnityCombinatorial" />
                    <property name="retryIteration" value="0" />
                    <property name="repeatIteration" value="0" />
                  </properties>
                </test-case>
                <test-case id="1072" name="JsonOutput_ContainsThreadInfo" fullname="IrsikSoftware.LogSmith.Tests.PlayMode.JsonSchemaSnapshotTests.JsonOutput_ContainsThreadInfo" methodname="JsonOutput_ContainsThreadInfo" classname="IrsikSoftware.LogSmith.Tests.PlayMode.JsonSchemaSnapshotTests" runstate="Runnable" seed="2060828864" result="Passed" start-time="2025-10-17 17:52:43Z" end-time="2025-10-17 17:52:43Z" duration="0.011743" asserts="0">
                  <properties>
                    <property name="_JOINTYPE" value="UnityCombinatorial" />
                    <property name="retryIteration" value="0" />
                    <property name="repeatIteration" value="0" />
                  </properties>
                </test-case>
                <test-case id="1067" name="JsonOutput_EmptyContext_ValidStructure" fullname="IrsikSoftware.LogSmith.Tests.PlayMode.JsonSchemaSnapshotTests.JsonOutput_EmptyContext_ValidStructure" methodname="JsonOutput_EmptyContext_ValidStructure" classname="IrsikSoftware.LogSmith.Tests.PlayMode.JsonSchemaSnapshotTests" runstate="Runnable" seed="158241727" result="Passed" start-time="2025-10-17 17:52:43Z" end-time="2025-10-17 17:52:43Z" duration="0.015032" asserts="0">
                  <properties>
                    <property name="_JOINTYPE" value="UnityCombinatorial" />
                    <property name="retryIteration" value="0" />
                    <property name="repeatIteration" value="0" />
                  </properties>
                </test-case>
                <test-case id="1064" name="JsonOutput_LevelField_CorrectValues" fullname="IrsikSoftware.LogSmith.Tests.PlayMode.JsonSchemaSnapshotTests.JsonOutput_LevelField_CorrectValues" methodname="JsonOutput_LevelField_CorrectValues" classname="IrsikSoftware.LogSmith.Tests.PlayMode.JsonSchemaSnapshotTests" runstate="Runnable" seed="1089043904" result="Passed" start-time="2025-10-17 17:52:43Z" end-time="2025-10-17 17:52:43Z" duration="0.013165" asserts="0">
                  <properties>
                    <property name="_JOINTYPE" value="UnityCombinatorial" />
                    <property name="retryIteration" value="0" />
                    <property name="repeatIteration" value="0" />
                  </properties>
                </test-case>
                <test-case id="1069" name="JsonOutput_NewlineCharacters_ProperlyEscaped" fullname="IrsikSoftware.LogSmith.Tests.PlayMode.JsonSchemaSnapshotTests.JsonOutput_NewlineCharacters_ProperlyEscaped" methodname="JsonOutput_NewlineCharacters_ProperlyEscaped" classname="IrsikSoftware.LogSmith.Tests.PlayMode.JsonSchemaSnapshotTests" runstate="Runnable" seed="1018082861" result="Passed" start-time="2025-10-17 17:52:43Z" end-time="2025-10-17 17:52:43Z" duration="0.011076" asserts="0">
                  <properties>
                    <property name="_JOINTYPE" value="UnityCombinatorial" />
                    <property name="retryIteration" value="0" />
                    <property name="repeatIteration" value="0" />
                  </properties>
                </test-case>
                <test-case id="1075" name="JsonOutput_SchemaStability_AllLogLevels" fullname="IrsikSoftware.LogSmith.Tests.PlayMode.JsonSchemaSnapshotTests.JsonOutput_SchemaStability_AllLogLevels" methodname="JsonOutput_SchemaStability_AllLogLevels" classname="IrsikSoftware.LogSmith.Tests.PlayMode.JsonSchemaSnapshotTests" runstate="Runnable" seed="1580952763" result="Passed" start-time="2025-10-17 17:52:43Z" end-time="2025-10-17 17:52:44Z" duration="0.011223" asserts="0">
                  <properties>
                    <property name="_JOINTYPE" value="UnityCombinatorial" />
                    <property name="retryIteration" value="0" />
                    <property name="repeatIteration" value="0" />
                  </properties>
                </test-case>
                <test-case id="1076" name="JsonOutput_SchemaStability_DifferentCategories" fullname="IrsikSoftware.LogSmith.Tests.PlayMode.JsonSchemaSnapshotTests.JsonOutput_SchemaStability_DifferentCategories" methodname="JsonOutput_SchemaStability_DifferentCategories" classname="IrsikSoftware.LogSmith.Tests.PlayMode.JsonSchemaSnapshotTests" runstate="Runnable" seed="699542837" result="Passed" start-time="2025-10-17 17:52:44Z" end-time="2025-10-17 17:52:44Z" duration="0.011364" asserts="0">
                  <properties>
                    <property name="_JOINTYPE" value="UnityCombinatorial" />
                    <property name="retryIteration" value="0" />
                    <property name="repeatIteration" value="0" />
                  </properties>
                </test-case>
                <test-case id="1070" name="JsonOutput_Snapshot_BasicMessage" fullname="IrsikSoftware.LogSmith.Tests.PlayMode.JsonSchemaSnapshotTests.JsonOutput_Snapshot_BasicMessage" methodname="JsonOutput_Snapshot_BasicMessage" classname="IrsikSoftware.LogSmith.Tests.PlayMode.JsonSchemaSnapshotTests" runstate="Runnable" seed="987326963" result="Passed" start-time="2025-10-17 17:52:44Z" end-time="2025-10-17 17:52:44Z" duration="0.011773" asserts="0">
                  <properties>
                    <property name="_JOINTYPE" value="UnityCombinatorial" />
                    <property name="retryIteration" value="0" />
                    <property name="repeatIteration" value="0" />
                  </properties>
                </test-case>
                <test-case id="1071" name="JsonOutput_Snapshot_WithContext" fullname="IrsikSoftware.LogSmith.Tests.PlayMode.JsonSchemaSnapshotTests.JsonOutput_Snapshot_WithContext" methodname="JsonOutput_Snapshot_WithContext" classname="IrsikSoftware.LogSmith.Tests.PlayMode.JsonSchemaSnapshotTests" runstate="Runnable" seed="406723830" result="Passed" start-time="2025-10-17 17:52:44Z" end-time="2025-10-17 17:52:44Z" duration="0.011378" asserts="0">
                  <properties>
                    <property name="_JOINTYPE" value="UnityCombinatorial" />
                    <property name="retryIteration" value="0" />
                    <property name="repeatIteration" value="0" />
                  </properties>
                </test-case>
                <test-case id="1068" name="JsonOutput_SpecialCharacters_ProperlyEscaped" fullname="IrsikSoftware.LogSmith.Tests.PlayMode.JsonSchemaSnapshotTests.JsonOutput_SpecialCharacters_ProperlyEscaped" methodname="JsonOutput_SpecialCharacters_ProperlyEscaped" classname="IrsikSoftware.LogSmith.Tests.PlayMode.JsonSchemaSnapshotTests" runstate="Runnable" seed="1429438150" result="Passed" start-time="2025-10-17 17:52:44Z" end-time="2025-10-17 17:52:44Z" duration="0.011168" asserts="0">
                  <properties>
                    <property name="_JOINTYPE" value="UnityCombinatorial" />
                    <property name="retryIteration" value="0" />
                    <property name="repeatIteration" value="0" />
                  </properties>
                </test-case>
                <test-case id="1063" name="JsonOutput_TimestampFormat_ISO8601" fullname="IrsikSoftware.LogSmith.Tests.PlayMode.JsonSchemaSnapshotTests.JsonOutput_TimestampFormat_ISO8601" methodname="JsonOutput_TimestampFormat_ISO8601" classname="IrsikSoftware.LogSmith.Tests.PlayMode.JsonSchemaSnapshotTests" runstate="Runnable" seed="960635370" result="Passed" start-time="2025-10-17 17:52:44Z" end-time="2025-10-17 17:52:44Z" duration="0.015075" asserts="0">
                  <properties>
                    <property name="_JOINTYPE" value="UnityCombinatorial" />
                    <property name="retryIteration" value="0" />
                    <property name="repeatIteration" value="0" />
                  </properties>
                </test-case>
                <test-case id="1062" name="JsonOutput_ValidJsonStructure" fullname="IrsikSoftware.LogSmith.Tests.PlayMode.JsonSchemaSnapshotTests.JsonOutput_ValidJsonStructure" methodname="JsonOutput_ValidJsonStructure" classname="IrsikSoftware.LogSmith.Tests.PlayMode.JsonSchemaSnapshotTests" runstate="Runnable" seed="511423132" result="Passed" start-time="2025-10-17 17:52:44Z" end-time="2025-10-17 17:52:44Z" duration="0.011343" asserts="0">
                  <properties>
                    <property name="_JOINTYPE" value="UnityCombinatorial" />
                    <property name="retryIteration" value="0" />
                    <property name="repeatIteration" value="0" />
                  </properties>
                </test-case>
                <test-case id="1065" name="JsonOutput_WithContext_IncludesContextObject" fullname="IrsikSoftware.LogSmith.Tests.PlayMode.JsonSchemaSnapshotTests.JsonOutput_WithContext_IncludesContextObject" methodname="JsonOutput_WithContext_IncludesContextObject" classname="IrsikSoftware.LogSmith.Tests.PlayMode.JsonSchemaSnapshotTests" runstate="Runnable" seed="899073339" result="Passed" start-time="2025-10-17 17:52:44Z" end-time="2025-10-17 17:52:44Z" duration="0.011413" asserts="0">
                  <properties>
                    <property name="_JOINTYPE" value="UnityCombinatorial" />
                    <property name="retryIteration" value="0" />
                    <property name="repeatIteration" value="0" />
                  </properties>
                </test-case>
                <test-case id="1066" name="JsonOutput_WithoutContext_ValidStructure" fullname="IrsikSoftware.LogSmith.Tests.PlayMode.JsonSchemaSnapshotTests.JsonOutput_WithoutContext_ValidStructure" methodname="JsonOutput_WithoutContext_ValidStructure" classname="IrsikSoftware.LogSmith.Tests.PlayMode.JsonSchemaSnapshotTests" runstate="Runnable" seed="1894156494" result="Passed" start-time="2025-10-17 17:52:44Z" end-time="2025-10-17 17:52:44Z" duration="0.011333" asserts="0">
                  <properties>
                    <property name="_JOINTYPE" value="UnityCombinatorial" />
                    <property name="retryIteration" value="0" />
                    <property name="repeatIteration" value="0" />
                  </properties>
                </test-case>
              </test-suite>
              <test-suite type="TestFixture" id="1077" name="LogRouterPlayModePerformanceTests" fullname="IrsikSoftware.LogSmith.Tests.PlayMode.LogRouterPlayModePerformanceTests" classname="IrsikSoftware.LogSmith.Tests.PlayMode.LogRouterPlayModePerformanceTests" runstate="Runnable" testcasecount="5" result="Failed" site="Child" start-time="2025-10-17 17:52:44Z" end-time="2025-10-17 17:52:44Z" duration="0.097264" total="5" passed="4" failed="1" inconclusive="0" skipped="0" asserts="0">
                <properties />
                <failure>
                  <message><![CDATA[One or more child tests had errors]]></message>
                </failure>
                <test-case id="1082" name="RuntimeRouting_AcrossMultipleFrames_SustainedPerformance" fullname="IrsikSoftware.LogSmith.Tests.PlayMode.LogRouterPlayModePerformanceTests.RuntimeRouting_AcrossMultipleFrames_SustainedPerformance" methodname="RuntimeRouting_AcrossMultipleFrames_SustainedPerformance" classname="IrsikSoftware.LogSmith.Tests.PlayMode.LogRouterPlayModePerformanceTests" runstate="Runnable" seed="5511481" result="Passed" start-time="2025-10-17 17:52:44Z" end-time="2025-10-17 17:52:44Z" duration="0.044433" asserts="0">
                  <properties>
                    <property name="_JOINTYPE" value="UnityCombinatorial" />
                    <property name="retryIteration" value="0" />
                    <property name="repeatIteration" value="0" />
                  </properties>
                  <output><![CDATA[[PERF][PlayMode] Sustained performance: 0.030ms average over 10 frames
]]></output>
                </test-case>
                <test-case id="1079" name="RuntimeRouting_HighThroughput_MaintainsFrameBudget" fullname="IrsikSoftware.LogSmith.Tests.PlayMode.LogRouterPlayModePerformanceTests.RuntimeRouting_HighThroughput_MaintainsFrameBudget" methodname="RuntimeRouting_HighThroughput_MaintainsFrameBudget" classname="IrsikSoftware.LogSmith.Tests.PlayMode.LogRouterPlayModePerformanceTests" runstate="Runnable" seed="1496745103" result="Failed" start-time="2025-10-17 17:52:44Z" end-time="2025-10-17 17:52:44Z" duration="0.012570" asserts="0">
                  <properties>
                    <property name="_JOINTYPE" value="UnityCombinatorial" />
                    <property name="retryIteration" value="0" />
                    <property name="repeatIteration" value="0" />
                  </properties>
                  <failure>
                    <message><![CDATA[  PlayMode high throughput took 0.22ms, expected < 0.2ms/frame
  Expected: less than 0.20000000000000001d
  But was:  0.2152d
]]></message>
                    <stack-trace><![CDATA[at IrsikSoftware.LogSmith.Tests.PlayMode.LogRouterPlayModePerformanceTests+<RuntimeRouting_HighThroughput_MaintainsFrameBudget>d__7.MoveNext () [0x000af] in .\Packages\com.irsiksoftware.logsmith\Tests\PlayMode\LogRouterPlayModePerformanceTests.cs:105
at UnityEngine.TestTools.TestEnumerator+<Execute>d__7.MoveNext () [0x0004e] in .\Library\PackageCache\com.unity.test-framework@038a2b0cacd2\UnityEngine.TestRunner\NUnitExtensions\Attributes\TestEnumerator.cs:44
]]></stack-trace>
                  </failure>
                </test-case>
                <test-case id="1080" name="RuntimeRouting_MultipleSinks_MeetsPerformanceTarget" fullname="IrsikSoftware.LogSmith.Tests.PlayMode.LogRouterPlayModePerformanceTests.RuntimeRouting_MultipleSinks_MeetsPerformanceTarget" methodname="RuntimeRouting_MultipleSinks_MeetsPerformanceTarget" classname="IrsikSoftware.LogSmith.Tests.PlayMode.LogRouterPlayModePerformanceTests" runstate="Runnable" seed="1654605216" result="Passed" start-time="2025-10-17 17:52:44Z" end-time="2025-10-17 17:52:44Z" duration="0.012062" asserts="0">
                  <properties>
                    <property name="_JOINTYPE" value="UnityCombinatorial" />
                    <property name="retryIteration" value="0" />
                    <property name="repeatIteration" value="0" />
                  </properties>
                  <output><![CDATA[[PERF][PlayMode] Multi sink routing (3 sinks): 0.26s average
]]></output>
                </test-case>
                <test-case id="1078" name="RuntimeRouting_SingleSink_CompletesUnder200Microseconds" fullname="IrsikSoftware.LogSmith.Tests.PlayMode.LogRouterPlayModePerformanceTests.RuntimeRouting_SingleSink_CompletesUnder200Microseconds" methodname="RuntimeRouting_SingleSink_CompletesUnder200Microseconds" classname="IrsikSoftware.LogSmith.Tests.PlayMode.LogRouterPlayModePerformanceTests" runstate="Runnable" seed="1195565150" result="Passed" start-time="2025-10-17 17:52:44Z" end-time="2025-10-17 17:52:44Z" duration="0.011848" asserts="0">
                  <properties>
                    <property name="_JOINTYPE" value="UnityCombinatorial" />
                    <property name="retryIteration" value="0" />
                    <property name="repeatIteration" value="0" />
                  </properties>
                  <output><![CDATA[[PERF][PlayMode] Single sink routing: 0.19s average (1000 iterations)
]]></output>
                </test-case>
                <test-case id="1081" name="RuntimeRouting_WithFiltering_FastRejection" fullname="IrsikSoftware.LogSmith.Tests.PlayMode.LogRouterPlayModePerformanceTests.RuntimeRouting_WithFiltering_FastRejection" methodname="RuntimeRouting_WithFiltering_FastRejection" classname="IrsikSoftware.LogSmith.Tests.PlayMode.LogRouterPlayModePerformanceTests" runstate="Runnable" seed="621693706" result="Passed" start-time="2025-10-17 17:52:44Z" end-time="2025-10-17 17:52:44Z" duration="0.011522" asserts="0">
                  <properties>
                    <property name="_JOINTYPE" value="UnityCombinatorial" />
                    <property name="retryIteration" value="0" />
                    <property name="repeatIteration" value="0" />
                  </properties>
                  <output><![CDATA[[PERF][PlayMode] Filtered routing: 0.11s average
]]></output>
                </test-case>
              </test-suite>
              <test-suite type="TestFixture" id="1083" name="RenderPipelineAdapterServiceTests" fullname="IrsikSoftware.LogSmith.Tests.PlayMode.RenderPipelineAdapterServiceTests" classname="IrsikSoftware.LogSmith.Tests.PlayMode.RenderPipelineAdapterServiceTests" runstate="Runnable" testcasecount="9" result="Failed" site="Child" start-time="2025-10-17 17:52:44Z" end-time="2025-10-17 17:52:44Z" duration="0.013130" total="9" passed="8" failed="1" inconclusive="0" skipped="0" asserts="0">
                <properties />
                <failure>
                  <message><![CDATA[One or more child tests had errors]]></message>
                </failure>
                <test-case id="1087" name="Cleanup_RemovesActiveRenderer" fullname="IrsikSoftware.LogSmith.Tests.PlayMode.RenderPipelineAdapterServiceTests.Cleanup_RemovesActiveRenderer" methodname="Cleanup_RemovesActiveRenderer" classname="IrsikSoftware.LogSmith.Tests.PlayMode.RenderPipelineAdapterServiceTests" runstate="Runnable" seed="1384870192" result="Passed" start-time="2025-10-17 17:52:44Z" end-time="2025-10-17 17:52:44Z" duration="0.001702" asserts="0">
                  <properties>
                    <property name="retryIteration" value="0" />
                    <property name="repeatIteration" value="0" />
                  </properties>
                  <output><![CDATA[[RenderPipelineAdapterService] Built-in Render Pipeline detected but adapter not available
[RenderPipelineAdapterService] No adapter available for Built-in Render Pipeline, using No-Op fallback
]]></output>
                </test-case>
                <test-case id="1090" name="DetectedPipeline_MatchesCurrentProject" fullname="IrsikSoftware.LogSmith.Tests.PlayMode.RenderPipelineAdapterServiceTests.DetectedPipeline_MatchesCurrentProject" methodname="DetectedPipeline_MatchesCurrentProject" classname="IrsikSoftware.LogSmith.Tests.PlayMode.RenderPipelineAdapterServiceTests" runstate="Runnable" seed="992198279" result="Passed" start-time="2025-10-17 17:52:44Z" end-time="2025-10-17 17:52:44Z" duration="0.001046" asserts="0">
                  <properties>
                    <property name="retryIteration" value="0" />
                    <property name="repeatIteration" value="0" />
                  </properties>
                  <output><![CDATA[[RenderPipelineAdapterService] Built-in Render Pipeline detected but adapter not available
[RenderPipelineAdapterService] No adapter available for Built-in Render Pipeline, using No-Op fallback
]]></output>
                </test-case>
                <test-case id="1085" name="Initialize_ActivatesAdapter_WhenAvailable" fullname="IrsikSoftware.LogSmith.Tests.PlayMode.RenderPipelineAdapterServiceTests.Initialize_ActivatesAdapter_WhenAvailable" methodname="Initialize_ActivatesAdapter_WhenAvailable" classname="IrsikSoftware.LogSmith.Tests.PlayMode.RenderPipelineAdapterServiceTests" runstate="Runnable" seed="1579974155" result="Failed" start-time="2025-10-17 17:52:44Z" end-time="2025-10-17 17:52:44Z" duration="0.000946" asserts="0">
                  <properties>
                    <property name="retryIteration" value="0" />
                    <property name="repeatIteration" value="0" />
                  </properties>
                  <failure>
                    <message><![CDATA[  Expected: not null
  But was:  null
]]></message>
                    <stack-trace><![CDATA[at IrsikSoftware.LogSmith.Tests.PlayMode.RenderPipelineAdapterServiceTests.Initialize_ActivatesAdapter_WhenAvailable () [0x00029] in .\Packages\com.irsiksoftware.logsmith\Tests\PlayMode\RenderPipelineAdapterServiceTests.cs:53
]]></stack-trace>
                  </failure>
                  <output><![CDATA[[RenderPipelineAdapterService] Built-in Render Pipeline detected but adapter not available
[RenderPipelineAdapterService] No adapter available for Built-in Render Pipeline, using No-Op fallback
]]></output>
                </test-case>
                <test-case id="1084" name="Initialize_DetectsPipeline" fullname="IrsikSoftware.LogSmith.Tests.PlayMode.RenderPipelineAdapterServiceTests.Initialize_DetectsPipeline" methodname="Initialize_DetectsPipeline" classname="IrsikSoftware.LogSmith.Tests.PlayMode.RenderPipelineAdapterServiceTests" runstate="Runnable" seed="2125875281" result="Passed" start-time="2025-10-17 17:52:44Z" end-time="2025-10-17 17:52:44Z" duration="0.001405" asserts="0">
                  <properties>
                    <property name="retryIteration" value="0" />
                    <property name="repeatIteration" value="0" />
                  </properties>
                  <output><![CDATA[[RenderPipelineAdapterService] Built-in Render Pipeline detected but adapter not available
[RenderPipelineAdapterService] No adapter available for Built-in Render Pipeline, using No-Op fallback
]]></output>
                </test-case>
                <test-case id="1086" name="Initialize_LogsInfoMessage" fullname="IrsikSoftware.LogSmith.Tests.PlayMode.RenderPipelineAdapterServiceTests.Initialize_LogsInfoMessage" methodname="Initialize_LogsInfoMessage" classname="IrsikSoftware.LogSmith.Tests.PlayMode.RenderPipelineAdapterServiceTests" runstate="Runnable" seed="1551072272" result="Passed" start-time="2025-10-17 17:52:44Z" end-time="2025-10-17 17:52:44Z" duration="0.000886" asserts="0">
                  <properties>
                    <property name="retryIteration" value="0" />
                    <property name="repeatIteration" value="0" />
                  </properties>
                  <output><![CDATA[[RenderPipelineAdapterService] Built-in Render Pipeline detected but adapter not available
[RenderPipelineAdapterService] No adapter available for Built-in Render Pipeline, using No-Op fallback
]]></output>
                </test-case>
                <test-case id="1089" name="Initialize_WithEnabledFalse_DisablesRenderer" fullname="IrsikSoftware.LogSmith.Tests.PlayMode.RenderPipelineAdapterServiceTests.Initialize_WithEnabledFalse_DisablesRenderer" methodname="Initialize_WithEnabledFalse_DisablesRenderer" classname="IrsikSoftware.LogSmith.Tests.PlayMode.RenderPipelineAdapterServiceTests" runstate="Runnable" seed="1951398687" result="Passed" start-time="2025-10-17 17:52:44Z" end-time="2025-10-17 17:52:44Z" duration="0.000754" asserts="0">
                  <properties>
                    <property name="retryIteration" value="0" />
                    <property name="repeatIteration" value="0" />
                  </properties>
                  <output><![CDATA[[RenderPipelineAdapterService] Built-in Render Pipeline detected but adapter not available
[RenderPipelineAdapterService] No adapter available for Built-in Render Pipeline, using No-Op fallback
]]></output>
                </test-case>
                <test-case id="1088" name="Initialize_WithEnabledTrue_EnablesRenderer" fullname="IrsikSoftware.LogSmith.Tests.PlayMode.RenderPipelineAdapterServiceTests.Initialize_WithEnabledTrue_EnablesRenderer" methodname="Initialize_WithEnabledTrue_EnablesRenderer" classname="IrsikSoftware.LogSmith.Tests.PlayMode.RenderPipelineAdapterServiceTests" runstate="Runnable" seed="410035519" result="Passed" start-time="2025-10-17 17:52:44Z" end-time="2025-10-17 17:52:44Z" duration="0.000743" asserts="0">
                  <properties>
                    <property name="retryIteration" value="0" />
                    <property name="repeatIteration" value="0" />
                  </properties>
                  <output><![CDATA[[RenderPipelineAdapterService] Built-in Render Pipeline detected but adapter not available
[RenderPipelineAdapterService] No adapter available for Built-in Render Pipeline, using No-Op fallback
]]></output>
                </test-case>
                <test-case id="1092" name="RenderPipelineDetector_DetectPipeline_DoesNotThrow" fullname="IrsikSoftware.LogSmith.Tests.PlayMode.RenderPipelineAdapterServiceTests.RenderPipelineDetector_DetectPipeline_DoesNotThrow" methodname="RenderPipelineDetector_DetectPipeline_DoesNotThrow" classname="IrsikSoftware.LogSmith.Tests.PlayMode.RenderPipelineAdapterServiceTests" runstate="Runnable" seed="1556912623" result="Passed" start-time="2025-10-17 17:52:44Z" end-time="2025-10-17 17:52:44Z" duration="0.000261" asserts="0">
                  <properties>
                    <property name="retryIteration" value="0" />
                    <property name="repeatIteration" value="0" />
                  </properties>
                </test-case>
                <test-case id="1091" name="RenderPipelineDetector_GetPipelineName_ReturnsValidNames" fullname="IrsikSoftware.LogSmith.Tests.PlayMode.RenderPipelineAdapterServiceTests.RenderPipelineDetector_GetPipelineName_ReturnsValidNames" methodname="RenderPipelineDetector_GetPipelineName_ReturnsValidNames" classname="IrsikSoftware.LogSmith.Tests.PlayMode.RenderPipelineAdapterServiceTests" runstate="Runnable" seed="990108483" result="Passed" start-time="2025-10-17 17:52:44Z" end-time="2025-10-17 17:52:44Z" duration="0.000137" asserts="0">
                  <properties>
                    <property name="retryIteration" value="0" />
                    <property name="repeatIteration" value="0" />
                  </properties>
                </test-case>
              </test-suite>
              <test-suite type="TestFixture" id="1093" name="ThreadSafetyStressTests" fullname="IrsikSoftware.LogSmith.Tests.PlayMode.ThreadSafetyStressTests" classname="IrsikSoftware.LogSmith.Tests.PlayMode.ThreadSafetyStressTests" runstate="Runnable" testcasecount="4" result="Passed" start-time="2025-10-17 17:52:44Z" end-time="2025-10-17 17:52:55Z" duration="10.840750" total="4" passed="4" failed="0" inconclusive="0" skipped="0" asserts="0">
                <properties />
                <test-case id="1096" name="BoundedQueue_DropsMessagesWhenFull" fullname="IrsikSoftware.LogSmith.Tests.PlayMode.ThreadSafetyStressTests.BoundedQueue_DropsMessagesWhenFull" methodname="BoundedQueue_DropsMessagesWhenFull" classname="IrsikSoftware.LogSmith.Tests.PlayMode.ThreadSafetyStressTests" runstate="Runnable" seed="457437240" result="Passed" start-time="2025-10-17 17:52:44Z" end-time="2025-10-17 17:52:54Z" duration="10.592983" asserts="0">
                  <properties>
                    <property name="_JOINTYPE" value="UnityCombinatorial" />
                    <property name="retryIteration" value="0" />
                    <property name="repeatIteration" value="0" />
                  </properties>
                </test-case>
                <test-case id="1097" name="ConcurrentSubscribeAndUnsubscribe_NoDataRaces" fullname="IrsikSoftware.LogSmith.Tests.PlayMode.ThreadSafetyStressTests.ConcurrentSubscribeAndUnsubscribe_NoDataRaces" methodname="ConcurrentSubscribeAndUnsubscribe_NoDataRaces" classname="IrsikSoftware.LogSmith.Tests.PlayMode.ThreadSafetyStressTests" runstate="Runnable" seed="1469105472" result="Passed" start-time="2025-10-17 17:52:54Z" end-time="2025-10-17 17:52:54Z" duration="0.182185" asserts="0">
                  <properties>
                    <property name="_JOINTYPE" value="UnityCombinatorial" />
                    <property name="retryIteration" value="0" />
                    <property name="repeatIteration" value="0" />
                  </properties>
                </test-case>
                <test-case id="1094" name="MultiThreadedLogging_NoDataRaces" fullname="IrsikSoftware.LogSmith.Tests.PlayMode.ThreadSafetyStressTests.MultiThreadedLogging_NoDataRaces" methodname="MultiThreadedLogging_NoDataRaces" classname="IrsikSoftware.LogSmith.Tests.PlayMode.ThreadSafetyStressTests" runstate="Runnable" seed="1437698794" result="Passed" start-time="2025-10-17 17:52:54Z" end-time="2025-10-17 17:52:55Z" duration="0.015199" asserts="0">
                  <properties>
                    <property name="_JOINTYPE" value="UnityCombinatorial" />
                    <property name="retryIteration" value="0" />
                    <property name="repeatIteration" value="0" />
                  </properties>
                </test-case>
                <test-case id="1095" name="SubscribersReceiveOnMainThread" fullname="IrsikSoftware.LogSmith.Tests.PlayMode.ThreadSafetyStressTests.SubscribersReceiveOnMainThread" methodname="SubscribersReceiveOnMainThread" classname="IrsikSoftware.LogSmith.Tests.PlayMode.ThreadSafetyStressTests" runstate="Runnable" seed="455200266" result="Passed" start-time="2025-10-17 17:52:55Z" end-time="2025-10-17 17:52:55Z" duration="0.045080" asserts="0">
                  <properties>
                    <property name="_JOINTYPE" value="UnityCombinatorial" />
                    <property name="retryIteration" value="0" />
                    <property name="repeatIteration" value="0" />
                  </properties>
                </test-case>
              </test-suite>
              <test-suite type="TestFixture" id="1098" name="URPAdapterTests" fullname="IrsikSoftware.LogSmith.Tests.PlayMode.URPAdapterTests" classname="IrsikSoftware.LogSmith.Tests.PlayMode.URPAdapterTests" runstate="Runnable" testcasecount="9" result="Failed" site="Child" start-time="2025-10-17 17:52:55Z" end-time="2025-10-17 17:52:55Z" duration="0.007981" total="9" passed="7" failed="2" inconclusive="0" skipped="0" asserts="0">
                <properties />
                <failure>
                  <message><![CDATA[One or more child tests had errors]]></message>
                </failure>
                <test-case id="1107" name="Cleanup_RemovesRenderer" fullname="IrsikSoftware.LogSmith.Tests.PlayMode.URPAdapterTests.Cleanup_RemovesRenderer" methodname="Cleanup_RemovesRenderer" classname="IrsikSoftware.LogSmith.Tests.PlayMode.URPAdapterTests" runstate="Runnable" seed="2036809548" result="Passed" start-time="2025-10-17 17:52:55Z" end-time="2025-10-17 17:52:55Z" duration="0.000460" asserts="0">
                  <properties>
                    <property name="retryIteration" value="0" />
                    <property name="repeatIteration" value="0" />
                  </properties>
                  <reason>
                    <message><![CDATA[URP not available, skipping test]]></message>
                  </reason>
                </test-case>
                <test-case id="1100" name="Initialize_CreatesVisualDebugRenderer_WhenURPAvailable" fullname="IrsikSoftware.LogSmith.Tests.PlayMode.URPAdapterTests.Initialize_CreatesVisualDebugRenderer_WhenURPAvailable" methodname="Initialize_CreatesVisualDebugRenderer_WhenURPAvailable" classname="IrsikSoftware.LogSmith.Tests.PlayMode.URPAdapterTests" runstate="Runnable" seed="1830168953" result="Failed" start-time="2025-10-17 17:52:55Z" end-time="2025-10-17 17:52:55Z" duration="0.000891" asserts="0">
                  <properties>
                    <property name="retryIteration" value="0" />
                    <property name="repeatIteration" value="0" />
                  </properties>
                  <failure>
                    <message><![CDATA[  Expected: null
  But was:  <IrsikSoftware.LogSmith.URP.URPOverlayRenderer>
]]></message>
                    <stack-trace><![CDATA[at IrsikSoftware.LogSmith.Tests.PlayMode.URPAdapterTests.Initialize_CreatesVisualDebugRenderer_WhenURPAvailable () [0x00014] in .\Packages\com.irsiksoftware.logsmith\Tests\PlayMode\URPAdapterTests.cs:53
]]></stack-trace>
                  </failure>
                  <output><![CDATA[[URPOverlayRenderer] Initialized. Make sure URPOverlayRendererFeature is added to your URP Renderer asset.
]]></output>
                </test-case>
                <test-case id="1102" name="Initialize_DisablesRendererByDefault" fullname="IrsikSoftware.LogSmith.Tests.PlayMode.URPAdapterTests.Initialize_DisablesRendererByDefault" methodname="Initialize_DisablesRendererByDefault" classname="IrsikSoftware.LogSmith.Tests.PlayMode.URPAdapterTests" runstate="Runnable" seed="1343557951" result="Passed" start-time="2025-10-17 17:52:55Z" end-time="2025-10-17 17:52:55Z" duration="0.000194" asserts="0">
                  <properties>
                    <property name="retryIteration" value="0" />
                    <property name="repeatIteration" value="0" />
                  </properties>
                  <reason>
                    <message><![CDATA[URP not available, skipping test]]></message>
                  </reason>
                </test-case>
                <test-case id="1101" name="Initialize_EnablesRendererWhenRequested" fullname="IrsikSoftware.LogSmith.Tests.PlayMode.URPAdapterTests.Initialize_EnablesRendererWhenRequested" methodname="Initialize_EnablesRendererWhenRequested" classname="IrsikSoftware.LogSmith.Tests.PlayMode.URPAdapterTests" runstate="Runnable" seed="1075144724" result="Passed" start-time="2025-10-17 17:52:55Z" end-time="2025-10-17 17:52:55Z" duration="0.000185" asserts="0">
                  <properties>
                    <property name="retryIteration" value="0" />
                    <property name="repeatIteration" value="0" />
                  </properties>
                  <reason>
                    <message><![CDATA[URP not available, skipping test]]></message>
                  </reason>
                </test-case>
                <test-case id="1099" name="IsAvailable_ReturnsExpectedValue" fullname="IrsikSoftware.LogSmith.Tests.PlayMode.URPAdapterTests.IsAvailable_ReturnsExpectedValue" methodname="IsAvailable_ReturnsExpectedValue" classname="IrsikSoftware.LogSmith.Tests.PlayMode.URPAdapterTests" runstate="Runnable" seed="1082536108" result="Failed" start-time="2025-10-17 17:52:55Z" end-time="2025-10-17 17:52:55Z" duration="0.000235" asserts="0">
                  <properties>
                    <property name="retryIteration" value="0" />
                    <property name="repeatIteration" value="0" />
                  </properties>
                  <failure>
                    <message><![CDATA[  Expected: False
  But was:  True
]]></message>
                    <stack-trace><![CDATA[at IrsikSoftware.LogSmith.Tests.PlayMode.URPAdapterTests.IsAvailable_ReturnsExpectedValue () [0x00001] in .\Packages\com.irsiksoftware.logsmith\Tests\PlayMode\URPAdapterTests.cs:41
]]></stack-trace>
                  </failure>
                </test-case>
                <test-case id="1105" name="VisualDebugRenderer_CanClear_WhenURPAvailable" fullname="IrsikSoftware.LogSmith.Tests.PlayMode.URPAdapterTests.VisualDebugRenderer_CanClear_WhenURPAvailable" methodname="VisualDebugRenderer_CanClear_WhenURPAvailable" classname="IrsikSoftware.LogSmith.Tests.PlayMode.URPAdapterTests" runstate="Runnable" seed="753828101" result="Passed" start-time="2025-10-17 17:52:55Z" end-time="2025-10-17 17:52:55Z" duration="0.000190" asserts="0">
                  <properties>
                    <property name="retryIteration" value="0" />
                    <property name="repeatIteration" value="0" />
                  </properties>
                  <reason>
                    <message><![CDATA[URP not available, skipping test]]></message>
                  </reason>
                </test-case>
                <test-case id="1103" name="VisualDebugRenderer_CanDrawLine_WhenURPAvailable" fullname="IrsikSoftware.LogSmith.Tests.PlayMode.URPAdapterTests.VisualDebugRenderer_CanDrawLine_WhenURPAvailable" methodname="VisualDebugRenderer_CanDrawLine_WhenURPAvailable" classname="IrsikSoftware.LogSmith.Tests.PlayMode.URPAdapterTests" runstate="Runnable" seed="1057109058" result="Passed" start-time="2025-10-17 17:52:55Z" end-time="2025-10-17 17:52:55Z" duration="0.000184" asserts="0">
                  <properties>
                    <property name="retryIteration" value="0" />
                    <property name="repeatIteration" value="0" />
                  </properties>
                  <reason>
                    <message><![CDATA[URP not available, skipping test]]></message>
                  </reason>
                </test-case>
                <test-case id="1104" name="VisualDebugRenderer_CanDrawQuad_WhenURPAvailable" fullname="IrsikSoftware.LogSmith.Tests.PlayMode.URPAdapterTests.VisualDebugRenderer_CanDrawQuad_WhenURPAvailable" methodname="VisualDebugRenderer_CanDrawQuad_WhenURPAvailable" classname="IrsikSoftware.LogSmith.Tests.PlayMode.URPAdapterTests" runstate="Runnable" seed="749531188" result="Passed" start-time="2025-10-17 17:52:55Z" end-time="2025-10-17 17:52:55Z" duration="0.000181" asserts="0">
                  <properties>
                    <property name="retryIteration" value="0" />
                    <property name="repeatIteration" value="0" />
                  </properties>
                  <reason>
                    <message><![CDATA[URP not available, skipping test]]></message>
                  </reason>
                </test-case>
                <test-case id="1106" name="VisualDebugRenderer_CanToggleEnabled_WhenURPAvailable" fullname="IrsikSoftware.LogSmith.Tests.PlayMode.URPAdapterTests.VisualDebugRenderer_CanToggleEnabled_WhenURPAvailable" methodname="VisualDebugRenderer_CanToggleEnabled_WhenURPAvailable" classname="IrsikSoftware.LogSmith.Tests.PlayMode.URPAdapterTests" runstate="Runnable" seed="480632202" result="Passed" start-time="2025-10-17 17:52:55Z" end-time="2025-10-17 17:52:55Z" duration="0.000188" asserts="0">
                  <properties>
                    <property name="retryIteration" value="0" />
                    <property name="repeatIteration" value="0" />
                  </properties>
                  <reason>
                    <message><![CDATA[URP not available, skipping test]]></message>
                  </reason>
                  <output><![CDATA[Saving results to: C:/Users/Ender/AppData/LocalLow/DefaultCompany/LogSmith\TestResults.xml
]]></output>
                </test-case>
              </test-suite>
            </test-suite>
          </test-suite>
        </test-suite>
      </test-suite>
    </test-suite>
  </test-suite>
</test-run>